TN:
SF:/home/giorgio/Documents/FuzzCademy/BootCamp/liquity/bold-fuzz/contracts/lib/Solady/src/utils/LibString.sol
DA:1,0
DA:13,0
DA:69,0
DA:76,0
DA:77,0
DA:78,0
DA:80,0
DA:81,0
DA:84,0
DA:85,0
DA:88,0
DA:89,0
DA:90,0
DA:92,0
DA:93,0
DA:94,0
DA:185,0
DA:186,0
DA:189,0
DA:190,0
DA:191,0
DA:192,0
DA:230,0
DA:236,0
DA:237,0
DA:238,0
DA:240,0
DA:241,0
DA:243,0
DA:246,0
DA:247,0
DA:248,0
DA:249,0
DA:250,0
DA:251,0
DA:263,0
DA:264,0
DA:267,0
DA:268,0
DA:269,0
DA:271,0
DA:272,0
DA:273,0
DA:274,0
DA:276,0
DA:277,0
DA:278,0
DA:284,0
DA:285,0
DA:297,0
DA:300,0
DA:305,0
DA:306,0
DA:308,0
DA:309,0
DA:310,0
DA:311,0
DA:312,0
DA:315,0
DA:316,0
DA:317,0
DA:318,0
DA:319,0
DA:320,0
DA:321,0
DA:739,0
DA:742,0
DA:746,0
DA:747,0
DA:748,0
DA:749,0
DA:750,0
DA:751,0
DA:752,0
DA:753,0
DA:754,0
DA:756,0
DA:757,0
DA:758,0
DA:759,0
DA:762,0
DA:763,0
end_of_record

SF:/home/giorgio/Documents/FuzzCademy/BootCamp/liquity/bold-fuzz/contracts/lib/Solady/src/utils/SSTORE2.sol
DA:10,0
DA:237,0
DA:244,0
DA:245,0
DA:246,0
DA:247,0
DA:248,0
DA:249,0
DA:250,0
DA:251,0
DA:253,0
DA:254,0
DA:255,0
end_of_record

SF:/home/giorgio/Documents/FuzzCademy/BootCamp/liquity/bold-fuzz/contracts/lib/chimera/src/Asserts.sol
end_of_record

SF:/home/giorgio/Documents/FuzzCademy/BootCamp/liquity/bold-fuzz/contracts/lib/chimera/src/BaseProperties.sol
end_of_record

SF:/home/giorgio/Documents/FuzzCademy/BootCamp/liquity/bold-fuzz/contracts/lib/chimera/src/BaseSetup.sol
end_of_record

SF:/home/giorgio/Documents/FuzzCademy/BootCamp/liquity/bold-fuzz/contracts/lib/chimera/src/BaseTargetFunctions.sol
end_of_record

SF:/home/giorgio/Documents/FuzzCademy/BootCamp/liquity/bold-fuzz/contracts/lib/chimera/src/CryticAsserts.sol
DA:6,17
DA:44,0
DA:45,0
DA:46,0
DA:47,0
end_of_record

SF:/home/giorgio/Documents/FuzzCademy/BootCamp/liquity/bold-fuzz/contracts/lib/chimera/src/FoundryAsserts.sol
DA:7,0
DA:28,0
DA:29,0
end_of_record

SF:/home/giorgio/Documents/FuzzCademy/BootCamp/liquity/bold-fuzz/contracts/lib/chimera/src/Hevm.sol
DA:54,10
end_of_record

SF:/home/giorgio/Documents/FuzzCademy/BootCamp/liquity/bold-fuzz/contracts/lib/forge-std/src/Base.sol
end_of_record

SF:/home/giorgio/Documents/FuzzCademy/BootCamp/liquity/bold-fuzz/contracts/lib/forge-std/src/StdAssertions.sol
DA:38,0
DA:39,0
DA:40,0
DA:42,0
DA:55,0
DA:56,0
end_of_record

SF:/home/giorgio/Documents/FuzzCademy/BootCamp/liquity/bold-fuzz/contracts/lib/forge-std/src/StdChains.sol
DA:66,0
end_of_record

SF:/home/giorgio/Documents/FuzzCademy/BootCamp/liquity/bold-fuzz/contracts/lib/forge-std/src/StdCheats.sol
end_of_record

SF:/home/giorgio/Documents/FuzzCademy/BootCamp/liquity/bold-fuzz/contracts/lib/forge-std/src/StdError.sol
DA:5,0
DA:6,0
DA:7,0
DA:8,0
DA:9,0
DA:10,0
DA:11,0
DA:12,0
DA:13,0
DA:14,0
end_of_record

SF:/home/giorgio/Documents/FuzzCademy/BootCamp/liquity/bold-fuzz/contracts/lib/forge-std/src/StdInvariant.sol
DA:83,0
DA:84,0
DA:87,0
DA:88,0
DA:91,0
DA:92,0
DA:95,0
DA:96,0
DA:99,0
DA:100,0
DA:103,0
DA:104,0
DA:107,0
DA:108,0
DA:111,0
DA:112,0
DA:115,0
DA:116,0
DA:119,0
DA:120,0
end_of_record

SF:/home/giorgio/Documents/FuzzCademy/BootCamp/liquity/bold-fuzz/contracts/lib/forge-std/src/StdJson.sol
DA:25,0
end_of_record

SF:/home/giorgio/Documents/FuzzCademy/BootCamp/liquity/bold-fuzz/contracts/lib/forge-std/src/StdMath.sol
DA:4,0
end_of_record

SF:/home/giorgio/Documents/FuzzCademy/BootCamp/liquity/bold-fuzz/contracts/lib/forge-std/src/StdStorage.sol
DA:24,0
DA:334,0
end_of_record

SF:/home/giorgio/Documents/FuzzCademy/BootCamp/liquity/bold-fuzz/contracts/lib/forge-std/src/StdStyle.sol
DA:6,0
end_of_record

SF:/home/giorgio/Documents/FuzzCademy/BootCamp/liquity/bold-fuzz/contracts/lib/forge-std/src/StdToml.sol
DA:25,0
end_of_record

SF:/home/giorgio/Documents/FuzzCademy/BootCamp/liquity/bold-fuzz/contracts/lib/forge-std/src/StdUtils.sol
end_of_record

SF:/home/giorgio/Documents/FuzzCademy/BootCamp/liquity/bold-fuzz/contracts/lib/forge-std/src/Test.sol
DA:32,0
end_of_record

SF:/home/giorgio/Documents/FuzzCademy/BootCamp/liquity/bold-fuzz/contracts/lib/forge-std/src/Vm.sol
end_of_record

SF:/home/giorgio/Documents/FuzzCademy/BootCamp/liquity/bold-fuzz/contracts/lib/forge-std/src/console.sol
DA:4,0
DA:6,0
DA:8,0
DA:9,0
DA:11,0
DA:12,0
DA:13,0
DA:14,0
DA:15,0
DA:16,0
DA:17,0
DA:18,0
DA:19,0
DA:33,0
DA:34,0
DA:193,0
DA:194,0
DA:201,0
DA:202,0
end_of_record

SF:/home/giorgio/Documents/FuzzCademy/BootCamp/liquity/bold-fuzz/contracts/lib/forge-std/src/console2.sol
end_of_record

SF:/home/giorgio/Documents/FuzzCademy/BootCamp/liquity/bold-fuzz/contracts/lib/forge-std/src/interfaces/IERC165.sol
end_of_record

SF:/home/giorgio/Documents/FuzzCademy/BootCamp/liquity/bold-fuzz/contracts/lib/forge-std/src/interfaces/IERC20.sol
end_of_record

SF:/home/giorgio/Documents/FuzzCademy/BootCamp/liquity/bold-fuzz/contracts/lib/forge-std/src/interfaces/IERC721.sol
end_of_record

SF:/home/giorgio/Documents/FuzzCademy/BootCamp/liquity/bold-fuzz/contracts/lib/forge-std/src/interfaces/IMulticall3.sol
end_of_record

SF:/home/giorgio/Documents/FuzzCademy/BootCamp/liquity/bold-fuzz/contracts/lib/forge-std/src/mocks/MockERC20.sol
DA:8,0
DA:19,0
DA:20,0
DA:23,0
DA:24,0
DA:27,0
DA:28,0
DA:41,0
DA:42,0
DA:45,0
DA:46,0
DA:49,0
DA:50,0
DA:61,0
DA:72,0
DA:73,0
DA:75,0
DA:76,0
DA:77,0
DA:79,0
DA:80,0
DA:82,0
DA:89,0
DA:90,0
DA:92,0
DA:94,0
DA:97,0
DA:98,0
DA:99,0
DA:101,0
DA:106,0
DA:107,0
DA:109,0
DA:111,0
DA:112,0
DA:114,0
DA:116,0
DA:123,0
DA:126,0
DA:127,0
DA:129,0
DA:130,0
DA:131,0
DA:133,0
DA:134,0
DA:135,0
DA:136,0
DA:139,0
DA:140,0
DA:141,0
DA:142,0
DA:153,0
DA:155,0
DA:157,0
DA:160,0
DA:161,0
DA:164,0
DA:165,0
DA:166,0
DA:167,0
DA:168,0
DA:169,0
DA:170,0
DA:171,0
DA:198,0
DA:199,0
DA:200,0
DA:204,0
DA:205,0
DA:206,0
DA:217,0
DA:220,0
DA:226,0
DA:227,0
DA:232,0
end_of_record

SF:/home/giorgio/Documents/FuzzCademy/BootCamp/liquity/bold-fuzz/contracts/lib/forge-std/src/mocks/MockERC721.sol
DA:8,0
DA:17,0
DA:18,0
DA:21,0
DA:22,0
DA:25,0
DA:35,0
DA:36,0
DA:39,0
DA:40,0
DA:42,0
DA:53,0
DA:54,0
DA:57,0
DA:58,0
DA:70,0
DA:71,0
DA:73,0
DA:74,0
DA:76,0
DA:83,0
DA:84,0
DA:86,0
DA:88,0
DA:90,0
DA:93,0
DA:94,0
DA:96,0
DA:99,0
DA:100,0
DA:102,0
DA:104,0
DA:105,0
DA:111,0
DA:113,0
DA:115,0
DA:117,0
DA:119,0
DA:122,0
DA:123,0
DA:125,0
DA:126,0
DA:127,0
DA:128,0
DA:133,0
DA:139,0
DA:141,0
DA:142,0
DA:143,0
DA:144,0
DA:153,0
DA:154,0
DA:155,0
DA:156,0
DA:226,0
DA:229,0
end_of_record

SF:/home/giorgio/Documents/FuzzCademy/BootCamp/liquity/bold-fuzz/contracts/lib/forge-std/src/safeconsole.sol
DA:6,0
end_of_record

SF:/home/giorgio/Documents/FuzzCademy/BootCamp/liquity/bold-fuzz/contracts/lib/openzeppelin-contracts/contracts/interfaces/IERC5267.sol
end_of_record

SF:/home/giorgio/Documents/FuzzCademy/BootCamp/liquity/bold-fuzz/contracts/lib/openzeppelin-contracts/contracts/token/ERC20/ERC20.sol
DA:38,0
DA:54,34
DA:55,7
DA:56,7
DA:62,8
DA:63,73
DA:70,6
DA:71,7
DA:87,0
DA:88,0
DA:94,5
DA:95,2
DA:101,10
DA:102,12
DA:113,12
DA:115,5
DA:122,3
DA:123,28
DA:136,6
DA:138,6
DA:139,4
DA:158,14
DA:160,6
DA:161,7
DA:162,2
DA:177,0
DA:179,0
DA:197,0
DA:199,0
DA:200,8
DA:202,0
DA:205,0
DA:222,6
DA:223,5
DA:224,5
DA:228,13
DA:229,15
DA:231,20
DA:234,16
DA:237,14
DA:239,1
DA:251,1
DA:252,5
DA:256,15
DA:259,21
DA:261,10
DA:277,1
DA:278,5
DA:282,13
DA:283,7
DA:285,23
DA:287,8
DA:290,10
DA:308,5
DA:309,5
DA:310,5
DA:312,32
DA:313,11
DA:324,6
DA:325,9
DA:326,4
DA:327,15
DA:329,9
DA:348,1
end_of_record

SF:/home/giorgio/Documents/FuzzCademy/BootCamp/liquity/bold-fuzz/contracts/lib/openzeppelin-contracts/contracts/token/ERC20/IERC20.sol
end_of_record

SF:/home/giorgio/Documents/FuzzCademy/BootCamp/liquity/bold-fuzz/contracts/lib/openzeppelin-contracts/contracts/token/ERC20/extensions/ERC20Permit.sol
DA:29,0
DA:49,0
DA:57,0
DA:58,0
DA:60,0
DA:62,0
DA:64,0
DA:65,0
DA:67,0
DA:73,0
DA:74,0
DA:81,0
DA:82,0
DA:90,0
DA:91,0
DA:93,0
end_of_record

SF:/home/giorgio/Documents/FuzzCademy/BootCamp/liquity/bold-fuzz/contracts/lib/openzeppelin-contracts/contracts/token/ERC20/extensions/IERC20Metadata.sol
end_of_record

SF:/home/giorgio/Documents/FuzzCademy/BootCamp/liquity/bold-fuzz/contracts/lib/openzeppelin-contracts/contracts/token/ERC20/extensions/IERC20Permit.sol
end_of_record

SF:/home/giorgio/Documents/FuzzCademy/BootCamp/liquity/bold-fuzz/contracts/lib/openzeppelin-contracts/contracts/token/ERC20/utils/SafeERC20.sol
DA:19,0
DA:26,5
DA:27,12
DA:34,1
DA:35,31
DA:117,1
DA:122,33
DA:123,25
end_of_record

SF:/home/giorgio/Documents/FuzzCademy/BootCamp/liquity/bold-fuzz/contracts/lib/openzeppelin-contracts/contracts/token/ERC721/ERC721.sol
DA:19,0
DA:44,2
DA:45,7
DA:46,8
DA:52,10
DA:53,1
DA:54,0
DA:55,0
DA:56,1
DA:62,0
DA:63,0
DA:64,0
DA:70,12
DA:72,10
DA:79,0
DA:80,0
DA:86,0
DA:87,0
DA:93,0
DA:94,0
DA:96,0
DA:97,0
DA:105,0
DA:106,0
DA:112,2
DA:113,0
DA:114,8
DA:116,0
DA:117,0
DA:121,0
DA:127,4
DA:128,0
DA:130,0
DA:136,0
DA:137,0
DA:143,0
DA:144,0
DA:150,0
DA:152,0
DA:154,0
DA:160,0
DA:161,0
DA:167,0
DA:168,0
DA:169,0
DA:190,0
DA:191,0
DA:192,0
DA:199,34
DA:210,2
DA:211,2
DA:221,0
DA:222,0
DA:223,0
DA:264,1
DA:265,5
DA:266,3
DA:271,3
DA:278,25
DA:281,19
DA:283,4
DA:299,0
DA:300,0
DA:305,0
DA:308,0
DA:313,0
DA:315,0
DA:317,0
DA:333,0
DA:334,0
DA:335,0
DA:340,0
DA:343,0
DA:351,0
DA:352,0
DA:354,0
DA:356,0
DA:366,0
DA:367,0
DA:368,0
DA:376,0
DA:377,0
DA:378,0
DA:379,0
DA:385,0
DA:386,0
DA:399,0
DA:404,0
DA:405,0
DA:406,0
DA:407,0
DA:409,0
DA:410,0
DA:414,0
DA:419,0
end_of_record

SF:/home/giorgio/Documents/FuzzCademy/BootCamp/liquity/bold-fuzz/contracts/lib/openzeppelin-contracts/contracts/token/ERC721/IERC721.sol
end_of_record

SF:/home/giorgio/Documents/FuzzCademy/BootCamp/liquity/bold-fuzz/contracts/lib/openzeppelin-contracts/contracts/token/ERC721/IERC721Receiver.sol
end_of_record

SF:/home/giorgio/Documents/FuzzCademy/BootCamp/liquity/bold-fuzz/contracts/lib/openzeppelin-contracts/contracts/token/ERC721/extensions/IERC721Metadata.sol
end_of_record

SF:/home/giorgio/Documents/FuzzCademy/BootCamp/liquity/bold-fuzz/contracts/lib/openzeppelin-contracts/contracts/utils/Address.sol
DA:9,0
DA:45,0
DA:99,1
DA:103,2
DA:104,5
DA:128,2
DA:133,0
DA:134,0
DA:135,67
DA:136,9
DA:195,1
DA:200,1
DA:201,4
DA:202,6
DA:205,1
DA:207,3
DA:209,3
DA:233,5
DA:237,2
DA:238,5
DA:241,0
end_of_record

SF:/home/giorgio/Documents/FuzzCademy/BootCamp/liquity/bold-fuzz/contracts/lib/openzeppelin-contracts/contracts/utils/Context.sol
DA:18,6
end_of_record

SF:/home/giorgio/Documents/FuzzCademy/BootCamp/liquity/bold-fuzz/contracts/lib/openzeppelin-contracts/contracts/utils/Counters.sol
DA:14,0
DA:22,0
DA:23,0
DA:28,0
end_of_record

SF:/home/giorgio/Documents/FuzzCademy/BootCamp/liquity/bold-fuzz/contracts/lib/openzeppelin-contracts/contracts/utils/ShortStrings.sol
DA:40,0
DA:42,0
DA:52,4
DA:53,4
DA:54,8
DA:55,0
DA:57,9
DA:63,0
DA:64,0
DA:66,0
DA:69,0
DA:70,0
DA:78,0
DA:79,0
DA:80,0
DA:81,0
DA:89,7
DA:90,8
DA:91,9
DA:93,0
DA:101,0
DA:102,0
DA:103,0
DA:105,0
end_of_record

SF:/home/giorgio/Documents/FuzzCademy/BootCamp/liquity/bold-fuzz/contracts/lib/openzeppelin-contracts/contracts/utils/StorageSlot.sol
DA:34,0
end_of_record

SF:/home/giorgio/Documents/FuzzCademy/BootCamp/liquity/bold-fuzz/contracts/lib/openzeppelin-contracts/contracts/utils/Strings.sol
DA:12,0
DA:19,0
DA:21,0
DA:22,0
DA:26,0
DA:28,0
DA:29,0
DA:32,0
DA:34,0
DA:35,0
DA:37,0
end_of_record

SF:/home/giorgio/Documents/FuzzCademy/BootCamp/liquity/bold-fuzz/contracts/lib/openzeppelin-contracts/contracts/utils/cryptography/ECDSA.sol
DA:14,0
DA:23,0
DA:24,0
DA:26,0
DA:27,0
DA:28,0
DA:29,0
DA:30,0
DA:31,0
DA:124,0
DA:134,0
DA:135,0
DA:139,0
DA:140,0
DA:141,0
DA:144,0
DA:151,0
DA:152,0
DA:153,0
DA:154,0
DA:197,0
DA:200,0
DA:201,0
DA:202,0
DA:203,0
DA:204,0
end_of_record

SF:/home/giorgio/Documents/FuzzCademy/BootCamp/liquity/bold-fuzz/contracts/lib/openzeppelin-contracts/contracts/utils/cryptography/EIP712.sol
DA:39,1
DA:67,16
DA:68,10
DA:69,8
DA:70,12
DA:71,8
DA:73,3
DA:74,4
DA:75,3
DA:81,0
DA:82,0
DA:83,0
DA:85,0
DA:89,4
DA:90,32
DA:108,0
DA:109,0
DA:117,0
DA:123,0
DA:124,0
DA:132,0
DA:134,0
DA:135,0
DA:136,0
DA:137,0
DA:138,0
DA:139,0
end_of_record

SF:/home/giorgio/Documents/FuzzCademy/BootCamp/liquity/bold-fuzz/contracts/lib/openzeppelin-contracts/contracts/utils/introspection/ERC165.sol
DA:27,0
end_of_record

SF:/home/giorgio/Documents/FuzzCademy/BootCamp/liquity/bold-fuzz/contracts/lib/openzeppelin-contracts/contracts/utils/introspection/IERC165.sol
end_of_record

SF:/home/giorgio/Documents/FuzzCademy/BootCamp/liquity/bold-fuzz/contracts/lib/openzeppelin-contracts/contracts/utils/math/Math.sol
DA:9,0
DA:26,4
DA:27,11
DA:45,8
DA:47,30
DA:152,0
DA:153,0
DA:154,0
DA:167,0
DA:174,0
DA:175,0
DA:176,0
DA:177,0
DA:178,0
DA:179,0
DA:180,0
DA:181,0
DA:199,0
DA:202,0
DA:203,0
DA:204,0
DA:206,0
DA:207,0
DA:208,0
DA:210,0
DA:211,0
DA:212,0
DA:214,0
DA:215,0
DA:216,0
DA:218,0
DA:219,0
DA:220,0
DA:222,0
DA:223,0
DA:224,0
DA:226,0
DA:227,0
DA:228,0
DA:230,0
DA:231,0
DA:234,0
DA:252,0
DA:255,0
DA:256,0
DA:257,0
DA:259,0
DA:260,0
DA:261,0
DA:263,0
DA:264,0
DA:265,0
DA:267,0
DA:268,0
DA:269,0
DA:271,0
DA:272,0
DA:273,0
DA:275,0
DA:276,0
DA:277,0
DA:279,0
DA:280,0
DA:283,0
end_of_record

SF:/home/giorgio/Documents/FuzzCademy/BootCamp/liquity/bold-fuzz/contracts/lib/openzeppelin-contracts/contracts/utils/math/SignedMath.sol
DA:9,0
end_of_record

SF:/home/giorgio/Documents/FuzzCademy/BootCamp/liquity/bold-fuzz/contracts/src/ActivePool.sol
DA:22,294
DA:25,0
DA:27,0
DA:28,0
DA:29,0
DA:30,0
DA:32,0
DA:34,0
DA:35,0
DA:41,0
DA:47,0
DA:50,0
DA:53,0
DA:56,0
DA:60,0
DA:62,0
DA:74,28
DA:75,66
DA:76,66
DA:77,66
DA:78,66
DA:79,66
DA:80,66
DA:81,63
DA:83,13
DA:84,13
DA:85,13
DA:86,13
DA:87,13
DA:90,62
DA:100,13
DA:101,1
DA:104,5
DA:105,9
DA:112,27
DA:115,0
DA:116,0
DA:119,4
DA:120,16
DA:121,10
DA:123,18
DA:126,15
DA:129,1
DA:134,8
DA:136,8
DA:138,2
DA:139,12
DA:140,8
DA:141,10
DA:142,10
DA:143,10
DA:145,3
DA:146,10
DA:147,10
DA:152,16
DA:156,6
DA:157,29
DA:162,14
DA:163,4
DA:165,5
DA:167,8
DA:170,0
DA:171,0
DA:173,0
DA:175,0
DA:178,1
DA:179,9
DA:184,0
DA:185,0
DA:187,0
DA:190,0
DA:193,13
DA:194,4
DA:196,5
DA:199,4
DA:200,12
DA:201,4
DA:203,11
DA:215,12
DA:218,4
DA:221,5
DA:222,16
DA:226,2
DA:227,16
DA:228,8
DA:229,10
DA:230,10
DA:231,4
DA:237,3
DA:238,10
DA:239,8
DA:240,2
DA:243,8
DA:244,4
DA:245,19
DA:248,5
DA:249,12
DA:252,7
DA:253,16
DA:254,6
DA:256,45
DA:258,7
DA:259,39
DA:260,42
DA:264,3
DA:267,11
DA:271,4
DA:272,11
DA:275,2
DA:278,18
DA:281,2
DA:282,12
DA:283,13
DA:284,4
DA:287,4
DA:288,11
DA:289,13
DA:290,4
DA:293,8
DA:294,48
DA:297,3
DA:302,6
DA:303,4
DA:304,3
DA:307,0
DA:308,0
DA:313,1
DA:314,2
DA:315,8
DA:320,1
DA:321,2
DA:322,16
DA:323,0
DA:328,2
DA:329,3
DA:330,12
DA:335,1
DA:336,2
DA:337,12
DA:342,1
DA:343,6
end_of_record

SF:/home/giorgio/Documents/FuzzCademy/BootCamp/liquity/bold-fuzz/contracts/src/AddressesRegistry.sol
DA:9,211
DA:10,8
DA:11,8
DA:12,8
DA:13,8
DA:14,8
DA:15,19
DA:16,8
DA:17,8
DA:18,8
DA:19,8
DA:20,8
DA:21,8
DA:22,8
DA:23,0
DA:24,0
DA:25,8
DA:26,8
DA:27,8
DA:30,5
DA:33,5
DA:36,5
DA:39,5
DA:41,9
DA:69,27
DA:77,30
DA:78,30
DA:79,30
DA:80,6
DA:81,7
DA:82,6
DA:84,5
DA:85,5
DA:86,5
DA:87,2
DA:88,2
DA:91,15
DA:92,18
DA:93,19
DA:94,19
DA:95,18
DA:96,18
DA:97,18
DA:98,18
DA:99,18
DA:100,17
DA:101,18
DA:102,18
DA:103,18
DA:104,18
DA:105,18
DA:106,18
DA:107,18
DA:108,18
DA:109,19
DA:111,11
DA:112,16
DA:113,16
DA:114,15
DA:115,15
DA:116,15
DA:117,15
DA:118,15
DA:119,15
DA:120,15
DA:121,15
DA:122,15
DA:123,15
DA:124,15
DA:125,15
DA:126,15
DA:127,15
DA:128,15
DA:130,4
end_of_record

SF:/home/giorgio/Documents/FuzzCademy/BootCamp/liquity/bold-fuzz/contracts/src/BoldToken.sol
DA:19,167
DA:25,0
DA:38,85
DA:40,18
DA:46,23
DA:47,11
DA:49,23
DA:50,11
DA:52,23
DA:53,11
DA:55,23
DA:56,11
DA:59,13
DA:60,12
DA:61,11
DA:63,4
DA:68,17
DA:69,4
DA:70,6
DA:73,11
DA:74,4
DA:75,5
DA:83,19
DA:84,4
DA:85,7
DA:90,2
DA:91,0
DA:92,2
DA:95,0
DA:98,0
DA:100,0
DA:101,0
DA:106,0
DA:107,0
DA:108,0
DA:113,1
DA:114,10
DA:115,32
DA:120,1
DA:121,2
DA:122,31
DA:123,14
DA:128,2
DA:129,17
end_of_record

SF:/home/giorgio/Documents/FuzzCademy/BootCamp/liquity/bold-fuzz/contracts/src/BorrowerOperations.sol
DA:18,344
DA:24,4
DA:27,8
DA:34,4
DA:38,0
DA:39,8
DA:42,0
DA:57,0
DA:161,28
DA:162,1
DA:163,1
DA:168,66
DA:170,67
DA:172,65
DA:173,65
DA:174,65
DA:176,76
DA:177,76
DA:178,76
DA:179,76
DA:180,68
DA:182,15
DA:183,16
DA:184,16
DA:185,16
DA:186,16
DA:189,65
DA:194,12
DA:206,1
DA:207,5
DA:209,4
DA:211,12
DA:212,1
DA:213,1
DA:214,1
DA:215,1
DA:216,1
DA:217,1
DA:218,1
DA:219,1
DA:220,1
DA:221,1
DA:222,1
DA:223,1
DA:224,4
DA:228,68
DA:230,45
DA:232,5
DA:235,12
DA:238,1
DA:240,14
DA:242,4
DA:243,6
DA:245,80
DA:248,16
DA:249,14
DA:250,9
DA:251,8
DA:252,8
DA:253,4
DA:254,4
DA:255,4
DA:256,7
DA:257,13
DA:258,6
DA:259,5
DA:260,4
DA:261,10
DA:262,13
DA:263,13
DA:264,4
DA:267,34
DA:270,54
DA:271,8
DA:272,4
DA:273,4
DA:274,10
DA:275,9
DA:276,3
DA:279,55
DA:280,4
DA:281,10
DA:282,7
DA:283,4
DA:284,4
DA:287,5
DA:290,3
DA:304,1
DA:305,4
DA:307,2
DA:310,8
DA:311,7
DA:312,7
DA:314,12
DA:318,36
DA:319,7
DA:321,6
DA:322,7
DA:325,18
DA:327,71
DA:328,15
DA:329,6
DA:331,20
DA:332,5
DA:335,8
DA:336,15
DA:339,26
DA:340,4
DA:341,17
DA:345,19
DA:346,5
DA:348,15
DA:349,5
DA:354,9
DA:355,10
DA:357,56
DA:360,9
DA:363,45
DA:364,72
DA:366,4
DA:370,11
DA:371,4
DA:372,5
DA:374,4
DA:375,7
DA:377,3
DA:378,1
DA:379,1
DA:381,1
DA:386,16
DA:387,4
DA:388,5
DA:390,4
DA:391,7
DA:393,4
DA:394,1
DA:395,1
DA:397,1
DA:402,17
DA:403,4
DA:404,5
DA:406,4
DA:407,7
DA:408,7
DA:412,11
DA:413,4
DA:414,5
DA:416,4
DA:417,7
DA:419,3
DA:420,1
DA:421,1
DA:423,1
DA:427,7
DA:434,8
DA:435,6
DA:437,6
DA:440,7
DA:441,6
DA:443,6
DA:447,18
DA:454,2
DA:455,4
DA:456,5
DA:458,4
DA:459,9
DA:460,8
DA:463,11
DA:473,4
DA:474,5
DA:476,4
DA:477,9
DA:478,8
DA:480,38
DA:482,13
DA:484,5
DA:485,59
DA:486,4
DA:488,4
DA:489,2
DA:490,56
DA:491,1
DA:492,1
DA:493,1
DA:494,1
DA:498,19
DA:504,4
DA:505,4
DA:507,3
DA:509,5
DA:510,5
DA:511,5
DA:512,6
DA:514,67
DA:515,10
DA:516,9
DA:518,2
DA:520,4
DA:521,6
DA:522,8
DA:523,14
DA:524,9
DA:527,4
DA:528,12
DA:529,12
DA:531,13
DA:535,12
DA:537,46
DA:539,41
DA:540,46
DA:541,12
DA:548,1
DA:554,4
DA:556,4
DA:557,7
DA:558,7
DA:560,10
DA:561,12
DA:565,6
DA:567,62
DA:570,21
DA:571,8
DA:574,20
DA:575,6
DA:578,60
DA:581,9
DA:582,24
DA:583,10
DA:584,6
DA:586,13
DA:589,5
DA:592,7
DA:593,15
DA:596,31
DA:597,29
DA:599,12
DA:600,3
DA:601,4
DA:602,1
DA:603,8
DA:604,58
DA:606,32
DA:607,8
DA:609,12
DA:610,8
DA:611,9
DA:612,8
DA:613,17
DA:614,8
DA:615,13
DA:617,12
DA:618,9
DA:619,11
DA:620,20
DA:624,9
DA:625,67
DA:626,15
DA:627,6
DA:629,18
DA:630,8
DA:631,12
DA:633,19
DA:634,13
DA:637,21
DA:643,8
DA:645,21
DA:648,5
DA:652,8
DA:653,56
DA:654,1
DA:655,4
DA:656,4
DA:657,1
DA:658,1
DA:659,4
DA:660,4
DA:663,60
DA:666,53
DA:667,13
DA:670,24
DA:671,7
DA:672,6
DA:673,6
DA:677,65
DA:678,9
DA:679,6
DA:681,67
DA:684,9
DA:686,0
DA:687,0
DA:688,0
DA:689,0
DA:690,0
DA:692,0
DA:693,0
DA:694,0
DA:695,0
DA:696,0
DA:697,0
DA:698,0
DA:699,0
DA:700,0
DA:701,0
DA:702,0
DA:704,0
DA:708,0
DA:709,0
DA:710,0
DA:712,0
DA:713,0
DA:714,0
DA:715,0
DA:716,0
DA:717,0
DA:721,0
DA:723,0
DA:726,0
DA:729,0
DA:731,0
DA:734,0
DA:736,1
DA:739,11
DA:740,4
DA:742,4
DA:744,5
DA:746,67
DA:747,8
DA:749,4
DA:750,8
DA:751,12
DA:753,10
DA:754,4
DA:756,8
DA:757,9
DA:758,16
DA:760,58
DA:761,9
DA:762,8
DA:763,8
DA:764,23
DA:765,8
DA:766,4
DA:767,21
DA:770,42
DA:771,2
DA:772,7
DA:773,2
DA:774,2
DA:775,4
DA:776,3
DA:777,2
DA:779,60
DA:782,14
DA:783,0
DA:784,0
DA:785,0
DA:790,0
DA:795,0
DA:798,11
DA:810,4
DA:811,9
DA:812,5
DA:813,6
DA:814,6
DA:816,8
DA:818,97
DA:819,30
DA:821,29
DA:824,8
DA:828,12
DA:829,5
DA:830,24
DA:833,14
DA:834,46
DA:837,17
DA:844,4
DA:845,5
DA:846,6
DA:847,6
DA:849,8
DA:850,10
DA:853,21
DA:854,20
DA:856,38
DA:857,32
DA:859,45
DA:862,11
DA:863,4
DA:864,5
DA:866,10
DA:868,63
DA:869,9
DA:870,13
DA:874,42
DA:875,1
DA:876,4
DA:877,2
DA:882,4
DA:883,9
DA:884,8
DA:885,16
DA:886,8
DA:887,6
DA:888,9
DA:890,46
DA:893,11
DA:899,4
DA:900,5
DA:901,7
DA:905,10
DA:906,6
DA:908,63
DA:909,9
DA:911,2
DA:913,4
DA:914,9
DA:915,8
DA:916,15
DA:917,8
DA:918,13
DA:921,4
DA:922,14
DA:923,12
DA:924,3
DA:925,7
DA:927,68
DA:928,12
DA:929,6
DA:931,12
DA:934,14
DA:935,14
DA:939,8
DA:940,5
DA:943,46
DA:946,63
DA:947,46
DA:950,13
DA:951,9
DA:955,17
DA:961,2
DA:962,4
DA:963,4
DA:964,9
DA:965,7
DA:966,9
DA:968,6
DA:969,5
DA:970,4
DA:971,0
DA:973,0
DA:975,0
DA:977,0
DA:978,0
DA:980,0
DA:981,0
DA:982,0
DA:983,0
DA:984,0
DA:985,0
DA:986,0
DA:987,0
DA:991,0
DA:992,0
DA:995,0
DA:996,0
DA:999,0
DA:1000,0
DA:1001,0
DA:1002,0
DA:1004,0
DA:1005,0
DA:1006,0
DA:1007,0
DA:1008,0
DA:1009,0
DA:1010,0
DA:1011,0
DA:1012,0
DA:1016,0
DA:1017,5
DA:1018,0
DA:1022,11
DA:1029,4
DA:1031,4
DA:1032,8
DA:1033,9
DA:1035,6
DA:1036,5
DA:1037,5
DA:1039,16
DA:1040,18
DA:1043,41
DA:1045,43
DA:1047,70
DA:1048,67
DA:1050,4
DA:1051,26
DA:1053,4
DA:1054,11
DA:1055,10
DA:1056,14
DA:1057,9
DA:1058,4
DA:1059,28
DA:1062,4
DA:1063,16
DA:1064,15
DA:1066,5
DA:1067,18
DA:1071,8
DA:1072,31
DA:1074,12
DA:1075,15
DA:1077,55
DA:1079,55
DA:1080,1
DA:1081,7
DA:1082,7
DA:1083,1
DA:1084,4
DA:1085,7
DA:1086,7
DA:1087,1
DA:1091,11
DA:1100,8
DA:1101,6
DA:1103,68
DA:1105,12
DA:1106,8
DA:1109,9
DA:1114,1
DA:1115,7
DA:1117,70
DA:1118,12
DA:1119,6
DA:1121,12
DA:1124,10
DA:1125,5
DA:1129,9
DA:1130,5
DA:1132,7
DA:1135,4
DA:1136,11
DA:1140,13
DA:1141,3
DA:1143,1
DA:1146,0
DA:1147,0
DA:1148,0
DA:1149,0
DA:1155,5
DA:1157,48
DA:1160,11
DA:1161,23
DA:1163,7
DA:1164,7
DA:1165,70
DA:1167,5
DA:1170,10
DA:1171,19
DA:1173,4
DA:1175,11
DA:1179,6
DA:1180,3
DA:1184,0
DA:1186,1
DA:1189,1
DA:1190,45
DA:1191,10
DA:1192,36
DA:1197,8
DA:1206,6
DA:1207,0
DA:1209,49
DA:1210,10
DA:1217,1
DA:1223,10
DA:1224,47
DA:1225,8
DA:1226,47
DA:1229,10
DA:1231,9
DA:1232,7
DA:1234,18
DA:1238,1
DA:1240,9
DA:1242,37
DA:1245,0
DA:1246,0
DA:1251,1
DA:1252,9
DA:1253,13
DA:1257,1
DA:1258,3
DA:1259,30
DA:1260,5
DA:1262,13
DA:1266,1
DA:1267,66
DA:1268,13
DA:1269,0
DA:1273,1
DA:1278,60
DA:1281,5
DA:1282,6
DA:1283,9
DA:1285,3
DA:1286,5
DA:1291,1
DA:1292,15
DA:1293,13
DA:1297,2
DA:1298,12
DA:1299,2
DA:1300,13
DA:1306,1
DA:1307,59
DA:1308,12
DA:1309,13
DA:1313,1
DA:1314,59
DA:1315,30
DA:1316,13
DA:1320,1
DA:1321,59
DA:1322,12
DA:1323,13
DA:1327,1
DA:1328,8
DA:1329,13
DA:1333,11
DA:1334,57
DA:1335,13
DA:1338,1
DA:1339,5
DA:1340,0
DA:1344,1
DA:1345,6
DA:1346,13
DA:1350,1
DA:1367,8
DA:1369,12
DA:1370,8
DA:1371,9
DA:1372,8
DA:1375,4
DA:1379,1
DA:1380,6
DA:1381,13
DA:1385,1
DA:1386,15
DA:1387,0
DA:1391,1
DA:1392,25
DA:1393,0
DA:1397,1
DA:1398,6
DA:1399,13
DA:1403,1
DA:1404,5
DA:1405,13
DA:1409,1
DA:1410,6
DA:1411,13
DA:1415,1
DA:1419,63
DA:1420,13
DA:1424,1
DA:1425,6
DA:1426,13
DA:1428,5
DA:1429,13
DA:1433,1
DA:1437,5
DA:1438,13
DA:1442,1
DA:1443,18
DA:1446,1
DA:1450,54
DA:1451,4
DA:1452,2
DA:1456,1
DA:1461,14
DA:1462,13
DA:1466,1
DA:1470,51
DA:1471,11
DA:1472,13
DA:1476,1
DA:1480,11
DA:1481,13
DA:1485,1
DA:1486,20
DA:1487,13
DA:1491,1
DA:1492,19
DA:1493,13
DA:1497,1
DA:1501,7
DA:1502,13
DA:1506,1
DA:1507,7
DA:1508,13
DA:1512,1
DA:1513,7
DA:1514,13
DA:1518,4
DA:1519,74
DA:1520,5
DA:1521,0
DA:1524,1
DA:1529,3
DA:1532,1
DA:1534,7
DA:1535,13
DA:1536,13
DA:1538,7
DA:1539,13
DA:1540,13
DA:1541,13
DA:1543,8
end_of_record

SF:/home/giorgio/Documents/FuzzCademy/BootCamp/liquity/bold-fuzz/contracts/src/CollSurplusPool.sol
DA:10,84
DA:13,0
DA:15,0
DA:16,0
DA:17,0
DA:32,28
DA:33,66
DA:34,66
DA:35,63
DA:37,13
DA:38,13
DA:43,0
DA:44,0
DA:47,0
DA:48,0
DA:53,0
DA:54,0
DA:56,0
DA:57,0
DA:58,0
DA:60,0
DA:63,11
DA:64,4
DA:65,13
DA:66,18
DA:68,0
DA:69,0
DA:71,0
DA:72,0
DA:74,0
DA:79,1
DA:80,6
DA:83,1
DA:84,1
end_of_record

SF:/home/giorgio/Documents/FuzzCademy/BootCamp/liquity/bold-fuzz/contracts/src/CollateralRegistry.sol
DA:14,204
DA:16,0
DA:40,0
DA:42,0
DA:45,3
DA:50,31
DA:51,2
DA:52,4
DA:53,7
DA:54,4
DA:56,4
DA:58,22
DA:59,12
DA:60,12
DA:61,12
DA:62,12
DA:63,12
DA:64,12
DA:65,12
DA:66,12
DA:67,12
DA:69,22
DA:70,12
DA:71,12
DA:72,12
DA:73,12
DA:74,12
DA:75,12
DA:76,12
DA:77,12
DA:78,12
DA:81,4
DA:82,11
DA:92,17
DA:94,4
DA:95,5
DA:96,5
DA:98,2
DA:100,6
DA:101,42
DA:102,47
DA:104,64
DA:110,4
DA:111,12
DA:112,15
DA:117,19
DA:118,8
DA:119,9
DA:120,66
DA:121,20
DA:122,5
DA:123,15
DA:124,23
DA:130,9
DA:131,44
DA:132,15
DA:133,8
DA:134,64
DA:135,5
DA:136,0
DA:137,0
DA:138,0
DA:144,15
DA:146,22
DA:147,34
DA:148,5
DA:149,8
DA:151,63
DA:152,21
DA:155,15
DA:160,12
DA:163,8
DA:164,47
DA:171,3
DA:172,12
DA:174,4
DA:175,5
DA:176,11
DA:180,2
DA:181,14
DA:185,5
DA:186,9
DA:191,4
DA:192,11
DA:194,4
DA:203,3
DA:206,1
DA:209,6
DA:212,15
DA:214,13
DA:215,6
DA:220,4
DA:221,7
DA:222,8
DA:224,19
DA:227,2
DA:228,3
DA:229,7
DA:234,0
DA:235,6
DA:241,2
DA:242,3
DA:245,0
DA:246,0
DA:249,2
DA:250,0
DA:251,0
DA:252,2
DA:255,2
DA:256,2
DA:259,0
DA:260,0
DA:261,0
DA:262,0
DA:267,0
DA:268,0
DA:269,0
DA:270,0
DA:271,0
DA:272,0
DA:273,0
DA:274,0
DA:275,0
DA:276,0
DA:277,0
DA:281,25
DA:282,7
DA:283,0
DA:284,0
DA:285,0
DA:286,0
DA:287,0
DA:288,0
DA:289,0
DA:290,0
DA:291,0
DA:292,8
DA:297,3
DA:298,11
DA:299,12
DA:304,1
DA:305,13
end_of_record

SF:/home/giorgio/Documents/FuzzCademy/BootCamp/liquity/bold-fuzz/contracts/src/DefaultPool.sol
DA:18,100
DA:21,0
DA:23,0
DA:24,0
DA:25,0
DA:35,28
DA:36,66
DA:37,66
DA:38,63
DA:40,13
DA:41,13
DA:42,13
DA:45,62
DA:55,13
DA:56,1
DA:59,3
DA:60,2
DA:65,0
DA:66,0
DA:67,0
DA:68,0
DA:69,0
DA:72,0
DA:75,0
DA:76,0
DA:78,0
DA:79,0
DA:82,0
DA:84,0
DA:87,0
DA:88,0
DA:89,0
DA:90,0
DA:93,0
DA:94,0
DA:95,0
DA:101,0
DA:102,0
DA:105,0
DA:106,0
end_of_record

SF:/home/giorgio/Documents/FuzzCademy/BootCamp/liquity/bold-fuzz/contracts/src/Dependencies/AddRemoveManagers.sol
DA:9,0
DA:24,0
DA:34,0
DA:45,0
DA:46,63
DA:47,11
DA:50,11
DA:51,5
DA:52,5
DA:55,4
DA:56,27
DA:57,11
DA:60,14
DA:61,44
DA:64,15
DA:65,4
DA:66,1
DA:69,5
DA:70,6
DA:71,29
DA:72,17
DA:73,11
DA:76,0
DA:77,0
DA:78,0
DA:79,0
DA:80,0
DA:83,1
DA:84,15
DA:85,0
DA:89,1
DA:90,69
DA:91,13
DA:95,1
DA:96,15
DA:97,22
DA:98,0
DA:102,1
DA:105,1
DA:107,16
DA:108,8
DA:109,19
DA:110,13
DA:112,10
DA:113,7
DA:115,0
end_of_record

SF:/home/giorgio/Documents/FuzzCademy/BootCamp/liquity/bold-fuzz/contracts/src/Dependencies/AggregatorV3Interface.sol
end_of_record

SF:/home/giorgio/Documents/FuzzCademy/BootCamp/liquity/bold-fuzz/contracts/src/Dependencies/Constants.sol
DA:8,3
DA:10,5
DA:13,1
DA:16,1
DA:17,1
DA:20,0
DA:21,0
DA:24,4
DA:26,7
DA:27,6
DA:30,5
DA:31,1
DA:33,14
DA:40,1
DA:44,1
DA:48,1
DA:54,0
DA:56,2
DA:57,1
DA:58,1
DA:59,3
DA:61,6
DA:64,0
DA:65,0
DA:66,0
end_of_record

SF:/home/giorgio/Documents/FuzzCademy/BootCamp/liquity/bold-fuzz/contracts/src/Dependencies/IOsTokenVaultController.sol
end_of_record

SF:/home/giorgio/Documents/FuzzCademy/BootCamp/liquity/bold-fuzz/contracts/src/Dependencies/IStaderOracle.sol
end_of_record

SF:/home/giorgio/Documents/FuzzCademy/BootCamp/liquity/bold-fuzz/contracts/src/Dependencies/LiquityBase.sol
DA:17,0
DA:18,8
DA:20,0
DA:26,1
DA:27,76
DA:28,76
DA:29,68
DA:31,14
DA:32,16
DA:33,16
DA:37,4
DA:38,66
DA:39,39
DA:44,6
DA:45,73
DA:46,70
DA:48,9
DA:51,2
DA:52,7
DA:53,7
DA:55,6
DA:60,4
DA:61,6
DA:66,2
DA:67,17
end_of_record

SF:/home/giorgio/Documents/FuzzCademy/BootCamp/liquity/bold-fuzz/contracts/src/Dependencies/LiquityMath.sol
DA:7,0
DA:8,4
DA:9,12
DA:12,2
DA:13,9
DA:27,3
DA:28,7
DA:30,10
DA:49,2
DA:50,7
DA:52,8
DA:55,1
DA:56,1
DA:59,10
DA:60,11
DA:61,7
DA:62,8
DA:65,8
DA:66,7
DA:67,12
DA:71,3
DA:74,6
DA:75,3
DA:78,8
DA:79,5
DA:80,15
DA:82,3
end_of_record

SF:/home/giorgio/Documents/FuzzCademy/BootCamp/liquity/bold-fuzz/contracts/src/Dependencies/Ownable.sol
DA:17,0
DA:25,1
DA:26,16
DA:27,5
DA:33,0
DA:34,0
DA:41,3
DA:48,1
DA:49,4
DA:62,2
DA:63,14
DA:64,6
end_of_record

SF:/home/giorgio/Documents/FuzzCademy/BootCamp/liquity/bold-fuzz/contracts/src/GasPool.sol
DA:18,12
DA:19,31
DA:20,62
DA:21,61
DA:22,61
DA:25,58
DA:27,58
end_of_record

SF:/home/giorgio/Documents/FuzzCademy/BootCamp/liquity/bold-fuzz/contracts/src/HintHelpers.sol
DA:10,113
DA:11,0
DA:13,0
DA:15,27
DA:16,3
DA:28,8
DA:31,0
DA:32,0
DA:33,0
DA:34,0
DA:36,0
DA:38,0
DA:39,0
DA:42,0
DA:43,0
DA:44,0
DA:46,0
DA:47,0
DA:49,0
DA:50,0
DA:53,0
DA:55,0
DA:58,0
DA:60,0
DA:61,0
DA:62,0
DA:67,2
DA:68,23
DA:71,13
DA:74,4
DA:76,58
DA:77,61
DA:79,4
DA:80,7
DA:81,11
DA:83,71
DA:84,10
DA:87,22
DA:90,4
DA:92,58
DA:93,61
DA:94,67
DA:96,4
DA:97,11
DA:98,13
DA:100,8
DA:103,12
DA:106,0
DA:109,0
DA:111,0
DA:112,0
DA:113,0
DA:115,0
DA:118,3
DA:122,1
DA:123,4
DA:124,6
DA:125,15
DA:126,9
DA:128,69
DA:129,10
DA:132,0
DA:135,0
DA:137,0
DA:139,0
DA:140,0
DA:141,0
DA:142,0
DA:144,0
DA:145,0
DA:146,0
DA:148,0
DA:149,0
DA:150,0
DA:152,0
DA:153,0
DA:154,0
DA:155,0
DA:156,0
DA:157,0
DA:160,0
DA:161,0
DA:164,0
DA:168,0
DA:169,0
DA:170,0
DA:171,0
DA:173,0
DA:174,0
DA:175,0
DA:177,0
DA:180,0
DA:181,0
DA:182,0
DA:183,0
DA:185,0
DA:186,0
DA:189,0
DA:192,0
DA:194,0
DA:195,0
DA:196,0
DA:198,0
DA:199,0
DA:200,0
DA:201,0
DA:202,0
DA:203,0
DA:205,0
DA:206,0
DA:209,0
DA:212,0
DA:214,0
DA:215,0
DA:216,0
DA:217,0
DA:219,0
DA:220,0
DA:221,0
DA:222,0
DA:223,0
DA:224,0
DA:226,0
DA:227,0
DA:230,0
DA:233,0
DA:235,0
DA:236,0
DA:237,0
DA:238,0
DA:239,0
DA:241,0
DA:242,0
DA:243,0
DA:245,0
DA:248,0
DA:249,0
DA:250,0
DA:251,0
DA:252,0
DA:253,0
DA:254,0
DA:256,0
DA:257,0
end_of_record

SF:/home/giorgio/Documents/FuzzCademy/BootCamp/liquity/bold-fuzz/contracts/src/Interfaces/IActivePool.sol
end_of_record

SF:/home/giorgio/Documents/FuzzCademy/BootCamp/liquity/bold-fuzz/contracts/src/Interfaces/IAddRemoveManagers.sol
end_of_record

SF:/home/giorgio/Documents/FuzzCademy/BootCamp/liquity/bold-fuzz/contracts/src/Interfaces/IAddressesRegistry.sol
end_of_record

SF:/home/giorgio/Documents/FuzzCademy/BootCamp/liquity/bold-fuzz/contracts/src/Interfaces/IBoldRewardsReceiver.sol
end_of_record

SF:/home/giorgio/Documents/FuzzCademy/BootCamp/liquity/bold-fuzz/contracts/src/Interfaces/IBoldToken.sol
end_of_record

SF:/home/giorgio/Documents/FuzzCademy/BootCamp/liquity/bold-fuzz/contracts/src/Interfaces/IBorrowerOperations.sol
end_of_record

SF:/home/giorgio/Documents/FuzzCademy/BootCamp/liquity/bold-fuzz/contracts/src/Interfaces/ICollSurplusPool.sol
end_of_record

SF:/home/giorgio/Documents/FuzzCademy/BootCamp/liquity/bold-fuzz/contracts/src/Interfaces/ICollateralRegistry.sol
end_of_record

SF:/home/giorgio/Documents/FuzzCademy/BootCamp/liquity/bold-fuzz/contracts/src/Interfaces/ICommunityIssuance.sol
end_of_record

SF:/home/giorgio/Documents/FuzzCademy/BootCamp/liquity/bold-fuzz/contracts/src/Interfaces/IDefaultPool.sol
end_of_record

SF:/home/giorgio/Documents/FuzzCademy/BootCamp/liquity/bold-fuzz/contracts/src/Interfaces/IHintHelpers.sol
end_of_record

SF:/home/giorgio/Documents/FuzzCademy/BootCamp/liquity/bold-fuzz/contracts/src/Interfaces/IInterestRouter.sol
end_of_record

SF:/home/giorgio/Documents/FuzzCademy/BootCamp/liquity/bold-fuzz/contracts/src/Interfaces/ILQTYStaking.sol
end_of_record

SF:/home/giorgio/Documents/FuzzCademy/BootCamp/liquity/bold-fuzz/contracts/src/Interfaces/ILQTYToken.sol
end_of_record

SF:/home/giorgio/Documents/FuzzCademy/BootCamp/liquity/bold-fuzz/contracts/src/Interfaces/ILiquityBase.sol
end_of_record

SF:/home/giorgio/Documents/FuzzCademy/BootCamp/liquity/bold-fuzz/contracts/src/Interfaces/IMainnetPriceFeed.sol
end_of_record

SF:/home/giorgio/Documents/FuzzCademy/BootCamp/liquity/bold-fuzz/contracts/src/Interfaces/IMultiTroveGetter.sol
end_of_record

SF:/home/giorgio/Documents/FuzzCademy/BootCamp/liquity/bold-fuzz/contracts/src/Interfaces/IPriceFeed.sol
end_of_record

SF:/home/giorgio/Documents/FuzzCademy/BootCamp/liquity/bold-fuzz/contracts/src/Interfaces/IRETHPriceFeed.sol
end_of_record

SF:/home/giorgio/Documents/FuzzCademy/BootCamp/liquity/bold-fuzz/contracts/src/Interfaces/IRETHToken.sol
end_of_record

SF:/home/giorgio/Documents/FuzzCademy/BootCamp/liquity/bold-fuzz/contracts/src/Interfaces/ISortedTroves.sol
end_of_record

SF:/home/giorgio/Documents/FuzzCademy/BootCamp/liquity/bold-fuzz/contracts/src/Interfaces/IStabilityPool.sol
end_of_record

SF:/home/giorgio/Documents/FuzzCademy/BootCamp/liquity/bold-fuzz/contracts/src/Interfaces/IStabilityPoolEvents.sol
end_of_record

SF:/home/giorgio/Documents/FuzzCademy/BootCamp/liquity/bold-fuzz/contracts/src/Interfaces/ITroveEvents.sol
end_of_record

SF:/home/giorgio/Documents/FuzzCademy/BootCamp/liquity/bold-fuzz/contracts/src/Interfaces/ITroveManager.sol
end_of_record

SF:/home/giorgio/Documents/FuzzCademy/BootCamp/liquity/bold-fuzz/contracts/src/Interfaces/ITroveNFT.sol
end_of_record

SF:/home/giorgio/Documents/FuzzCademy/BootCamp/liquity/bold-fuzz/contracts/src/Interfaces/IWETH.sol
end_of_record

SF:/home/giorgio/Documents/FuzzCademy/BootCamp/liquity/bold-fuzz/contracts/src/Interfaces/IWSTETH.sol
end_of_record

SF:/home/giorgio/Documents/FuzzCademy/BootCamp/liquity/bold-fuzz/contracts/src/Interfaces/IWSTETHPriceFeed.sol
end_of_record

SF:/home/giorgio/Documents/FuzzCademy/BootCamp/liquity/bold-fuzz/contracts/src/MultiTroveGetter.sol
DA:10,28
DA:11,0
DA:13,27
DA:14,3
DA:17,0
DA:20,0
DA:21,0
DA:22,0
DA:23,0
DA:25,0
DA:26,0
DA:28,0
DA:29,0
DA:31,0
DA:32,0
DA:33,0
DA:35,0
DA:36,0
DA:39,0
DA:41,0
DA:42,0
DA:43,0
DA:44,0
DA:46,0
DA:47,0
DA:50,0
DA:51,0
DA:53,0
DA:58,0
DA:59,0
DA:61,0
DA:62,0
DA:63,0
DA:64,0
DA:67,0
DA:68,0
DA:69,0
DA:70,0
DA:72,0
DA:74,0
DA:77,0
DA:82,0
DA:83,0
DA:85,0
DA:86,0
DA:89,0
DA:91,0
DA:92,0
DA:93,0
DA:97,0
DA:102,0
DA:103,0
DA:105,0
DA:106,0
DA:109,0
DA:111,0
DA:112,0
DA:113,0
DA:117,0
DA:120,0
DA:121,0
DA:122,0
DA:123,0
DA:125,0
DA:126,0
DA:128,0
DA:129,0
DA:131,0
DA:132,0
DA:134,0
DA:135,0
DA:136,0
DA:137,0
DA:138,0
DA:140,0
end_of_record

SF:/home/giorgio/Documents/FuzzCademy/BootCamp/liquity/bold-fuzz/contracts/src/NFTMetadata/MetadataNFT.sol
DA:29,28
DA:30,0
DA:32,0
DA:33,0
DA:35,27
DA:36,3
DA:39,0
DA:40,0
DA:41,0
DA:44,0
DA:45,0
DA:46,0
DA:47,0
DA:48,0
DA:49,0
DA:50,0
DA:55,0
DA:57,0
DA:59,0
DA:61,0
DA:63,0
DA:65,0
DA:67,0
DA:69,0
DA:74,0
DA:75,0
DA:76,0
DA:78,0
DA:79,0
DA:80,0
DA:81,0
DA:82,0
DA:83,0
DA:87,0
DA:88,0
DA:89,0
DA:90,0
DA:91,0
DA:92,0
end_of_record

SF:/home/giorgio/Documents/FuzzCademy/BootCamp/liquity/bold-fuzz/contracts/src/NFTMetadata/utils/FixedAssets.sol
DA:6,23
DA:12,0
DA:14,0
DA:16,0
DA:17,0
DA:20,30
DA:21,4
DA:22,8
DA:23,11
DA:24,0
end_of_record

SF:/home/giorgio/Documents/FuzzCademy/BootCamp/liquity/bold-fuzz/contracts/src/NFTMetadata/utils/JSON.sol
DA:5,0
DA:13,0
DA:18,0
DA:19,0
DA:21,0
DA:23,0
DA:25,0
DA:26,0
DA:27,0
DA:29,0
DA:37,0
DA:38,0
DA:41,0
DA:42,0
DA:45,0
DA:46,0
DA:47,0
DA:49,0
DA:66,0
DA:71,0
DA:74,0
DA:82,0
DA:86,0
DA:89,0
DA:92,0
DA:93,0
DA:94,0
DA:95,0
DA:97,0
DA:98,0
DA:108,0
DA:109,0
DA:111,0
DA:112,0
DA:114,0
DA:115,0
DA:117,0
DA:118,0
DA:123,0
DA:124,0
DA:125,0
DA:126,0
DA:128,0
DA:131,0
end_of_record

SF:/home/giorgio/Documents/FuzzCademy/BootCamp/liquity/bold-fuzz/contracts/src/NFTMetadata/utils/SVG.sol
DA:9,0
DA:21,0
DA:22,0
DA:33,0
DA:34,0
DA:45,0
DA:46,0
DA:57,0
DA:58,0
DA:93,0
DA:94,0
DA:109,0
DA:110,0
DA:163,0
DA:166,0
DA:168,0
DA:172,0
DA:173,0
DA:177,0
DA:178,0
end_of_record

SF:/home/giorgio/Documents/FuzzCademy/BootCamp/liquity/bold-fuzz/contracts/src/NFTMetadata/utils/Utils.sol
DA:6,0
DA:7,0
DA:8,0
DA:9,0
DA:10,0
DA:12,0
DA:14,0
DA:16,0
DA:17,0
DA:18,0
DA:19,0
DA:20,0
DA:21,0
DA:22,0
DA:23,0
DA:24,0
DA:28,0
DA:32,0
DA:33,0
DA:36,0
DA:37,0
DA:39,0
DA:40,0
DA:42,0
DA:45,0
DA:47,0
DA:50,0
DA:53,0
DA:55,0
DA:56,0
DA:57,0
DA:58,0
DA:61,0
DA:64,0
DA:67,0
DA:68,0
DA:69,0
DA:71,0
DA:72,0
DA:75,0
DA:78,0
DA:85,0
end_of_record

SF:/home/giorgio/Documents/FuzzCademy/BootCamp/liquity/bold-fuzz/contracts/src/NFTMetadata/utils/baseSVG.sol
DA:8,0
DA:13,0
DA:14,0
DA:15,0
DA:16,0
DA:17,0
DA:18,0
DA:22,0
DA:23,0
DA:24,0
DA:25,0
DA:26,0
DA:27,0
DA:28,0
DA:29,0
DA:32,0
DA:33,0
DA:34,0
DA:35,0
DA:39,0
DA:40,0
DA:42,0
DA:43,0
DA:45,0
DA:51,0
DA:52,0
DA:53,0
DA:55,0
DA:57,0
DA:59,0
DA:64,0
DA:65,0
DA:68,0
DA:69,0
DA:70,0
DA:71,0
DA:72,0
DA:74,0
DA:80,0
DA:81,0
DA:82,0
DA:83,0
DA:84,0
DA:85,0
DA:86,0
DA:87,0
DA:88,0
DA:92,0
DA:93,0
DA:94,0
DA:95,0
DA:96,0
DA:97,0
DA:98,0
DA:102,0
DA:103,0
DA:104,0
DA:105,0
DA:106,0
DA:107,0
DA:108,0
DA:112,0
DA:113,0
DA:114,0
DA:115,0
DA:116,0
DA:117,0
DA:118,0
DA:122,0
DA:123,0
DA:124,0
DA:125,0
DA:126,0
DA:127,0
DA:128,0
DA:135,0
DA:136,0
DA:137,0
DA:138,0
DA:139,0
DA:140,0
DA:141,0
DA:142,0
DA:143,0
DA:145,0
DA:149,0
DA:150,0
DA:151,0
DA:152,0
DA:153,0
DA:154,0
DA:155,0
DA:156,0
DA:157,0
DA:159,0
DA:163,0
DA:164,0
DA:165,0
DA:166,0
DA:167,0
DA:168,0
DA:169,0
DA:170,0
DA:171,0
DA:173,0
DA:174,0
DA:176,0
DA:181,0
DA:182,0
DA:184,0
DA:185,0
DA:186,0
DA:187,0
DA:188,0
DA:189,0
DA:191,0
DA:192,0
DA:199,0
DA:200,0
DA:201,0
DA:202,0
DA:208,0
DA:211,0
DA:213,0
DA:214,0
DA:215,0
DA:216,0
end_of_record

SF:/home/giorgio/Documents/FuzzCademy/BootCamp/liquity/bold-fuzz/contracts/src/NFTMetadata/utils/bauhaus.sol
DA:6,0
DA:25,0
DA:26,0
DA:27,0
DA:29,0
DA:30,0
DA:31,0
DA:32,0
DA:35,0
DA:39,0
DA:40,0
DA:41,0
DA:42,0
DA:43,0
DA:44,0
DA:45,0
DA:46,0
DA:47,0
DA:48,0
DA:49,0
DA:50,0
DA:51,0
DA:53,0
DA:69,0
DA:70,0
DA:71,0
DA:72,0
DA:73,0
DA:74,0
DA:75,0
DA:76,0
DA:77,0
DA:78,0
DA:79,0
DA:80,0
DA:82,0
DA:83,0
DA:84,0
DA:85,0
DA:86,0
DA:87,0
DA:88,0
DA:89,0
DA:90,0
DA:91,0
DA:92,0
DA:94,0
DA:95,0
DA:96,0
DA:97,0
DA:98,0
DA:99,0
DA:100,0
DA:101,0
DA:102,0
DA:103,0
DA:104,0
DA:107,0
DA:108,0
DA:109,0
DA:110,0
DA:111,0
DA:112,0
DA:113,0
DA:114,0
DA:121,0
DA:122,0
DA:123,0
DA:126,0
DA:127,0
DA:129,0
DA:130,0
DA:131,0
DA:132,0
DA:133,0
DA:134,0
DA:135,0
DA:139,0
DA:141,0
DA:142,0
DA:143,0
DA:144,0
DA:145,0
DA:149,0
DA:151,0
DA:152,0
DA:153,0
DA:154,0
DA:155,0
DA:159,0
DA:161,0
DA:162,0
DA:163,0
DA:164,0
DA:165,0
DA:169,0
DA:171,0
DA:172,0
DA:173,0
DA:174,0
DA:175,0
DA:179,0
DA:181,0
DA:182,0
DA:183,0
DA:184,0
DA:185,0
DA:191,0
DA:192,0
DA:194,0
DA:195,0
DA:198,0
DA:199,0
DA:204,0
DA:205,0
DA:207,0
DA:208,0
DA:209,0
DA:210,0
DA:211,0
DA:212,0
DA:216,0
DA:218,0
DA:219,0
DA:220,0
DA:221,0
DA:225,0
DA:227,0
DA:232,0
DA:233,0
DA:234,0
DA:235,0
DA:236,0
DA:237,0
DA:238,0
DA:239,0
DA:240,0
DA:241,0
DA:242,0
DA:243,0
DA:245,0
DA:246,0
DA:247,0
DA:248,0
DA:249,0
DA:250,0
DA:251,0
DA:252,0
DA:253,0
DA:254,0
DA:257,0
DA:258,0
DA:259,0
DA:260,0
DA:261,0
DA:262,0
DA:263,0
DA:264,0
DA:265,0
DA:266,0
DA:270,0
DA:272,0
DA:273,0
DA:274,0
DA:275,0
DA:276,0
DA:277,0
DA:278,0
DA:279,0
DA:284,0
DA:285,0
DA:286,0
DA:289,0
DA:292,0
DA:294,0
DA:302,0
DA:304,0
DA:305,0
DA:306,0
DA:307,0
DA:312,0
DA:314,0
DA:315,0
DA:316,0
DA:317,0
DA:322,0
DA:324,0
DA:325,0
DA:326,0
DA:327,0
DA:332,0
DA:334,0
DA:335,0
DA:336,0
DA:342,0
DA:344,0
DA:345,0
DA:346,0
DA:354,0
DA:357,0
DA:359,0
DA:360,0
DA:361,0
DA:366,0
DA:368,0
DA:371,0
DA:373,0
DA:378,0
DA:379,0
DA:380,0
DA:381,0
DA:382,0
DA:383,0
DA:384,0
DA:385,0
DA:386,0
DA:387,0
DA:388,0
DA:391,0
DA:392,0
DA:393,0
DA:394,0
DA:395,0
DA:396,0
DA:397,0
DA:398,0
DA:399,0
DA:400,0
DA:401,0
DA:403,0
DA:404,0
DA:405,0
DA:406,0
DA:407,0
DA:408,0
DA:409,0
DA:410,0
DA:411,0
DA:412,0
DA:416,0
DA:418,0
DA:419,0
DA:420,0
DA:421,0
DA:422,0
DA:423,0
DA:430,0
DA:431,0
DA:432,0
DA:435,0
DA:438,0
DA:440,0
DA:448,0
DA:450,0
DA:451,0
DA:452,0
DA:453,0
DA:458,0
DA:460,0
DA:461,0
DA:462,0
DA:463,0
DA:468,0
DA:470,0
DA:471,0
DA:472,0
DA:473,0
DA:478,0
DA:480,0
DA:481,0
DA:482,0
DA:483,0
DA:490,0
DA:493,0
DA:495,0
DA:496,0
DA:497,0
DA:502,0
DA:504,0
DA:507,0
DA:509,0
end_of_record

SF:/home/giorgio/Documents/FuzzCademy/BootCamp/liquity/bold-fuzz/contracts/src/PriceFeeds/CompositePriceFeed.sol
DA:13,0
DA:22,0
DA:30,0
DA:32,0
DA:34,0
DA:37,0
DA:39,0
DA:44,0
DA:46,0
DA:49,0
DA:51,0
DA:53,0
DA:54,0
DA:57,0
DA:59,0
DA:60,0
DA:62,0
DA:64,0
DA:65,0
DA:67,0
DA:72,0
DA:73,0
DA:78,0
DA:79,0
DA:81,0
DA:84,0
DA:85,0
DA:86,0
DA:90,0
DA:92,0
DA:94,0
DA:99,0
DA:102,0
DA:105,0
DA:106,0
DA:108,0
end_of_record

SF:/home/giorgio/Documents/FuzzCademy/BootCamp/liquity/bold-fuzz/contracts/src/PriceFeeds/MainnetPriceFeedBase.sol
DA:17,0
DA:20,0
DA:39,0
DA:45,0
DA:46,0
DA:47,0
DA:49,0
DA:53,0
DA:54,0
DA:56,0
DA:59,0
DA:60,0
DA:62,0
DA:63,0
DA:65,0
DA:66,0
DA:68,0
DA:71,0
DA:74,0
DA:76,0
DA:78,0
DA:80,0
DA:81,0
DA:84,0
DA:89,0
DA:92,0
DA:96,0
DA:97,0
DA:98,0
DA:99,0
DA:106,0
DA:109,0
DA:117,0
DA:120,0
DA:122,0
DA:123,0
DA:127,0
DA:129,0
end_of_record

SF:/home/giorgio/Documents/FuzzCademy/BootCamp/liquity/bold-fuzz/contracts/src/PriceFeeds/RETHPriceFeed.sol
DA:11,0
DA:12,0
DA:19,0
DA:21,0
DA:22,0
DA:23,0
DA:25,0
DA:28,0
DA:31,0
DA:33,0
DA:35,0
DA:36,0
DA:37,0
DA:38,0
DA:39,0
DA:43,0
DA:44,0
DA:46,0
DA:47,0
DA:50,0
DA:51,0
DA:57,0
DA:60,0
DA:62,0
DA:65,0
DA:66,0
DA:67,0
DA:69,0
DA:73,0
DA:76,0
DA:78,0
DA:81,0
DA:82,0
DA:84,0
DA:86,0
DA:88,0
DA:93,0
DA:96,0
end_of_record

SF:/home/giorgio/Documents/FuzzCademy/BootCamp/liquity/bold-fuzz/contracts/src/PriceFeeds/WETHPriceFeed.sol
DA:9,0
DA:10,0
DA:11,0
DA:13,0
DA:16,0
DA:19,0
DA:21,0
DA:24,0
DA:25,0
DA:28,0
DA:30,0
DA:40,0
DA:41,0
DA:42,0
DA:45,0
DA:47,0
DA:48,0
end_of_record

SF:/home/giorgio/Documents/FuzzCademy/BootCamp/liquity/bold-fuzz/contracts/src/PriceFeeds/WSTETHPriceFeed.sol
DA:11,0
DA:12,0
DA:14,0
DA:16,0
DA:23,0
DA:24,0
DA:25,0
DA:26,0
DA:28,0
DA:31,0
DA:34,0
DA:35,0
DA:36,0
DA:37,0
DA:38,0
DA:43,0
DA:44,0
DA:46,0
DA:47,0
DA:51,0
DA:52,0
DA:56,0
DA:58,0
DA:60,0
DA:63,0
DA:66,0
DA:68,0
DA:71,0
DA:72,0
DA:74,0
DA:76,0
DA:78,0
DA:83,0
DA:86,0
end_of_record

SF:/home/giorgio/Documents/FuzzCademy/BootCamp/liquity/bold-fuzz/contracts/src/SortedTroves.sol
DA:12,5
DA:38,211
DA:39,0
DA:43,2
DA:48,0
DA:49,0
DA:70,0
DA:76,0
DA:79,0
DA:81,28
DA:83,13
DA:84,5
DA:86,67
DA:87,63
DA:89,13
DA:90,13
DA:96,1
DA:99,36
DA:100,34
DA:101,21
DA:102,29
DA:105,1
DA:113,10
DA:116,11
DA:119,1
DA:129,12
DA:130,4
DA:131,9
DA:132,4
DA:134,10
DA:135,20
DA:136,10
DA:144,60
DA:145,30
DA:152,12
DA:153,4
DA:154,8
DA:155,9
DA:158,16
DA:159,10
DA:162,8
DA:170,11
DA:173,11
DA:177,17
DA:178,1
DA:179,1
DA:190,16
DA:194,4
DA:195,8
DA:196,9
DA:198,10
DA:209,12
DA:216,4
DA:217,9
DA:218,4
DA:219,9
DA:221,16
DA:223,5
DA:224,10
DA:226,15
DA:229,16
DA:232,24
DA:233,11
DA:234,8
DA:235,10
DA:242,12
DA:243,4
DA:244,15
DA:246,7
DA:248,41
DA:250,19
DA:252,18
DA:253,0
DA:254,0
DA:255,1
DA:256,0
DA:260,16
DA:261,10
DA:271,18
DA:274,1
DA:275,35
DA:277,4
DA:278,5
DA:280,16
DA:286,3
DA:287,17
DA:293,4
DA:294,19
DA:297,21
DA:298,13
DA:304,0
DA:305,0
DA:311,0
DA:312,0
DA:318,0
DA:319,0
DA:325,4
DA:326,7
DA:333,4
DA:334,0
DA:341,10
DA:342,15
DA:351,7
DA:355,0
DA:357,0
DA:360,3
DA:365,1
DA:366,17
DA:369,1
DA:372,38
DA:374,25
DA:376,6
DA:377,6
DA:381,3
DA:382,14
DA:383,26
DA:386,3
DA:387,14
DA:388,21
DA:391,7
DA:394,1
DA:396,77
DA:398,1
DA:400,12
DA:401,17
DA:405,7
DA:408,2
DA:410,77
DA:412,1
DA:414,14
DA:415,17
DA:425,3
DA:428,3
DA:430,30
DA:432,11
DA:433,11
DA:442,3
DA:445,3
DA:447,29
DA:449,11
DA:450,11
DA:453,0
DA:458,0
DA:459,0
DA:460,0
DA:462,0
DA:463,0
DA:464,0
DA:467,0
DA:468,0
DA:481,0
DA:485,0
DA:487,0
DA:493,9
DA:498,2
DA:499,4
DA:502,12
DA:504,14
DA:506,2
DA:510,4
DA:513,5
DA:515,14
DA:517,2
DA:521,12
DA:524,5
DA:525,0
DA:527,0
DA:528,1
DA:530,0
DA:535,0
DA:536,0
DA:543,1
DA:544,2
DA:545,12
DA:550,2
DA:551,7
end_of_record

SF:/home/giorgio/Documents/FuzzCademy/BootCamp/liquity/bold-fuzz/contracts/src/StabilityPool.sol
DA:128,146
DA:131,0
DA:133,0
DA:134,0
DA:135,0
DA:163,0
DA:164,0
DA:165,0
DA:173,2
DA:175,4
DA:178,0
DA:181,0
DA:191,0
DA:192,0
DA:195,0
DA:196,0
DA:197,0
DA:200,0
DA:207,29
DA:208,66
DA:209,66
DA:210,63
DA:212,13
DA:213,13
DA:218,0
DA:219,0
DA:222,3
DA:223,2
DA:226,11
DA:227,0
DA:230,0
DA:231,0
DA:242,23
DA:243,5
DA:245,52
DA:247,14
DA:249,7
DA:250,8
DA:251,8
DA:252,12
DA:253,15
DA:254,5
DA:255,7
DA:257,22
DA:258,1
DA:259,1
DA:260,6
DA:261,1
DA:262,1
DA:263,1
DA:264,1
DA:265,1
DA:268,7
DA:269,51
DA:270,13
DA:271,5
DA:272,6
DA:273,5
DA:276,5
DA:279,5
DA:280,1
DA:281,1
DA:283,8
DA:284,2
DA:285,1
DA:287,2
DA:288,1
DA:291,4
DA:301,24
DA:302,13
DA:303,4
DA:305,56
DA:307,8
DA:308,8
DA:309,8
DA:310,9
DA:311,12
DA:312,15
DA:313,5
DA:314,7
DA:316,22
DA:317,1
DA:318,1
DA:319,6
DA:320,5
DA:321,1
DA:322,1
DA:323,1
DA:324,1
DA:327,7
DA:328,5
DA:329,6
DA:330,11
DA:331,5
DA:335,5
DA:338,8
DA:341,2
DA:343,8
DA:344,3
DA:345,21
DA:347,22
DA:348,3
DA:353,7
DA:354,5
DA:356,52
DA:358,14
DA:359,4
DA:360,0
DA:362,0
DA:363,0
DA:365,1
DA:370,11
DA:371,4
DA:372,6
DA:374,4
DA:377,11
DA:378,12
DA:379,7
DA:383,2
DA:384,6
DA:385,2
DA:389,15
DA:390,5
DA:403,15
DA:405,8
DA:406,13
DA:408,21
DA:409,73
DA:411,41
DA:421,2
DA:422,0
DA:423,0
DA:424,0
DA:426,0
DA:428,0
DA:433,0
DA:435,0
DA:448,0
DA:450,0
DA:451,0
DA:452,0
DA:453,0
DA:454,0
DA:455,0
DA:460,0
DA:461,0
DA:464,0
DA:465,0
DA:471,0
DA:473,0
DA:474,0
DA:475,0
DA:477,0
DA:480,0
DA:485,0
DA:487,0
DA:488,0
DA:489,0
DA:498,0
DA:499,0
DA:500,0
DA:501,0
DA:504,0
DA:505,0
DA:506,0
DA:507,0
DA:508,0
DA:509,0
DA:510,0
DA:511,0
DA:512,0
DA:513,0
DA:514,0
DA:515,0
DA:518,0
DA:522,0
DA:523,0
DA:524,0
DA:525,0
DA:526,0
DA:527,0
DA:530,0
DA:534,0
DA:535,0
DA:536,0
DA:537,0
DA:538,0
DA:539,0
DA:540,0
DA:542,0
DA:545,0
DA:548,0
DA:549,0
DA:551,0
DA:552,0
DA:554,0
DA:557,0
DA:563,0
DA:565,0
DA:566,0
DA:569,0
DA:572,4
DA:574,0
DA:577,0
DA:580,0
DA:581,0
DA:584,0
DA:586,8
DA:589,4
DA:590,13
DA:591,19
DA:592,4
DA:593,5
DA:596,4
DA:597,6
DA:598,10
DA:599,2
DA:609,6
DA:610,12
DA:612,8
DA:614,76
DA:626,26
DA:627,42
DA:629,27
DA:631,8
DA:634,4
DA:635,12
DA:637,8
DA:639,76
DA:651,26
DA:652,42
DA:654,27
DA:656,6
DA:659,0
DA:660,0
DA:662,0
DA:664,0
DA:666,0
DA:667,0
DA:668,0
DA:669,0
DA:671,0
DA:672,0
DA:673,0
DA:674,0
DA:676,0
DA:677,0
DA:680,0
DA:681,0
DA:682,0
DA:684,0
DA:686,0
DA:695,6
DA:696,12
DA:697,8
DA:699,68
DA:701,6
DA:706,7
DA:709,2
DA:711,5
DA:712,5
DA:713,5
DA:716,15
DA:718,4
DA:719,12
DA:722,3
DA:723,11
DA:729,8
DA:730,15
DA:731,1
DA:732,0
DA:735,0
DA:747,12
DA:749,2
DA:754,3
DA:755,5
DA:757,0
DA:758,0
DA:759,0
DA:760,0
DA:764,7
DA:765,6
DA:766,43
DA:771,14
DA:772,18
DA:773,9
DA:775,6
DA:776,35
DA:777,11
DA:781,10
DA:782,7
DA:783,3
DA:786,24
DA:787,19
DA:790,17
DA:791,3
DA:792,6
DA:793,4
DA:794,9
DA:796,11
DA:810,1
DA:811,7
DA:814,1
DA:815,9
DA:818,1
DA:819,13
DA:822,4
DA:823,13
DA:824,13
DA:827,1
DA:828,13
end_of_record

SF:/home/giorgio/Documents/FuzzCademy/BootCamp/liquity/bold-fuzz/contracts/src/TroveManager.sol
DA:17,279
DA:20,0
DA:21,0
DA:22,4
DA:27,0
DA:33,0
DA:62,0
DA:100,0
DA:111,0
DA:113,11
DA:120,0
DA:182,29
DA:183,65
DA:184,65
DA:185,65
DA:186,65
DA:187,65
DA:189,76
DA:190,68
DA:191,81
DA:192,76
DA:193,76
DA:194,76
DA:195,76
DA:196,67
DA:197,68
DA:199,15
DA:200,16
DA:201,16
DA:202,16
DA:203,16
DA:204,16
DA:205,16
DA:206,16
DA:211,3
DA:212,2
DA:215,16
DA:216,19
DA:224,0
DA:231,0
DA:232,0
DA:234,0
DA:235,0
DA:236,0
DA:237,0
DA:238,0
DA:240,0
DA:242,0
DA:243,0
DA:245,0
DA:246,0
DA:247,0
DA:248,0
DA:249,0
DA:250,0
DA:251,0
DA:253,0
DA:254,0
DA:255,0
DA:256,0
DA:257,0
DA:258,0
DA:259,0
DA:261,0
DA:262,0
DA:263,0
DA:264,0
DA:267,0
DA:268,0
DA:269,0
DA:270,0
DA:272,0
DA:273,0
DA:274,0
DA:275,0
DA:276,0
DA:277,0
DA:279,0
DA:283,0
DA:284,0
DA:288,0
DA:290,0
DA:291,0
DA:292,0
DA:293,0
DA:294,0
DA:295,0
DA:296,0
DA:297,0
DA:300,0
DA:301,0
DA:302,0
DA:303,0
DA:304,0
DA:305,0
DA:306,0
DA:307,0
DA:308,0
DA:311,0
DA:312,0
DA:314,0
DA:315,0
DA:316,0
DA:317,0
DA:318,0
DA:319,0
DA:326,0
DA:327,0
DA:333,0
DA:342,0
DA:348,0
DA:360,0
DA:361,0
DA:362,0
DA:363,0
DA:364,0
DA:368,0
DA:369,0
DA:370,0
DA:371,0
DA:372,0
DA:373,0
DA:374,0
DA:375,0
DA:376,0
DA:383,0
DA:388,0
DA:389,0
DA:390,0
DA:391,0
DA:392,0
DA:394,0
DA:395,0
DA:402,20
DA:403,7
DA:404,13
DA:407,7
DA:408,5
DA:409,3
DA:411,4
DA:412,4
DA:414,67
DA:415,61
DA:418,10
DA:420,8
DA:421,13
DA:424,0
DA:427,0
DA:428,0
DA:431,0
DA:432,0
DA:434,0
DA:435,0
DA:439,0
DA:441,0
DA:442,0
DA:443,0
DA:444,0
DA:445,0
DA:446,0
DA:447,0
DA:448,0
DA:449,0
DA:450,0
DA:451,0
DA:455,1
DA:458,4
DA:459,24
DA:462,1
DA:470,2
DA:472,13
DA:473,23
DA:476,27
DA:478,0
DA:480,0
DA:481,0
DA:482,0
DA:484,0
DA:485,0
DA:488,0
DA:496,0
DA:503,0
DA:504,0
DA:505,0
DA:506,0
DA:507,0
DA:508,0
DA:509,0
DA:510,0
DA:511,0
DA:512,0
DA:513,0
DA:514,0
DA:517,0
DA:518,0
DA:519,0
DA:522,0
DA:523,0
DA:528,5
DA:529,5
DA:530,0
DA:533,5
DA:534,0
DA:540,3
DA:544,1
DA:546,20
DA:547,19
DA:549,11
DA:551,10
DA:552,12
DA:554,23
DA:555,11
DA:556,12
DA:557,4
DA:558,8
DA:560,4
DA:561,9
DA:562,9
DA:563,11
DA:564,8
DA:566,7
DA:567,9
DA:568,6
DA:569,10
DA:571,50
DA:573,19
DA:577,5
DA:578,4
DA:579,5
DA:580,2
DA:581,2
DA:582,10
DA:583,2
DA:587,16
DA:588,12
DA:589,16
DA:590,12
DA:591,17
DA:594,12
DA:595,5
DA:596,15
DA:598,2
DA:600,8
DA:601,15
DA:602,3
DA:603,6
DA:604,16
DA:605,2
DA:606,6
DA:607,4
DA:608,3
DA:611,20
DA:612,4
DA:613,1
DA:614,1
DA:615,4
DA:616,7
DA:617,2
DA:618,2
DA:622,21
DA:623,4
DA:624,1
DA:625,7
DA:626,7
DA:627,1
DA:628,9
DA:629,7
DA:630,9
DA:633,5
DA:634,20
DA:635,6
DA:636,2
DA:637,16
DA:638,14
DA:639,10
DA:640,7
DA:641,13
DA:646,17
DA:648,1
DA:652,1
DA:658,0
DA:659,12
DA:662,18
DA:665,17
DA:667,17
DA:669,11
DA:671,9
DA:672,7
DA:675,5
DA:676,8
DA:677,21
DA:678,8
DA:679,49
DA:681,49
DA:684,5
DA:685,4
DA:687,0
DA:689,0
DA:697,1
DA:698,4
DA:699,6
DA:700,17
DA:701,11
DA:703,4
DA:704,8
DA:705,20
DA:706,8
DA:707,8
DA:708,6
DA:709,11
DA:711,43
DA:727,13
DA:733,1
DA:734,4
DA:736,6
DA:737,3
DA:739,4
DA:740,1
DA:742,1
DA:744,4
DA:746,7
DA:747,0
DA:748,0
DA:750,60
DA:752,1
DA:755,6
DA:756,28
DA:757,9
DA:759,1
DA:760,9
DA:761,0
DA:763,60
DA:767,14
DA:768,3
DA:769,4
DA:770,2
DA:775,9
DA:776,4
DA:777,17
DA:779,9
DA:780,6
DA:783,12
DA:785,18
DA:786,18
DA:787,17
DA:791,18
DA:792,18
DA:793,12
DA:795,12
DA:796,4
DA:797,4
DA:803,18
DA:804,11
DA:807,50
DA:810,50
DA:813,6
DA:817,0
DA:822,0
DA:824,0
DA:827,0
DA:829,0
DA:830,0
DA:831,0
DA:832,0
DA:835,0
DA:836,0
DA:843,20
DA:844,4
DA:845,5
DA:846,10
DA:848,3
DA:849,4
DA:852,65
DA:854,2
DA:855,14
DA:856,4
DA:858,4
DA:859,19
DA:860,9
DA:862,30
DA:863,3
DA:868,0
DA:869,0
DA:870,0
DA:873,0
DA:875,0
DA:876,0
DA:877,0
DA:881,0
DA:882,0
DA:884,0
DA:887,10
DA:888,20
DA:891,23
DA:895,46
DA:898,43
DA:900,51
DA:903,6
DA:904,4
DA:905,3
DA:906,49
DA:912,8
DA:913,4
DA:914,6
DA:915,16
DA:918,1
DA:919,116
DA:920,53
DA:924,2
DA:926,1
DA:927,5
DA:928,4
DA:929,6
DA:930,7
DA:934,16
DA:935,37
DA:936,32
DA:938,20
DA:939,17
DA:940,11
DA:942,23
DA:943,15
DA:945,23
DA:946,30
DA:947,22
DA:950,2
DA:956,148
DA:957,6
DA:958,18
DA:960,4
DA:961,8
DA:962,32
DA:963,32
DA:965,5
DA:966,24
DA:967,13
DA:968,23
DA:969,4
DA:970,19
DA:972,9
DA:975,28
DA:976,8
DA:977,18
DA:978,8
DA:979,15
DA:982,21
DA:983,5
DA:986,18
DA:987,131
DA:988,3
DA:989,6
DA:990,15
DA:992,4
DA:995,1
DA:996,26
DA:999,1
DA:1000,4
DA:1004,2
DA:1005,107
DA:1007,6
DA:1008,8
DA:1009,9
DA:1010,14
DA:1011,13
DA:1012,12
DA:1013,6
DA:1014,9
DA:1015,12
DA:1017,2
DA:1018,20
DA:1019,9
DA:1020,11
DA:1021,11
DA:1024,25
DA:1025,6
DA:1029,5
DA:1030,9
DA:1031,17
DA:1032,4
DA:1034,15
DA:1038,3
DA:1039,1
DA:1040,8
DA:1041,1
DA:1050,8
DA:1052,1
DA:1055,0
DA:1061,0
DA:1074,0
DA:1075,0
DA:1078,0
DA:1079,0
DA:1081,0
DA:1082,0
DA:1085,0
DA:1086,0
DA:1088,0
DA:1089,0
DA:1096,0
DA:1097,0
DA:1099,0
DA:1100,0
DA:1101,0
DA:1108,0
DA:1109,0
DA:1110,0
DA:1114,0
DA:1116,0
DA:1117,0
DA:1119,0
DA:1122,18
DA:1123,15
DA:1128,2
DA:1129,7
DA:1131,5
DA:1132,17
DA:1134,8
DA:1138,0
DA:1144,2
DA:1145,8
DA:1146,0
DA:1150,1
DA:1151,7
DA:1152,0
DA:1156,0
DA:1157,0
DA:1158,0
DA:1162,1
DA:1163,6
DA:1164,13
DA:1168,1
DA:1169,5
DA:1170,13
DA:1174,1
DA:1178,61
DA:1179,6
DA:1180,13
DA:1186,15
DA:1187,7
DA:1188,70
DA:1189,18
DA:1191,72
DA:1193,19
DA:1195,4
DA:1200,16
DA:1202,2
DA:1203,4
DA:1205,11
DA:1208,28
DA:1209,11
DA:1210,8
DA:1211,11
DA:1212,8
DA:1213,16
DA:1214,12
DA:1215,7
DA:1218,17
DA:1220,7
DA:1221,6
DA:1224,40
DA:1226,3
DA:1228,20
DA:1229,1
DA:1230,14
DA:1231,4
DA:1232,1
DA:1233,1
DA:1234,2
DA:1235,2
DA:1238,21
DA:1239,1
DA:1240,1
DA:1241,1
DA:1242,1
DA:1243,4
DA:1244,4
DA:1245,1
DA:1246,4
DA:1250,18
DA:1257,2
DA:1258,4
DA:1261,9
DA:1264,25
DA:1265,7
DA:1266,11
DA:1267,8
DA:1268,14
DA:1269,18
DA:1274,17
DA:1276,7
DA:1277,4
DA:1278,10
DA:1281,10
DA:1282,6
DA:1285,44
DA:1287,20
DA:1288,1
DA:1289,1
DA:1290,17
DA:1291,4
DA:1292,1
DA:1293,2
DA:1294,2
DA:1297,15
DA:1298,2
DA:1299,2
DA:1300,22
DA:1302,6
DA:1303,5
DA:1305,4
DA:1308,17
DA:1310,3
DA:1311,13
DA:1312,4
DA:1313,4
DA:1314,5
DA:1315,6
DA:1322,13
DA:1323,4
DA:1324,19
DA:1325,8
DA:1326,3
DA:1330,19
DA:1337,4
DA:1339,20
DA:1340,3
DA:1341,6
DA:1342,11
DA:1343,13
DA:1345,5
DA:1346,11
DA:1351,15
DA:1352,2
DA:1353,2
DA:1354,2
DA:1355,15
DA:1356,2
DA:1357,3
DA:1358,2
DA:1361,21
DA:1362,1
DA:1363,1
DA:1364,1
DA:1365,4
DA:1366,4
DA:1367,1
DA:1368,4
DA:1369,1
DA:1373,11
DA:1376,4
DA:1378,20
DA:1379,3
DA:1380,13
DA:1382,5
DA:1383,11
DA:1386,8
DA:1389,15
DA:1390,2
DA:1391,2
DA:1392,2
DA:1393,2
DA:1394,16
DA:1395,3
DA:1396,2
DA:1399,14
DA:1400,2
DA:1401,2
DA:1402,13
DA:1403,2
DA:1404,4
DA:1405,12
DA:1406,4
DA:1407,12
DA:1411,0
DA:1418,0
DA:1419,0
DA:1420,0
DA:1421,0
DA:1424,0
DA:1425,0
DA:1426,0
DA:1427,0
DA:1428,0
DA:1429,0
DA:1430,0
DA:1431,0
DA:1434,0
DA:1435,0
DA:1436,0
DA:1437,0
DA:1438,0
DA:1439,0
DA:1440,0
DA:1441,0
DA:1442,0
DA:1445,0
DA:1446,0
DA:1448,0
DA:1449,0
DA:1450,0
DA:1451,0
DA:1452,0
DA:1453,0
DA:1459,0
DA:1469,0
DA:1470,0
DA:1472,0
DA:1474,0
DA:1477,0
DA:1478,0
DA:1479,0
DA:1480,0
DA:1481,0
DA:1484,0
DA:1485,0
DA:1486,0
DA:1487,0
DA:1488,0
DA:1489,0
DA:1490,0
DA:1491,0
DA:1494,0
DA:1495,0
DA:1496,0
DA:1497,0
DA:1501,0
DA:1502,0
DA:1505,0
DA:1506,0
DA:1509,0
DA:1512,0
DA:1515,11
DA:1524,4
DA:1527,20
DA:1529,9
DA:1532,6
DA:1533,11
DA:1535,5
DA:1536,11
DA:1539,20
DA:1540,1
DA:1541,1
DA:1542,17
DA:1543,1
DA:1544,1
DA:1545,2
DA:1546,2
DA:1549,21
DA:1550,1
DA:1551,1
DA:1552,19
DA:1553,4
DA:1554,4
DA:1555,14
DA:1556,4
DA:1557,14
DA:1560,9
DA:1562,2
DA:1563,14
DA:1564,4
DA:1565,4
DA:1566,5
DA:1567,7
DA:1574,19
DA:1583,4
DA:1585,15
DA:1587,9
DA:1588,6
DA:1589,21
DA:1591,17
DA:1593,3
DA:1594,2
DA:1595,2
DA:1596,16
DA:1597,6
DA:1598,7
DA:1602,13
DA:1603,11
DA:1606,5
DA:1607,9
DA:1612,15
DA:1614,2
DA:1615,2
DA:1616,14
DA:1617,6
DA:1618,2
DA:1622,22
DA:1623,2
DA:1624,1
DA:1625,14
DA:1626,2
DA:1627,4
DA:1628,12
DA:1629,4
DA:1630,12
DA:1634,15
DA:1637,4
DA:1639,35
DA:1640,8
DA:1641,9
DA:1642,16
DA:1644,20
DA:1646,15
DA:1658,16
DA:1664,4
DA:1666,24
DA:1667,5
DA:1668,8
DA:1669,12
DA:1671,15
DA:1676,6
DA:1678,5
DA:1683,11
DA:1690,4
DA:1692,22
DA:1693,5
DA:1694,8
DA:1695,11
DA:1696,13
DA:1698,7
DA:1704,5
DA:1705,5
DA:1706,2
DA:1710,0
DA:1711,0
DA:1712,0
DA:1716,0
DA:1719,0
DA:1720,0
DA:1721,0
DA:1722,0
DA:1724,0
DA:1725,0
DA:1727,0
DA:1728,0
DA:1729,0
DA:1730,0
DA:1731,0
DA:1732,0
DA:1733,0
DA:1734,0
DA:1735,0
DA:1736,0
DA:1737,0
DA:1740,0
DA:1741,0
DA:1744,0
DA:1745,0
DA:1746,0
DA:1747,0
DA:1748,0
DA:1749,0
DA:1750,0
DA:1751,0
DA:1754,0
DA:1755,0
DA:1756,0
DA:1757,0
DA:1758,0
DA:1759,0
DA:1760,0
DA:1761,0
DA:1762,0
DA:1765,0
DA:1766,0
DA:1767,0
DA:1768,0
DA:1769,0
DA:1770,0
DA:1771,0
DA:1772,0
DA:1775,0
DA:1780,9
DA:1788,6
DA:1790,20
DA:1792,2
DA:1793,22
DA:1794,1
DA:1795,13
DA:1796,12
DA:1798,13
DA:1799,3
DA:1802,15
DA:1803,15
DA:1805,7
DA:1807,9
DA:1808,3
DA:1811,7
DA:1813,15
DA:1816,27
DA:1817,20
DA:1818,21
DA:1819,4
DA:1824,7
DA:1825,0
DA:1826,0
DA:1827,0
DA:1829,15
DA:1831,30
DA:1832,20
DA:1833,21
DA:1838,26
DA:1841,16
DA:1842,1
DA:1843,13
DA:1844,12
DA:1846,13
DA:1847,3
DA:1850,15
DA:1851,17
DA:1853,7
DA:1855,21
DA:1856,5
DA:1858,21
DA:1867,1
DA:1873,15
DA:1874,0
DA:1878,11
DA:1888,4
DA:1892,4
DA:1893,7
DA:1897,16
DA:1898,7
DA:1899,10
DA:1900,7
DA:1901,16
DA:1904,5
DA:1905,11
DA:1908,15
DA:1909,2
DA:1910,2
DA:1911,2
DA:1912,15
DA:1913,2
DA:1914,3
DA:1915,2
DA:1918,15
DA:1919,2
DA:1920,2
DA:1921,2
DA:1922,7
DA:1923,5
DA:1925,4
DA:1929,9
DA:1931,1
DA:1932,13
DA:1933,4
DA:1934,4
DA:1935,4
DA:1936,5
DA:1943,2
DA:1955,131
DA:1959,20
DA:1960,14
DA:1962,32
DA:1963,20
DA:1964,30
DA:1965,13
DA:1967,18
DA:1968,6
end_of_record

SF:/home/giorgio/Documents/FuzzCademy/BootCamp/liquity/bold-fuzz/contracts/src/TroveNFT.sol
DA:14,117
DA:15,0
DA:19,0
DA:21,27
DA:23,138
DA:24,138
DA:27,66
DA:28,66
DA:29,66
DA:30,61
DA:33,0
DA:34,0
DA:36,0
DA:37,0
DA:38,0
DA:39,0
DA:40,0
DA:41,0
DA:42,0
DA:43,0
DA:44,0
DA:47,0
DA:50,17
DA:51,4
DA:52,6
DA:55,0
DA:56,0
DA:57,0
DA:60,2
DA:61,7
end_of_record

SF:/home/giorgio/Documents/FuzzCademy/BootCamp/liquity/bold-fuzz/contracts/src/Types/BatchId.sol
DA:9,1
DA:10,7
DA:14,1
DA:17,2
DA:18,1
DA:21,4
DA:22,8
end_of_record

SF:/home/giorgio/Documents/FuzzCademy/BootCamp/liquity/bold-fuzz/contracts/src/Types/LatestBatchData.sol
end_of_record

SF:/home/giorgio/Documents/FuzzCademy/BootCamp/liquity/bold-fuzz/contracts/src/Types/LatestTroveData.sol
end_of_record

SF:/home/giorgio/Documents/FuzzCademy/BootCamp/liquity/bold-fuzz/contracts/src/Types/TroveChange.sol
end_of_record

SF:/home/giorgio/Documents/FuzzCademy/BootCamp/liquity/bold-fuzz/contracts/src/Types/TroveId.sol
end_of_record

SF:/home/giorgio/Documents/FuzzCademy/BootCamp/liquity/bold-fuzz/contracts/src/Zappers/BaseZapper.sol
DA:16,0
DA:17,0
DA:18,0
DA:19,0
DA:21,0
DA:22,0
DA:25,0
DA:27,0
DA:28,0
DA:29,0
DA:30,0
DA:32,0
DA:33,0
DA:36,0
DA:42,0
DA:43,0
DA:46,0
DA:47,0
DA:50,0
DA:51,0
end_of_record

SF:/home/giorgio/Documents/FuzzCademy/BootCamp/liquity/bold-fuzz/contracts/src/Zappers/GasCompZapper.sol
DA:10,0
DA:13,0
DA:15,0
DA:16,0
DA:18,0
DA:19,0
DA:22,0
DA:24,0
DA:26,0
DA:29,0
DA:30,0
DA:31,0
DA:32,0
DA:37,0
DA:40,0
DA:42,0
DA:43,0
DA:44,0
DA:45,0
DA:46,0
DA:47,0
DA:48,0
DA:49,0
DA:50,0
DA:51,0
DA:52,0
DA:55,0
DA:56,0
DA:57,0
DA:59,0
DA:60,0
DA:61,0
DA:63,0
DA:64,0
DA:65,0
DA:66,0
DA:67,0
DA:68,0
DA:69,0
DA:70,0
DA:73,0
DA:77,0
DA:78,0
DA:81,0
DA:84,0
DA:85,0
DA:87,0
DA:90,0
DA:91,0
DA:92,0
DA:94,0
DA:97,0
DA:99,0
DA:102,0
DA:103,0
DA:104,0
DA:106,0
DA:109,0
DA:112,0
DA:113,0
DA:114,0
DA:116,0
DA:119,0
DA:122,0
DA:123,0
DA:124,0
DA:127,0
DA:128,0
DA:131,0
DA:133,0
DA:136,0
DA:139,0
DA:147,0
DA:148,0
DA:149,0
DA:150,0
DA:153,0
DA:156,0
DA:165,0
DA:166,0
DA:167,0
DA:168,0
DA:169,0
DA:172,0
DA:175,0
DA:182,0
DA:183,0
DA:184,0
DA:187,0
DA:190,0
DA:191,0
DA:195,0
DA:196,0
DA:199,0
DA:202,0
DA:211,0
DA:212,0
DA:216,0
DA:217,0
DA:221,0
DA:224,0
DA:225,0
DA:226,0
DA:229,0
DA:230,0
DA:232,0
DA:235,0
DA:238,0
DA:239,0
DA:240,0
DA:243,0
DA:244,0
DA:245,0
DA:246,0
DA:247,0
DA:250,0
DA:251,0
DA:252,0
DA:253,0
DA:256,0
DA:257,0
DA:261,0
DA:264,0
DA:268,0
DA:270,0
DA:274,0
DA:280,0
DA:283,0
DA:286,0
DA:289,0
DA:290,0
DA:291,0
DA:297,0
DA:301,0
DA:305,0
end_of_record

SF:/home/giorgio/Documents/FuzzCademy/BootCamp/liquity/bold-fuzz/contracts/src/Zappers/Interfaces/IExchange.sol
end_of_record

SF:/home/giorgio/Documents/FuzzCademy/BootCamp/liquity/bold-fuzz/contracts/src/Zappers/Interfaces/IExchangeHelpers.sol
end_of_record

SF:/home/giorgio/Documents/FuzzCademy/BootCamp/liquity/bold-fuzz/contracts/src/Zappers/Interfaces/IFlashLoanProvider.sol
end_of_record

SF:/home/giorgio/Documents/FuzzCademy/BootCamp/liquity/bold-fuzz/contracts/src/Zappers/Interfaces/IFlashLoanReceiver.sol
end_of_record

SF:/home/giorgio/Documents/FuzzCademy/BootCamp/liquity/bold-fuzz/contracts/src/Zappers/Interfaces/ILeverageZapper.sol
end_of_record

SF:/home/giorgio/Documents/FuzzCademy/BootCamp/liquity/bold-fuzz/contracts/src/Zappers/Interfaces/IZapper.sol
end_of_record

SF:/home/giorgio/Documents/FuzzCademy/BootCamp/liquity/bold-fuzz/contracts/src/Zappers/LeftoversSweep.sol
DA:10,17
DA:19,0
DA:24,0
DA:27,0
DA:33,0
DA:34,0
DA:35,0
DA:38,0
DA:39,0
DA:42,0
DA:43,0
DA:44,0
DA:46,0
DA:48,0
DA:51,0
DA:52,0
DA:53,0
DA:55,0
DA:56,0
DA:57,0
DA:58,0
end_of_record

SF:/home/giorgio/Documents/FuzzCademy/BootCamp/liquity/bold-fuzz/contracts/src/Zappers/LeverageLSTZapper.sol
DA:10,0
DA:13,0
DA:14,0
DA:18,0
DA:21,0
DA:22,0
DA:23,0
DA:24,0
DA:29,0
DA:30,0
DA:33,0
DA:36,0
DA:39,0
DA:40,0
DA:44,0
DA:48,0
DA:52,0
DA:54,0
DA:58,0
DA:59,0
DA:60,0
DA:61,0
DA:62,0
DA:63,0
DA:64,0
DA:65,0
DA:66,0
DA:67,0
DA:68,0
DA:71,0
DA:72,0
DA:73,0
DA:75,0
DA:76,0
DA:77,0
DA:79,0
DA:80,0
DA:81,0
DA:82,0
DA:83,0
DA:84,0
DA:85,0
DA:86,0
DA:89,0
DA:93,0
DA:94,0
DA:98,0
DA:99,0
DA:102,0
DA:105,0
DA:108,0
DA:109,0
DA:110,0
DA:113,0
DA:114,0
DA:117,0
DA:118,0
DA:122,0
DA:126,0
DA:130,0
DA:134,0
DA:135,0
DA:137,0
DA:138,0
DA:140,0
DA:147,0
DA:150,0
DA:153,0
DA:154,0
DA:155,0
DA:158,0
DA:159,0
DA:162,0
DA:163,0
DA:171,0
DA:174,0
DA:175,0
DA:181,0
DA:184,0
DA:185,0
DA:186,0
DA:194,0
DA:198,0
DA:199,0
end_of_record

SF:/home/giorgio/Documents/FuzzCademy/BootCamp/liquity/bold-fuzz/contracts/src/Zappers/LeverageWETHZapper.sol
DA:11,0
DA:12,0
DA:13,0
DA:17,0
DA:20,0
DA:21,0
DA:22,0
DA:23,0
DA:28,0
DA:29,0
DA:32,0
DA:35,0
DA:36,0
DA:40,0
DA:44,0
DA:47,0
DA:48,0
DA:50,0
DA:53,0
DA:55,0
DA:56,0
DA:57,0
DA:58,0
DA:59,0
DA:60,0
DA:61,0
DA:62,0
DA:63,0
DA:64,0
DA:67,0
DA:68,0
DA:69,0
DA:71,0
DA:72,0
DA:73,0
DA:75,0
DA:76,0
DA:77,0
DA:78,0
DA:79,0
DA:80,0
DA:81,0
DA:82,0
DA:85,0
DA:89,0
DA:90,0
DA:94,0
DA:95,0
DA:98,0
DA:101,0
DA:105,0
DA:106,0
DA:107,0
DA:110,0
DA:111,0
DA:114,0
DA:115,0
DA:119,0
DA:123,0
DA:127,0
DA:131,0
DA:132,0
DA:134,0
DA:135,0
DA:137,0
DA:144,0
DA:147,0
DA:150,0
DA:151,0
DA:152,0
DA:155,0
DA:156,0
DA:159,0
DA:160,0
DA:168,0
DA:172,0
DA:178,0
DA:181,0
DA:182,0
DA:183,0
DA:191,0
DA:195,0
DA:196,0
end_of_record

SF:/home/giorgio/Documents/FuzzCademy/BootCamp/liquity/bold-fuzz/contracts/src/Zappers/Modules/Exchanges/Curve/ICurveFactory.sol
end_of_record

SF:/home/giorgio/Documents/FuzzCademy/BootCamp/liquity/bold-fuzz/contracts/src/Zappers/Modules/Exchanges/Curve/ICurvePool.sol
end_of_record

SF:/home/giorgio/Documents/FuzzCademy/BootCamp/liquity/bold-fuzz/contracts/src/Zappers/Modules/Exchanges/Curve/ICurveStableswapNGFactory.sol
end_of_record

SF:/home/giorgio/Documents/FuzzCademy/BootCamp/liquity/bold-fuzz/contracts/src/Zappers/Modules/Exchanges/Curve/ICurveStableswapNGPool.sol
end_of_record

SF:/home/giorgio/Documents/FuzzCademy/BootCamp/liquity/bold-fuzz/contracts/src/Zappers/Modules/Exchanges/CurveExchange.sol
DA:11,0
DA:14,0
DA:15,0
DA:16,0
DA:17,0
DA:18,0
DA:20,0
DA:27,0
DA:28,0
DA:29,0
DA:30,0
DA:31,0
DA:34,0
DA:35,0
DA:36,0
DA:37,0
DA:38,0
DA:40,0
DA:41,0
DA:43,0
DA:44,0
DA:45,0
DA:49,0
DA:50,0
DA:51,0
DA:52,0
DA:53,0
DA:55,0
DA:56,0
DA:58,0
DA:59,0
DA:60,0
DA:63,0
end_of_record

SF:/home/giorgio/Documents/FuzzCademy/BootCamp/liquity/bold-fuzz/contracts/src/Zappers/Modules/Exchanges/HybridCurveUniV3Exchange.sol
DA:19,0
DA:23,0
DA:24,0
DA:25,0
DA:26,0
DA:29,0
DA:30,0
DA:31,0
DA:34,0
DA:35,0
DA:36,0
DA:38,0
DA:52,0
DA:53,0
DA:54,0
DA:55,0
DA:58,0
DA:59,0
DA:60,0
DA:63,0
DA:64,0
DA:65,0
DA:69,0
DA:70,0
DA:71,0
DA:74,0
DA:75,0
DA:77,0
DA:80,0
DA:83,0
DA:84,0
DA:85,0
DA:87,0
DA:90,0
DA:92,0
DA:93,0
DA:99,0
DA:102,0
DA:106,0
DA:107,0
DA:108,0
DA:111,0
DA:112,0
DA:115,0
DA:116,0
DA:117,0
DA:119,0
DA:122,0
DA:124,0
DA:125,0
DA:131,0
DA:134,0
DA:136,0
DA:137,0
DA:138,0
DA:141,0
DA:143,0
DA:146,0
DA:147,0
DA:148,0
DA:149,0
DA:150,0
DA:151,0
DA:153,0
end_of_record

SF:/home/giorgio/Documents/FuzzCademy/BootCamp/liquity/bold-fuzz/contracts/src/Zappers/Modules/Exchanges/HybridCurveUniV3ExchangeHelpers.sol
DA:13,0
DA:14,0
DA:18,0
DA:19,0
DA:22,0
DA:23,0
DA:24,0
DA:27,0
DA:28,0
DA:29,0
DA:49,0
DA:61,0
DA:62,0
DA:65,0
DA:66,0
DA:67,0
DA:70,0
DA:71,0
DA:72,0
DA:75,0
DA:77,0
DA:80,0
DA:83,0
DA:84,0
DA:85,0
DA:87,0
DA:90,0
DA:92,0
DA:93,0
DA:96,0
end_of_record

SF:/home/giorgio/Documents/FuzzCademy/BootCamp/liquity/bold-fuzz/contracts/src/Zappers/Modules/Exchanges/UniV3Exchange.sol
DA:15,0
DA:18,0
DA:19,0
DA:20,0
DA:21,0
DA:23,0
DA:24,0
DA:25,0
DA:26,0
DA:27,0
DA:30,0
DA:31,0
DA:34,0
DA:35,0
DA:37,0
DA:38,0
DA:40,0
DA:41,0
DA:42,0
DA:43,0
DA:44,0
DA:45,0
DA:51,0
DA:54,0
DA:57,0
DA:58,0
DA:61,0
DA:62,0
DA:64,0
DA:65,0
DA:67,0
DA:68,0
DA:69,0
DA:70,0
DA:71,0
DA:72,0
DA:78,0
DA:81,0
DA:83,0
DA:86,0
DA:88,0
DA:89,0
DA:94,0
end_of_record

SF:/home/giorgio/Documents/FuzzCademy/BootCamp/liquity/bold-fuzz/contracts/src/Zappers/Modules/Exchanges/UniswapV3/INonfungiblePositionManager.sol
end_of_record

SF:/home/giorgio/Documents/FuzzCademy/BootCamp/liquity/bold-fuzz/contracts/src/Zappers/Modules/Exchanges/UniswapV3/IPoolInitializer.sol
end_of_record

SF:/home/giorgio/Documents/FuzzCademy/BootCamp/liquity/bold-fuzz/contracts/src/Zappers/Modules/Exchanges/UniswapV3/IQuoterV2.sol
end_of_record

SF:/home/giorgio/Documents/FuzzCademy/BootCamp/liquity/bold-fuzz/contracts/src/Zappers/Modules/Exchanges/UniswapV3/ISwapRouter.sol
end_of_record

SF:/home/giorgio/Documents/FuzzCademy/BootCamp/liquity/bold-fuzz/contracts/src/Zappers/Modules/Exchanges/UniswapV3/IUniswapV3Factory.sol
end_of_record

SF:/home/giorgio/Documents/FuzzCademy/BootCamp/liquity/bold-fuzz/contracts/src/Zappers/Modules/Exchanges/UniswapV3/IUniswapV3Pool.sol
end_of_record

SF:/home/giorgio/Documents/FuzzCademy/BootCamp/liquity/bold-fuzz/contracts/src/Zappers/Modules/Exchanges/UniswapV3/UniPriceConverter.sol
DA:9,0
DA:10,0
DA:12,0
DA:14,0
DA:16,0
DA:20,0
DA:22,0
DA:24,0
DA:26,0
DA:28,0
end_of_record

SF:/home/giorgio/Documents/FuzzCademy/BootCamp/liquity/bold-fuzz/contracts/src/Zappers/Modules/FlashLoans/Balancer/vault/IFlashLoanRecipient.sol
end_of_record

SF:/home/giorgio/Documents/FuzzCademy/BootCamp/liquity/bold-fuzz/contracts/src/Zappers/Modules/FlashLoans/Balancer/vault/IVault.sol
end_of_record

SF:/home/giorgio/Documents/FuzzCademy/BootCamp/liquity/bold-fuzz/contracts/src/Zappers/Modules/FlashLoans/BalancerFlashLoan.sol
DA:13,0
DA:16,0
DA:17,0
DA:19,0
DA:20,0
DA:21,0
DA:22,0
DA:23,0
DA:26,0
DA:27,0
DA:28,0
DA:29,0
DA:30,0
DA:31,0
DA:32,0
DA:33,0
DA:34,0
DA:35,0
DA:36,0
DA:37,0
DA:38,0
DA:39,0
DA:40,0
DA:41,0
DA:43,0
DA:47,0
DA:49,0
DA:52,0
DA:57,0
DA:58,0
DA:59,0
DA:64,0
DA:65,0
DA:68,0
DA:70,0
DA:73,0
DA:74,0
DA:76,0
DA:78,0
DA:80,0
DA:81,0
DA:84,0
DA:85,0
DA:87,0
DA:89,0
DA:91,0
DA:92,0
DA:95,0
DA:96,0
DA:98,0
DA:100,0
DA:102,0
DA:103,0
DA:106,0
DA:108,0
DA:110,0
DA:112,0
DA:118,0
end_of_record

SF:/home/giorgio/Documents/FuzzCademy/BootCamp/liquity/bold-fuzz/contracts/src/Zappers/WETHZapper.sol
DA:8,0
DA:9,0
DA:10,0
DA:12,0
DA:15,0
DA:17,0
DA:20,0
DA:21,0
DA:22,0
DA:23,0
DA:28,0
DA:30,0
DA:31,0
DA:32,0
DA:33,0
DA:34,0
DA:35,0
DA:36,0
DA:37,0
DA:38,0
DA:39,0
DA:40,0
DA:43,0
DA:44,0
DA:45,0
DA:47,0
DA:48,0
DA:49,0
DA:51,0
DA:52,0
DA:53,0
DA:54,0
DA:55,0
DA:56,0
DA:57,0
DA:58,0
DA:61,0
DA:65,0
DA:66,0
DA:69,0
DA:72,0
DA:73,0
DA:75,0
DA:78,0
DA:79,0
DA:80,0
DA:82,0
DA:84,0
DA:87,0
DA:88,0
DA:89,0
DA:91,0
DA:94,0
DA:95,0
DA:99,0
DA:100,0
DA:101,0
DA:103,0
DA:106,0
DA:109,0
DA:110,0
DA:111,0
DA:114,0
DA:115,0
DA:118,0
DA:120,0
DA:123,0
DA:126,0
DA:133,0
DA:134,0
DA:135,0
DA:136,0
DA:137,0
DA:140,0
DA:143,0
DA:152,0
DA:153,0
DA:154,0
DA:155,0
DA:156,0
DA:159,0
DA:162,0
DA:169,0
DA:170,0
DA:171,0
DA:173,0
DA:176,0
DA:177,0
DA:180,0
DA:183,0
DA:184,0
DA:188,0
DA:189,0
DA:192,0
DA:195,0
DA:202,0
DA:204,0
DA:205,0
DA:209,0
DA:210,0
DA:211,0
DA:216,0
DA:217,0
DA:218,0
DA:219,0
DA:222,0
DA:223,0
DA:226,0
DA:227,0
DA:228,0
DA:231,0
DA:232,0
DA:234,0
DA:236,0
DA:237,0
DA:238,0
DA:241,0
DA:242,0
DA:243,0
DA:244,0
DA:245,0
DA:248,0
DA:249,0
DA:250,0
DA:251,0
DA:254,0
DA:255,0
DA:259,0
DA:262,0
DA:266,0
DA:268,0
DA:272,0
DA:278,0
DA:281,0
DA:284,0
DA:285,0
DA:286,0
DA:293,0
DA:297,0
DA:301,0
end_of_record

SF:/home/giorgio/Documents/FuzzCademy/BootCamp/liquity/bold-fuzz/contracts/test/recon/BeforeAfter.sol
end_of_record

SF:/home/giorgio/Documents/FuzzCademy/BootCamp/liquity/bold-fuzz/contracts/test/recon/CryticTester.sol
DA:11,781
DA:13,4
end_of_record

SF:/home/giorgio/Documents/FuzzCademy/BootCamp/liquity/bold-fuzz/contracts/test/recon/CryticToFoundry.sol
DA:11,0
DA:12,0
DA:13,0
DA:16,0
DA:17,0
DA:18,0
DA:19,0
DA:20,0
DA:22,0
DA:23,0
DA:24,0
DA:25,0
DA:26,0
DA:27,0
DA:28,0
DA:30,0
DA:32,0
DA:33,0
DA:34,0
DA:35,0
DA:36,0
DA:37,0
end_of_record

SF:/home/giorgio/Documents/FuzzCademy/BootCamp/liquity/bold-fuzz/contracts/test/recon/Deployer.sol
DA:71,19
DA:78,3
DA:80,72
DA:81,72
DA:82,72
DA:83,72
DA:87,42
DA:88,58
DA:95,14
DA:96,63
DA:97,19
DA:99,132
DA:100,21
DA:101,23
DA:102,22
DA:103,22
DA:104,24
DA:105,3
DA:106,22
DA:107,22
DA:108,22
DA:109,1
DA:110,22
DA:111,22
DA:112,26
DA:113,22
DA:114,22
DA:115,22
DA:116,22
DA:117,4
DA:119,42
DA:121,43
DA:123,42
DA:125,41
DA:126,34
DA:127,36
DA:128,36
DA:129,49
DA:130,45
DA:131,43
DA:132,36
DA:133,40
DA:134,10
DA:135,37
DA:136,41
DA:137,34
DA:138,36
DA:139,36
DA:140,36
DA:141,36
DA:143,40
DA:144,17
DA:146,49
end_of_record

SF:/home/giorgio/Documents/FuzzCademy/BootCamp/liquity/bold-fuzz/contracts/test/recon/PredeployCalculator.sol
DA:6,0
DA:7,42
DA:8,48
DA:9,6
DA:11,65
DA:12,64
DA:13,64
DA:14,64
DA:15,64
DA:16,64
DA:17,64
DA:18,64
DA:19,64
DA:20,64
DA:21,64
DA:22,64
DA:23,64
DA:24,64
DA:25,64
DA:26,62
DA:29,2
DA:31,58
end_of_record

SF:/home/giorgio/Documents/FuzzCademy/BootCamp/liquity/bold-fuzz/contracts/test/recon/Properties.sol
end_of_record

SF:/home/giorgio/Documents/FuzzCademy/BootCamp/liquity/bold-fuzz/contracts/test/recon/Setup.sol
DA:33,11
DA:34,9
DA:35,9
DA:36,9
DA:37,10
DA:50,2
DA:51,32
DA:52,25
DA:53,24
DA:54,24
DA:55,25
DA:57,13
end_of_record

SF:/home/giorgio/Documents/FuzzCademy/BootCamp/liquity/bold-fuzz/contracts/test/recon/TargetFunctions.sol
DA:49,15
DA:54,54
end_of_record

SF:/home/giorgio/Documents/FuzzCademy/BootCamp/liquity/bold-fuzz/contracts/test/recon/managers/Helpers.sol
DA:11,5
DA:12,30
DA:15,3
DA:17,2
DA:20,73
DA:21,5
DA:23,6
DA:24,6
DA:25,10
end_of_record

SF:/home/giorgio/Documents/FuzzCademy/BootCamp/liquity/bold-fuzz/contracts/test/recon/managers/Manager.sol
DA:14,11
DA:15,53
DA:16,64
DA:19,11
DA:20,53
DA:21,20
DA:24,12
DA:25,42
DA:28,12
DA:29,10
DA:30,21
DA:33,12
DA:34,10
DA:35,21
DA:38,12
DA:39,10
DA:40,21
DA:43,11
DA:44,7
DA:45,0
DA:48,12
DA:49,10
DA:50,21
DA:53,11
DA:54,117
DA:55,0
DA:58,9
DA:59,2
DA:62,5
DA:63,23
DA:66,5
DA:67,67
DA:68,6
DA:69,12
DA:70,61
DA:71,71
DA:72,22
end_of_record

SF:/home/giorgio/Documents/FuzzCademy/BootCamp/liquity/bold-fuzz/contracts/test/recon/managers/Modifiers.sol
DA:16,34
DA:17,35
DA:27,44
DA:37,80
end_of_record

SF:/home/giorgio/Documents/FuzzCademy/BootCamp/liquity/bold-fuzz/contracts/test/recon/mocks/ERC20.sol
DA:9,89
DA:10,19
DA:11,6
end_of_record

SF:/home/giorgio/Documents/FuzzCademy/BootCamp/liquity/bold-fuzz/contracts/test/recon/mocks/IERC20.sol
end_of_record

SF:/home/giorgio/Documents/FuzzCademy/BootCamp/liquity/bold-fuzz/contracts/test/recon/mocks/MockPriceFeed.sol
DA:6,82
DA:7,0
DA:19,27
DA:20,4
DA:21,2
DA:22,3
DA:23,5
DA:26,7
DA:27,2
DA:30,3
DA:31,9
DA:34,8
DA:35,0
DA:38,9
DA:39,14
DA:43,11
DA:44,4
DA:45,5
DA:48,11
DA:49,4
DA:50,5
DA:53,4
DA:54,0
DA:55,8
DA:58,11
DA:59,15
DA:60,6
end_of_record

SF:/home/giorgio/Documents/FuzzCademy/BootCamp/liquity/bold-fuzz/contracts/test/recon/mocks/WETH.sol
DA:7,70
DA:12,0
DA:13,0
DA:15,0
DA:18,2
DA:19,0
DA:21,0
DA:23,4
DA:26,23
DA:27,6
DA:31,1
end_of_record

SF:/home/giorgio/Documents/FuzzCademy/BootCamp/liquity/bold-fuzz/contracts/test/recon/targets/SPTarget.sol
DA:9,11
DA:10,16
DA:13,11
DA:14,16
DA:17,5
DA:18,39
end_of_record

SF:/home/giorgio/Documents/FuzzCademy/BootCamp/liquity/bold-fuzz/contracts/test/recon/targets/boldToken/BoldTokenTarget.sol
DA:10,11
DA:16,49
DA:19,0
DA:22,11
DA:23,16
end_of_record

SF:/home/giorgio/Documents/FuzzCademy/BootCamp/liquity/bold-fuzz/contracts/test/recon/targets/borrowerOperations/BOClamped.sol
DA:14,13
DA:16,1
DA:18,7
DA:19,76
DA:20,9
DA:21,16
DA:22,14
DA:23,14
DA:27,11
DA:28,3
DA:29,6
DA:30,4
DA:35,11
DA:36,7
DA:37,4
DA:38,69
DA:39,6
DA:43,11
DA:50,7
DA:51,7
DA:52,11
DA:53,4
DA:56,3
DA:57,2
DA:61,11
DA:68,7
DA:69,7
DA:70,7
DA:72,10
DA:73,4
DA:75,9
DA:76,1
DA:80,4
DA:82,2
DA:87,11
DA:88,8
DA:89,7
DA:92,17
DA:99,4
DA:100,9
DA:104,6
DA:105,8
DA:108,5
DA:109,7
DA:110,0
DA:114,5
DA:115,11
DA:116,6
DA:120,5
DA:121,11
DA:122,6
DA:123,8
DA:126,11
DA:127,7
DA:128,41
DA:129,52
DA:130,18
DA:133,11
DA:139,7
DA:140,41
DA:141,56
DA:142,8
DA:143,0
DA:144,0
DA:148,5
DA:149,8
DA:150,5
DA:151,42
DA:152,56
DA:153,4
DA:154,8
DA:158,5
DA:159,6
DA:160,42
DA:161,56
DA:162,4
DA:163,5
DA:164,8
DA:168,11
DA:169,8
DA:170,4
DA:171,0
end_of_record

SF:/home/giorgio/Documents/FuzzCademy/BootCamp/liquity/bold-fuzz/contracts/test/recon/targets/borrowerOperations/BOHelpers.sol
DA:8,3
DA:13,3
DA:14,9
DA:15,3
DA:18,12
DA:19,6
DA:20,1
DA:21,2
DA:22,17
DA:23,16
DA:24,6
DA:27,3
DA:28,16
DA:29,15
DA:30,1
DA:33,11
DA:34,2
DA:35,58
DA:36,21
DA:37,12
DA:38,0
DA:40,4
end_of_record

SF:/home/giorgio/Documents/FuzzCademy/BootCamp/liquity/bold-fuzz/contracts/test/recon/targets/borrowerOperations/borrowerOperationsRaw/BORaw.sol
DA:11,11
DA:12,20
DA:15,17
DA:22,53
DA:23,2
DA:27,11
DA:28,19
DA:31,11
DA:41,16
DA:53,11
DA:54,16
DA:57,5
DA:58,39
DA:61,5
DA:62,52
DA:63,0
DA:66,11
DA:67,16
DA:70,11
DA:71,16
DA:74,13
DA:76,4
DA:78,69
DA:79,68
DA:80,5
DA:94,13
DA:96,2
DA:97,73
DA:98,15
DA:99,14
DA:100,14
DA:103,11
DA:110,16
DA:115,11
DA:121,18
DA:124,5
DA:125,35
DA:128,11
DA:129,20
DA:132,11
DA:133,18
DA:136,16
DA:142,54
DA:147,11
DA:153,16
DA:154,2
DA:158,20
DA:168,54
DA:169,2
DA:181,11
DA:182,16
DA:185,11
DA:186,16
DA:189,6
DA:190,61
DA:194,5
DA:195,39
DA:199,18
DA:207,54
DA:208,2
DA:218,11
DA:219,16
DA:222,14
DA:223,54
end_of_record

SF:/home/giorgio/Documents/FuzzCademy/BootCamp/liquity/bold-fuzz/contracts/test/recon/targets/priceFeed/PriceFeedTarget.sol
DA:9,8
DA:10,68
DA:13,5
DA:14,37
DA:17,11
DA:18,16
DA:21,11
DA:22,49
DA:29,11
DA:30,16
DA:33,11
DA:34,16
end_of_record

SF:/home/giorgio/Documents/FuzzCademy/BootCamp/liquity/bold-fuzz/contracts/test/recon/targets/troveManager/TM_Clamped.sol
DA:11,7
DA:12,7
DA:13,5
DA:21,5
DA:22,14
DA:23,30
DA:24,3
DA:26,9
DA:28,0
DA:29,0
DA:30,0
DA:32,2
end_of_record

SF:/home/giorgio/Documents/FuzzCademy/BootCamp/liquity/bold-fuzz/contracts/test/recon/targets/troveManager/TM_Raw/TM_Raw.sol
DA:11,11
DA:12,20
DA:15,11
DA:16,24
DA:19,5
DA:20,74
end_of_record

