TN:
SF:/home/giorgio/Documents/FuzzCademy/BootCamp/liquity/bold-fuzz/contracts/lib/Solady/src/utils/LibString.sol
DA:1,0
DA:13,0
DA:69,0
DA:76,0
DA:77,0
DA:78,0
DA:80,0
DA:81,0
DA:84,0
DA:85,0
DA:88,0
DA:89,0
DA:90,0
DA:92,0
DA:93,0
DA:94,0
DA:185,0
DA:186,0
DA:189,0
DA:190,0
DA:191,0
DA:192,0
DA:230,0
DA:236,0
DA:237,0
DA:238,0
DA:240,0
DA:241,0
DA:243,0
DA:246,0
DA:247,0
DA:248,0
DA:249,0
DA:250,0
DA:251,0
DA:263,0
DA:264,0
DA:267,0
DA:268,0
DA:269,0
DA:271,0
DA:272,0
DA:273,0
DA:274,0
DA:276,0
DA:277,0
DA:278,0
DA:284,0
DA:285,0
DA:297,0
DA:300,0
DA:305,0
DA:306,0
DA:308,0
DA:309,0
DA:310,0
DA:311,0
DA:312,0
DA:315,0
DA:316,0
DA:317,0
DA:318,0
DA:319,0
DA:320,0
DA:321,0
DA:739,0
DA:742,0
DA:746,0
DA:747,0
DA:748,0
DA:749,0
DA:750,0
DA:751,0
DA:752,0
DA:753,0
DA:754,0
DA:756,0
DA:757,0
DA:758,0
DA:759,0
DA:762,0
DA:763,0
end_of_record

SF:/home/giorgio/Documents/FuzzCademy/BootCamp/liquity/bold-fuzz/contracts/lib/Solady/src/utils/SSTORE2.sol
DA:10,0
DA:237,0
DA:244,0
DA:245,0
DA:246,0
DA:247,0
DA:248,0
DA:249,0
DA:250,0
DA:251,0
DA:253,0
DA:254,0
DA:255,0
end_of_record

SF:/home/giorgio/Documents/FuzzCademy/BootCamp/liquity/bold-fuzz/contracts/lib/chimera/src/Asserts.sol
end_of_record

SF:/home/giorgio/Documents/FuzzCademy/BootCamp/liquity/bold-fuzz/contracts/lib/chimera/src/BaseProperties.sol
end_of_record

SF:/home/giorgio/Documents/FuzzCademy/BootCamp/liquity/bold-fuzz/contracts/lib/chimera/src/BaseSetup.sol
end_of_record

SF:/home/giorgio/Documents/FuzzCademy/BootCamp/liquity/bold-fuzz/contracts/lib/chimera/src/BaseTargetFunctions.sol
end_of_record

SF:/home/giorgio/Documents/FuzzCademy/BootCamp/liquity/bold-fuzz/contracts/lib/chimera/src/CryticAsserts.sol
DA:6,0
DA:44,0
DA:45,0
DA:46,0
DA:47,0
end_of_record

SF:/home/giorgio/Documents/FuzzCademy/BootCamp/liquity/bold-fuzz/contracts/lib/chimera/src/FoundryAsserts.sol
DA:7,0
DA:28,0
DA:29,0
end_of_record

SF:/home/giorgio/Documents/FuzzCademy/BootCamp/liquity/bold-fuzz/contracts/lib/chimera/src/Hevm.sol
DA:54,10
end_of_record

SF:/home/giorgio/Documents/FuzzCademy/BootCamp/liquity/bold-fuzz/contracts/lib/forge-std/src/Base.sol
end_of_record

SF:/home/giorgio/Documents/FuzzCademy/BootCamp/liquity/bold-fuzz/contracts/lib/forge-std/src/StdAssertions.sol
DA:38,0
DA:39,0
DA:40,0
DA:42,0
DA:55,0
DA:56,0
end_of_record

SF:/home/giorgio/Documents/FuzzCademy/BootCamp/liquity/bold-fuzz/contracts/lib/forge-std/src/StdChains.sol
DA:66,0
end_of_record

SF:/home/giorgio/Documents/FuzzCademy/BootCamp/liquity/bold-fuzz/contracts/lib/forge-std/src/StdCheats.sol
end_of_record

SF:/home/giorgio/Documents/FuzzCademy/BootCamp/liquity/bold-fuzz/contracts/lib/forge-std/src/StdError.sol
DA:5,0
DA:6,0
DA:7,0
DA:8,0
DA:9,0
DA:10,0
DA:11,0
DA:12,0
DA:13,0
DA:14,0
end_of_record

SF:/home/giorgio/Documents/FuzzCademy/BootCamp/liquity/bold-fuzz/contracts/lib/forge-std/src/StdInvariant.sol
DA:83,0
DA:84,0
DA:87,0
DA:88,0
DA:91,0
DA:92,0
DA:95,0
DA:96,0
DA:99,0
DA:100,0
DA:103,0
DA:104,0
DA:107,0
DA:108,0
DA:111,0
DA:112,0
DA:115,0
DA:116,0
DA:119,0
DA:120,0
end_of_record

SF:/home/giorgio/Documents/FuzzCademy/BootCamp/liquity/bold-fuzz/contracts/lib/forge-std/src/StdJson.sol
DA:25,0
end_of_record

SF:/home/giorgio/Documents/FuzzCademy/BootCamp/liquity/bold-fuzz/contracts/lib/forge-std/src/StdMath.sol
DA:4,0
end_of_record

SF:/home/giorgio/Documents/FuzzCademy/BootCamp/liquity/bold-fuzz/contracts/lib/forge-std/src/StdStorage.sol
DA:24,0
DA:334,0
end_of_record

SF:/home/giorgio/Documents/FuzzCademy/BootCamp/liquity/bold-fuzz/contracts/lib/forge-std/src/StdStyle.sol
DA:6,0
end_of_record

SF:/home/giorgio/Documents/FuzzCademy/BootCamp/liquity/bold-fuzz/contracts/lib/forge-std/src/StdToml.sol
DA:25,0
end_of_record

SF:/home/giorgio/Documents/FuzzCademy/BootCamp/liquity/bold-fuzz/contracts/lib/forge-std/src/StdUtils.sol
end_of_record

SF:/home/giorgio/Documents/FuzzCademy/BootCamp/liquity/bold-fuzz/contracts/lib/forge-std/src/Test.sol
DA:32,0
end_of_record

SF:/home/giorgio/Documents/FuzzCademy/BootCamp/liquity/bold-fuzz/contracts/lib/forge-std/src/Vm.sol
end_of_record

SF:/home/giorgio/Documents/FuzzCademy/BootCamp/liquity/bold-fuzz/contracts/lib/forge-std/src/console.sol
DA:4,0
DA:6,0
DA:8,0
DA:9,0
DA:11,0
DA:12,0
DA:13,0
DA:14,0
DA:15,0
DA:16,0
DA:17,0
DA:18,0
DA:19,0
DA:33,0
DA:34,0
DA:193,0
DA:194,0
DA:201,0
DA:202,0
end_of_record

SF:/home/giorgio/Documents/FuzzCademy/BootCamp/liquity/bold-fuzz/contracts/lib/forge-std/src/console2.sol
end_of_record

SF:/home/giorgio/Documents/FuzzCademy/BootCamp/liquity/bold-fuzz/contracts/lib/forge-std/src/interfaces/IERC165.sol
end_of_record

SF:/home/giorgio/Documents/FuzzCademy/BootCamp/liquity/bold-fuzz/contracts/lib/forge-std/src/interfaces/IERC20.sol
end_of_record

SF:/home/giorgio/Documents/FuzzCademy/BootCamp/liquity/bold-fuzz/contracts/lib/forge-std/src/interfaces/IERC721.sol
end_of_record

SF:/home/giorgio/Documents/FuzzCademy/BootCamp/liquity/bold-fuzz/contracts/lib/forge-std/src/interfaces/IMulticall3.sol
end_of_record

SF:/home/giorgio/Documents/FuzzCademy/BootCamp/liquity/bold-fuzz/contracts/lib/forge-std/src/mocks/MockERC20.sol
DA:8,0
DA:19,0
DA:20,0
DA:23,0
DA:24,0
DA:27,0
DA:28,0
DA:41,0
DA:42,0
DA:45,0
DA:46,0
DA:49,0
DA:50,0
DA:61,0
DA:72,0
DA:73,0
DA:75,0
DA:76,0
DA:77,0
DA:79,0
DA:80,0
DA:82,0
DA:89,0
DA:90,0
DA:92,0
DA:94,0
DA:97,0
DA:98,0
DA:99,0
DA:101,0
DA:106,0
DA:107,0
DA:109,0
DA:111,0
DA:112,0
DA:114,0
DA:116,0
DA:123,0
DA:126,0
DA:127,0
DA:129,0
DA:130,0
DA:131,0
DA:133,0
DA:134,0
DA:135,0
DA:136,0
DA:139,0
DA:140,0
DA:141,0
DA:142,0
DA:153,0
DA:155,0
DA:157,0
DA:160,0
DA:161,0
DA:164,0
DA:165,0
DA:166,0
DA:167,0
DA:168,0
DA:169,0
DA:170,0
DA:171,0
DA:198,0
DA:199,0
DA:200,0
DA:204,0
DA:205,0
DA:206,0
DA:217,0
DA:220,0
DA:226,0
DA:227,0
DA:232,0
end_of_record

SF:/home/giorgio/Documents/FuzzCademy/BootCamp/liquity/bold-fuzz/contracts/lib/forge-std/src/mocks/MockERC721.sol
DA:8,0
DA:17,0
DA:18,0
DA:21,0
DA:22,0
DA:25,0
DA:35,0
DA:36,0
DA:39,0
DA:40,0
DA:42,0
DA:53,0
DA:54,0
DA:57,0
DA:58,0
DA:70,0
DA:71,0
DA:73,0
DA:74,0
DA:76,0
DA:83,0
DA:84,0
DA:86,0
DA:88,0
DA:90,0
DA:93,0
DA:94,0
DA:96,0
DA:99,0
DA:100,0
DA:102,0
DA:104,0
DA:105,0
DA:111,0
DA:113,0
DA:115,0
DA:117,0
DA:119,0
DA:122,0
DA:123,0
DA:125,0
DA:126,0
DA:127,0
DA:128,0
DA:133,0
DA:139,0
DA:141,0
DA:142,0
DA:143,0
DA:144,0
DA:153,0
DA:154,0
DA:155,0
DA:156,0
DA:226,0
DA:229,0
end_of_record

SF:/home/giorgio/Documents/FuzzCademy/BootCamp/liquity/bold-fuzz/contracts/lib/forge-std/src/safeconsole.sol
DA:6,0
end_of_record

SF:/home/giorgio/Documents/FuzzCademy/BootCamp/liquity/bold-fuzz/contracts/lib/openzeppelin-contracts/contracts/interfaces/IERC5267.sol
end_of_record

SF:/home/giorgio/Documents/FuzzCademy/BootCamp/liquity/bold-fuzz/contracts/lib/openzeppelin-contracts/contracts/token/ERC20/ERC20.sol
DA:38,0
DA:54,34
DA:55,10
DA:56,8
DA:62,0
DA:63,0
DA:70,0
DA:71,0
DA:87,0
DA:88,0
DA:94,0
DA:95,0
DA:101,0
DA:102,0
DA:113,0
DA:115,0
DA:122,0
DA:123,0
DA:136,0
DA:138,0
DA:139,0
DA:158,0
DA:160,0
DA:161,0
DA:162,0
DA:177,0
DA:179,0
DA:197,0
DA:199,0
DA:200,0
DA:202,0
DA:205,0
DA:222,0
DA:223,0
DA:224,0
DA:228,0
DA:229,0
DA:231,0
DA:234,0
DA:237,0
DA:239,0
DA:251,0
DA:252,0
DA:256,0
DA:259,0
DA:261,0
DA:277,0
DA:278,0
DA:282,0
DA:283,0
DA:285,0
DA:287,0
DA:290,0
DA:308,0
DA:309,0
DA:310,0
DA:312,0
DA:313,0
DA:324,0
DA:325,0
DA:326,0
DA:327,0
DA:329,0
DA:348,0
end_of_record

SF:/home/giorgio/Documents/FuzzCademy/BootCamp/liquity/bold-fuzz/contracts/lib/openzeppelin-contracts/contracts/token/ERC20/IERC20.sol
end_of_record

SF:/home/giorgio/Documents/FuzzCademy/BootCamp/liquity/bold-fuzz/contracts/lib/openzeppelin-contracts/contracts/token/ERC20/extensions/ERC20Permit.sol
DA:29,0
DA:49,0
DA:57,0
DA:58,0
DA:60,0
DA:62,0
DA:64,0
DA:65,0
DA:67,0
DA:73,0
DA:74,0
DA:81,0
DA:82,0
DA:90,0
DA:91,0
DA:93,0
end_of_record

SF:/home/giorgio/Documents/FuzzCademy/BootCamp/liquity/bold-fuzz/contracts/lib/openzeppelin-contracts/contracts/token/ERC20/extensions/IERC20Metadata.sol
end_of_record

SF:/home/giorgio/Documents/FuzzCademy/BootCamp/liquity/bold-fuzz/contracts/lib/openzeppelin-contracts/contracts/token/ERC20/extensions/IERC20Permit.sol
end_of_record

SF:/home/giorgio/Documents/FuzzCademy/BootCamp/liquity/bold-fuzz/contracts/lib/openzeppelin-contracts/contracts/token/ERC20/utils/SafeERC20.sol
DA:19,0
DA:26,0
DA:27,0
DA:34,0
DA:35,0
DA:117,0
DA:122,0
DA:123,0
end_of_record

SF:/home/giorgio/Documents/FuzzCademy/BootCamp/liquity/bold-fuzz/contracts/lib/openzeppelin-contracts/contracts/token/ERC721/ERC721.sol
DA:19,0
DA:44,0
DA:45,0
DA:46,0
DA:52,0
DA:53,0
DA:54,0
DA:55,0
DA:56,0
DA:62,0
DA:63,0
DA:64,0
DA:70,0
DA:72,0
DA:79,0
DA:80,0
DA:86,0
DA:87,0
DA:93,0
DA:94,0
DA:96,0
DA:97,0
DA:105,0
DA:106,0
DA:112,0
DA:113,0
DA:114,0
DA:116,0
DA:117,0
DA:121,0
DA:127,0
DA:128,0
DA:130,0
DA:136,0
DA:137,0
DA:143,0
DA:144,0
DA:150,0
DA:152,0
DA:154,0
DA:160,0
DA:161,0
DA:167,0
DA:168,0
DA:169,0
DA:190,0
DA:191,0
DA:192,0
DA:199,0
DA:210,0
DA:211,0
DA:221,0
DA:222,0
DA:223,0
DA:264,0
DA:265,0
DA:266,0
DA:271,0
DA:278,0
DA:281,0
DA:283,0
DA:299,0
DA:300,0
DA:305,0
DA:308,0
DA:313,0
DA:315,0
DA:317,0
DA:333,0
DA:334,0
DA:335,0
DA:340,0
DA:343,0
DA:351,0
DA:352,0
DA:354,0
DA:356,0
DA:366,0
DA:367,0
DA:368,0
DA:376,0
DA:377,0
DA:378,0
DA:379,0
DA:385,0
DA:386,0
DA:399,0
DA:404,0
DA:405,0
DA:406,0
DA:407,0
DA:409,0
DA:410,0
DA:414,0
DA:419,0
end_of_record

SF:/home/giorgio/Documents/FuzzCademy/BootCamp/liquity/bold-fuzz/contracts/lib/openzeppelin-contracts/contracts/token/ERC721/IERC721.sol
end_of_record

SF:/home/giorgio/Documents/FuzzCademy/BootCamp/liquity/bold-fuzz/contracts/lib/openzeppelin-contracts/contracts/token/ERC721/IERC721Receiver.sol
end_of_record

SF:/home/giorgio/Documents/FuzzCademy/BootCamp/liquity/bold-fuzz/contracts/lib/openzeppelin-contracts/contracts/token/ERC721/extensions/IERC721Metadata.sol
end_of_record

SF:/home/giorgio/Documents/FuzzCademy/BootCamp/liquity/bold-fuzz/contracts/lib/openzeppelin-contracts/contracts/utils/Address.sol
DA:9,0
DA:45,0
DA:99,0
DA:103,0
DA:104,0
DA:128,0
DA:133,0
DA:134,0
DA:135,0
DA:136,0
DA:195,0
DA:200,0
DA:201,0
DA:202,0
DA:205,0
DA:207,0
DA:209,0
DA:233,0
DA:237,0
DA:238,0
DA:241,0
end_of_record

SF:/home/giorgio/Documents/FuzzCademy/BootCamp/liquity/bold-fuzz/contracts/lib/openzeppelin-contracts/contracts/utils/Context.sol
DA:18,0
end_of_record

SF:/home/giorgio/Documents/FuzzCademy/BootCamp/liquity/bold-fuzz/contracts/lib/openzeppelin-contracts/contracts/utils/Counters.sol
DA:14,0
DA:22,0
DA:23,0
DA:28,0
end_of_record

SF:/home/giorgio/Documents/FuzzCademy/BootCamp/liquity/bold-fuzz/contracts/lib/openzeppelin-contracts/contracts/utils/ShortStrings.sol
DA:40,0
DA:42,0
DA:52,0
DA:53,0
DA:54,0
DA:55,0
DA:57,0
DA:63,0
DA:64,0
DA:66,0
DA:69,0
DA:70,0
DA:78,0
DA:79,0
DA:80,0
DA:81,0
DA:89,0
DA:90,0
DA:91,0
DA:93,0
DA:101,0
DA:102,0
DA:103,0
DA:105,0
end_of_record

SF:/home/giorgio/Documents/FuzzCademy/BootCamp/liquity/bold-fuzz/contracts/lib/openzeppelin-contracts/contracts/utils/StorageSlot.sol
DA:34,0
end_of_record

SF:/home/giorgio/Documents/FuzzCademy/BootCamp/liquity/bold-fuzz/contracts/lib/openzeppelin-contracts/contracts/utils/Strings.sol
DA:12,0
DA:19,0
DA:21,0
DA:22,0
DA:26,0
DA:28,0
DA:29,0
DA:32,0
DA:34,0
DA:35,0
DA:37,0
end_of_record

SF:/home/giorgio/Documents/FuzzCademy/BootCamp/liquity/bold-fuzz/contracts/lib/openzeppelin-contracts/contracts/utils/cryptography/ECDSA.sol
DA:14,0
DA:23,0
DA:24,0
DA:26,0
DA:27,0
DA:28,0
DA:29,0
DA:30,0
DA:31,0
DA:124,0
DA:134,0
DA:135,0
DA:139,0
DA:140,0
DA:141,0
DA:144,0
DA:151,0
DA:152,0
DA:153,0
DA:154,0
DA:197,0
DA:200,0
DA:201,0
DA:202,0
DA:203,0
DA:204,0
end_of_record

SF:/home/giorgio/Documents/FuzzCademy/BootCamp/liquity/bold-fuzz/contracts/lib/openzeppelin-contracts/contracts/utils/cryptography/EIP712.sol
DA:39,0
DA:67,0
DA:68,0
DA:69,0
DA:70,0
DA:71,0
DA:73,0
DA:74,0
DA:75,0
DA:81,0
DA:82,0
DA:83,0
DA:85,0
DA:89,0
DA:90,0
DA:108,0
DA:109,0
DA:117,0
DA:123,0
DA:124,0
DA:132,0
DA:134,0
DA:135,0
DA:136,0
DA:137,0
DA:138,0
DA:139,0
end_of_record

SF:/home/giorgio/Documents/FuzzCademy/BootCamp/liquity/bold-fuzz/contracts/lib/openzeppelin-contracts/contracts/utils/introspection/ERC165.sol
DA:27,0
end_of_record

SF:/home/giorgio/Documents/FuzzCademy/BootCamp/liquity/bold-fuzz/contracts/lib/openzeppelin-contracts/contracts/utils/introspection/IERC165.sol
end_of_record

SF:/home/giorgio/Documents/FuzzCademy/BootCamp/liquity/bold-fuzz/contracts/lib/openzeppelin-contracts/contracts/utils/math/Math.sol
DA:9,0
DA:26,0
DA:27,0
DA:45,0
DA:47,0
DA:152,0
DA:153,0
DA:154,0
DA:167,0
DA:174,0
DA:175,0
DA:176,0
DA:177,0
DA:178,0
DA:179,0
DA:180,0
DA:181,0
DA:199,0
DA:202,0
DA:203,0
DA:204,0
DA:206,0
DA:207,0
DA:208,0
DA:210,0
DA:211,0
DA:212,0
DA:214,0
DA:215,0
DA:216,0
DA:218,0
DA:219,0
DA:220,0
DA:222,0
DA:223,0
DA:224,0
DA:226,0
DA:227,0
DA:228,0
DA:230,0
DA:231,0
DA:234,0
DA:252,0
DA:255,0
DA:256,0
DA:257,0
DA:259,0
DA:260,0
DA:261,0
DA:263,0
DA:264,0
DA:265,0
DA:267,0
DA:268,0
DA:269,0
DA:271,0
DA:272,0
DA:273,0
DA:275,0
DA:276,0
DA:277,0
DA:279,0
DA:280,0
DA:283,0
end_of_record

SF:/home/giorgio/Documents/FuzzCademy/BootCamp/liquity/bold-fuzz/contracts/lib/openzeppelin-contracts/contracts/utils/math/SignedMath.sol
DA:9,0
end_of_record

SF:/home/giorgio/Documents/FuzzCademy/BootCamp/liquity/bold-fuzz/contracts/src/ActivePool.sol
DA:22,0
DA:25,0
DA:27,0
DA:28,0
DA:29,0
DA:30,0
DA:32,0
DA:34,0
DA:35,0
DA:41,0
DA:47,0
DA:50,0
DA:53,0
DA:56,0
DA:60,0
DA:62,0
DA:74,0
DA:75,0
DA:76,0
DA:77,0
DA:78,0
DA:79,0
DA:80,0
DA:81,0
DA:83,0
DA:84,0
DA:85,0
DA:86,0
DA:87,0
DA:90,0
DA:100,0
DA:101,0
DA:104,0
DA:105,0
DA:112,0
DA:115,0
DA:116,0
DA:119,0
DA:120,0
DA:121,0
DA:123,0
DA:126,0
DA:129,0
DA:134,0
DA:136,0
DA:138,0
DA:139,0
DA:140,0
DA:141,0
DA:142,0
DA:143,0
DA:145,0
DA:146,0
DA:147,0
DA:152,0
DA:156,0
DA:157,0
DA:162,0
DA:163,0
DA:165,0
DA:167,0
DA:170,0
DA:171,0
DA:173,0
DA:175,0
DA:178,0
DA:179,0
DA:184,0
DA:185,0
DA:187,0
DA:190,0
DA:193,0
DA:194,0
DA:196,0
DA:199,0
DA:200,0
DA:201,0
DA:203,0
DA:215,0
DA:218,0
DA:221,0
DA:222,0
DA:226,0
DA:227,0
DA:228,0
DA:229,0
DA:230,0
DA:231,0
DA:237,0
DA:238,0
DA:239,0
DA:240,0
DA:243,0
DA:244,0
DA:245,0
DA:248,0
DA:249,0
DA:252,0
DA:253,0
DA:254,0
DA:256,0
DA:258,0
DA:259,0
DA:260,0
DA:264,0
DA:267,0
DA:271,0
DA:272,0
DA:275,0
DA:278,0
DA:281,0
DA:282,0
DA:283,0
DA:284,0
DA:287,0
DA:288,0
DA:289,0
DA:290,0
DA:293,0
DA:294,0
DA:297,0
DA:302,0
DA:303,0
DA:304,0
DA:307,0
DA:308,0
DA:313,0
DA:314,0
DA:315,0
DA:320,0
DA:321,0
DA:322,0
DA:323,0
DA:328,0
DA:329,0
DA:330,0
DA:335,0
DA:336,0
DA:337,0
DA:342,0
DA:343,0
end_of_record

SF:/home/giorgio/Documents/FuzzCademy/BootCamp/liquity/bold-fuzz/contracts/src/AddressesRegistry.sol
DA:9,3
DA:10,0
DA:11,0
DA:12,0
DA:13,0
DA:14,0
DA:15,0
DA:16,0
DA:17,0
DA:18,0
DA:19,0
DA:20,0
DA:21,0
DA:22,0
DA:23,0
DA:24,0
DA:25,0
DA:26,0
DA:27,0
DA:30,0
DA:33,0
DA:36,0
DA:39,0
DA:41,0
DA:69,27
DA:77,30
DA:78,30
DA:79,29
DA:80,0
DA:81,0
DA:82,0
DA:84,0
DA:85,0
DA:86,0
DA:87,0
DA:88,0
DA:91,0
DA:92,0
DA:93,0
DA:94,0
DA:95,0
DA:96,0
DA:97,0
DA:98,0
DA:99,0
DA:100,0
DA:101,0
DA:102,0
DA:103,0
DA:104,0
DA:105,0
DA:106,0
DA:107,0
DA:108,0
DA:109,0
DA:111,0
DA:112,0
DA:113,0
DA:114,0
DA:115,0
DA:116,0
DA:117,0
DA:118,0
DA:119,0
DA:120,0
DA:121,0
DA:122,0
DA:123,0
DA:124,0
DA:125,0
DA:126,0
DA:127,0
DA:128,0
DA:130,0
end_of_record

SF:/home/giorgio/Documents/FuzzCademy/BootCamp/liquity/bold-fuzz/contracts/src/BoldToken.sol
DA:19,0
DA:25,0
DA:38,0
DA:40,0
DA:46,0
DA:47,0
DA:49,0
DA:50,0
DA:52,0
DA:53,0
DA:55,0
DA:56,0
DA:59,0
DA:60,0
DA:61,0
DA:63,0
DA:68,0
DA:69,0
DA:70,0
DA:73,0
DA:74,0
DA:75,0
DA:83,0
DA:84,0
DA:85,0
DA:90,0
DA:91,0
DA:92,0
DA:95,0
DA:98,0
DA:100,0
DA:101,0
DA:106,0
DA:107,0
DA:108,0
DA:113,0
DA:114,0
DA:115,0
DA:120,0
DA:121,0
DA:122,0
DA:123,0
DA:128,0
DA:129,0
end_of_record

SF:/home/giorgio/Documents/FuzzCademy/BootCamp/liquity/bold-fuzz/contracts/src/BorrowerOperations.sol
DA:18,0
DA:24,0
DA:27,0
DA:34,0
DA:38,0
DA:39,0
DA:42,0
DA:57,0
DA:161,0
DA:162,0
DA:163,0
DA:168,0
DA:170,0
DA:172,0
DA:173,0
DA:174,0
DA:176,0
DA:177,0
DA:178,0
DA:179,0
DA:180,0
DA:182,0
DA:183,0
DA:184,0
DA:185,0
DA:186,0
DA:189,0
DA:194,0
DA:206,0
DA:207,0
DA:209,0
DA:211,0
DA:212,0
DA:213,0
DA:214,0
DA:215,0
DA:216,0
DA:217,0
DA:218,0
DA:219,0
DA:220,0
DA:221,0
DA:222,0
DA:223,0
DA:224,0
DA:228,0
DA:230,0
DA:232,0
DA:235,0
DA:238,0
DA:240,0
DA:242,0
DA:243,0
DA:245,0
DA:248,0
DA:249,0
DA:250,0
DA:251,0
DA:252,0
DA:253,0
DA:254,0
DA:255,0
DA:256,0
DA:257,0
DA:258,0
DA:259,0
DA:260,0
DA:261,0
DA:262,0
DA:263,0
DA:264,0
DA:267,0
DA:270,0
DA:271,0
DA:272,0
DA:273,0
DA:274,0
DA:275,0
DA:276,0
DA:279,0
DA:280,0
DA:281,0
DA:282,0
DA:283,0
DA:284,0
DA:287,0
DA:290,0
DA:304,0
DA:305,0
DA:307,0
DA:310,0
DA:311,0
DA:312,0
DA:314,0
DA:318,0
DA:319,0
DA:321,0
DA:322,0
DA:325,0
DA:327,0
DA:328,0
DA:329,0
DA:331,0
DA:332,0
DA:335,0
DA:336,0
DA:339,0
DA:340,0
DA:341,0
DA:345,0
DA:346,0
DA:348,0
DA:349,0
DA:354,0
DA:355,0
DA:357,0
DA:360,0
DA:363,0
DA:364,0
DA:366,0
DA:370,0
DA:371,0
DA:372,0
DA:374,0
DA:375,0
DA:377,0
DA:378,0
DA:379,0
DA:381,0
DA:386,0
DA:387,0
DA:388,0
DA:390,0
DA:391,0
DA:393,0
DA:394,0
DA:395,0
DA:397,0
DA:402,0
DA:403,0
DA:404,0
DA:406,0
DA:407,0
DA:408,0
DA:412,0
DA:413,0
DA:414,0
DA:416,0
DA:417,0
DA:419,0
DA:420,0
DA:421,0
DA:423,0
DA:427,0
DA:434,0
DA:435,0
DA:437,0
DA:440,0
DA:441,0
DA:443,0
DA:447,0
DA:454,0
DA:455,0
DA:456,0
DA:458,0
DA:459,0
DA:460,0
DA:463,0
DA:473,0
DA:474,0
DA:476,0
DA:477,0
DA:478,0
DA:480,0
DA:482,0
DA:484,0
DA:485,0
DA:486,0
DA:488,0
DA:489,0
DA:490,0
DA:491,0
DA:492,0
DA:493,0
DA:494,0
DA:498,0
DA:504,0
DA:505,0
DA:507,0
DA:509,0
DA:510,0
DA:511,0
DA:512,0
DA:514,0
DA:515,0
DA:516,0
DA:518,0
DA:520,0
DA:521,0
DA:522,0
DA:523,0
DA:524,0
DA:527,0
DA:528,0
DA:529,0
DA:531,0
DA:535,0
DA:537,0
DA:539,0
DA:540,0
DA:541,0
DA:548,0
DA:554,0
DA:556,0
DA:557,0
DA:558,0
DA:560,0
DA:561,0
DA:565,0
DA:567,0
DA:570,0
DA:571,0
DA:574,0
DA:575,0
DA:578,0
DA:581,0
DA:582,0
DA:583,0
DA:584,0
DA:586,0
DA:589,0
DA:592,0
DA:593,0
DA:596,0
DA:597,0
DA:599,0
DA:600,0
DA:601,0
DA:602,0
DA:603,0
DA:604,0
DA:606,0
DA:607,0
DA:609,0
DA:610,0
DA:611,0
DA:612,0
DA:613,0
DA:614,0
DA:615,0
DA:617,0
DA:618,0
DA:619,0
DA:620,0
DA:624,0
DA:625,0
DA:626,0
DA:627,0
DA:629,0
DA:630,0
DA:631,0
DA:633,0
DA:634,0
DA:637,0
DA:643,0
DA:645,0
DA:648,0
DA:652,0
DA:653,0
DA:654,0
DA:655,0
DA:656,0
DA:657,0
DA:658,0
DA:659,0
DA:660,0
DA:663,0
DA:666,0
DA:667,0
DA:670,0
DA:671,0
DA:672,0
DA:673,0
DA:677,0
DA:678,0
DA:679,0
DA:681,0
DA:684,0
DA:686,0
DA:687,0
DA:688,0
DA:689,0
DA:690,0
DA:692,0
DA:693,0
DA:694,0
DA:695,0
DA:696,0
DA:697,0
DA:698,0
DA:699,0
DA:700,0
DA:701,0
DA:702,0
DA:704,0
DA:708,0
DA:709,0
DA:710,0
DA:712,0
DA:713,0
DA:714,0
DA:715,0
DA:716,0
DA:717,0
DA:721,0
DA:723,0
DA:726,0
DA:729,0
DA:731,0
DA:734,0
DA:736,0
DA:739,0
DA:740,0
DA:742,0
DA:744,0
DA:746,0
DA:747,0
DA:749,0
DA:750,0
DA:751,0
DA:753,0
DA:754,0
DA:756,0
DA:757,0
DA:758,0
DA:760,0
DA:761,0
DA:762,0
DA:763,0
DA:764,0
DA:765,0
DA:766,0
DA:767,0
DA:770,0
DA:771,0
DA:772,0
DA:773,0
DA:774,0
DA:775,0
DA:776,0
DA:777,0
DA:779,0
DA:782,0
DA:783,0
DA:784,0
DA:785,0
DA:790,0
DA:795,0
DA:798,0
DA:810,0
DA:811,0
DA:812,0
DA:813,0
DA:814,0
DA:816,0
DA:818,0
DA:819,0
DA:821,0
DA:824,0
DA:828,0
DA:829,0
DA:830,0
DA:833,0
DA:834,0
DA:837,0
DA:844,0
DA:845,0
DA:846,0
DA:847,0
DA:849,0
DA:850,0
DA:853,0
DA:854,0
DA:856,0
DA:857,0
DA:859,0
DA:862,0
DA:863,0
DA:864,0
DA:866,0
DA:868,0
DA:869,0
DA:870,0
DA:874,0
DA:875,0
DA:876,0
DA:877,0
DA:882,0
DA:883,0
DA:884,0
DA:885,0
DA:886,0
DA:887,0
DA:888,0
DA:890,0
DA:893,0
DA:899,0
DA:900,0
DA:901,0
DA:905,0
DA:906,0
DA:908,0
DA:909,0
DA:911,0
DA:913,0
DA:914,0
DA:915,0
DA:916,0
DA:917,0
DA:918,0
DA:921,0
DA:922,0
DA:923,0
DA:924,0
DA:925,0
DA:927,0
DA:928,0
DA:929,0
DA:931,0
DA:934,0
DA:935,0
DA:939,0
DA:940,0
DA:943,0
DA:946,0
DA:947,0
DA:950,0
DA:951,0
DA:955,0
DA:961,0
DA:962,0
DA:963,0
DA:964,0
DA:965,0
DA:966,0
DA:968,0
DA:969,0
DA:970,0
DA:971,0
DA:973,0
DA:975,0
DA:977,0
DA:978,0
DA:980,0
DA:981,0
DA:982,0
DA:983,0
DA:984,0
DA:985,0
DA:986,0
DA:987,0
DA:991,0
DA:992,0
DA:995,0
DA:996,0
DA:999,0
DA:1000,0
DA:1001,0
DA:1002,0
DA:1004,0
DA:1005,0
DA:1006,0
DA:1007,0
DA:1008,0
DA:1009,0
DA:1010,0
DA:1011,0
DA:1012,0
DA:1016,0
DA:1017,0
DA:1018,0
DA:1022,0
DA:1029,0
DA:1031,0
DA:1032,0
DA:1033,0
DA:1035,0
DA:1036,0
DA:1037,0
DA:1039,0
DA:1040,0
DA:1043,0
DA:1045,0
DA:1047,0
DA:1048,0
DA:1050,0
DA:1051,0
DA:1053,0
DA:1054,0
DA:1055,0
DA:1056,0
DA:1057,0
DA:1058,0
DA:1059,0
DA:1062,0
DA:1063,0
DA:1064,0
DA:1066,0
DA:1067,0
DA:1071,0
DA:1072,0
DA:1074,0
DA:1075,0
DA:1077,0
DA:1079,0
DA:1080,0
DA:1081,0
DA:1082,0
DA:1083,0
DA:1084,0
DA:1085,0
DA:1086,0
DA:1087,0
DA:1091,0
DA:1100,0
DA:1101,0
DA:1103,0
DA:1105,0
DA:1106,0
DA:1109,0
DA:1114,0
DA:1115,0
DA:1117,0
DA:1118,0
DA:1119,0
DA:1121,0
DA:1124,0
DA:1125,0
DA:1129,0
DA:1130,0
DA:1132,0
DA:1135,0
DA:1136,0
DA:1140,0
DA:1141,0
DA:1143,0
DA:1146,0
DA:1147,0
DA:1148,0
DA:1149,0
DA:1155,0
DA:1157,0
DA:1160,0
DA:1161,0
DA:1163,0
DA:1164,0
DA:1165,0
DA:1167,0
DA:1170,0
DA:1171,0
DA:1173,0
DA:1175,0
DA:1179,0
DA:1180,0
DA:1184,0
DA:1186,0
DA:1189,0
DA:1190,0
DA:1191,0
DA:1192,0
DA:1197,0
DA:1206,0
DA:1207,0
DA:1209,0
DA:1210,0
DA:1217,0
DA:1223,0
DA:1224,0
DA:1225,0
DA:1226,0
DA:1229,0
DA:1231,0
DA:1232,0
DA:1234,0
DA:1238,0
DA:1240,0
DA:1242,0
DA:1245,0
DA:1246,0
DA:1251,0
DA:1252,0
DA:1253,0
DA:1257,0
DA:1258,0
DA:1259,0
DA:1260,0
DA:1262,0
DA:1266,0
DA:1267,0
DA:1268,0
DA:1269,0
DA:1273,0
DA:1278,0
DA:1281,0
DA:1282,0
DA:1283,0
DA:1285,0
DA:1286,0
DA:1291,0
DA:1292,0
DA:1293,0
DA:1297,0
DA:1298,0
DA:1299,0
DA:1300,0
DA:1306,0
DA:1307,0
DA:1308,0
DA:1309,0
DA:1313,0
DA:1314,0
DA:1315,0
DA:1316,0
DA:1320,0
DA:1321,0
DA:1322,0
DA:1323,0
DA:1327,0
DA:1328,0
DA:1329,0
DA:1333,0
DA:1334,0
DA:1335,0
DA:1338,0
DA:1339,0
DA:1340,0
DA:1344,0
DA:1345,0
DA:1346,0
DA:1350,0
DA:1367,0
DA:1369,0
DA:1370,0
DA:1371,0
DA:1372,0
DA:1375,0
DA:1379,0
DA:1380,0
DA:1381,0
DA:1385,0
DA:1386,0
DA:1387,0
DA:1391,0
DA:1392,0
DA:1393,0
DA:1397,0
DA:1398,0
DA:1399,0
DA:1403,0
DA:1404,0
DA:1405,0
DA:1409,0
DA:1410,0
DA:1411,0
DA:1415,0
DA:1419,0
DA:1420,0
DA:1424,0
DA:1425,0
DA:1426,0
DA:1428,0
DA:1429,0
DA:1433,0
DA:1437,0
DA:1438,0
DA:1442,0
DA:1443,0
DA:1446,0
DA:1450,0
DA:1451,0
DA:1452,0
DA:1456,0
DA:1461,0
DA:1462,0
DA:1466,0
DA:1470,0
DA:1471,0
DA:1472,0
DA:1476,0
DA:1480,0
DA:1481,0
DA:1485,0
DA:1486,0
DA:1487,0
DA:1491,0
DA:1492,0
DA:1493,0
DA:1497,0
DA:1501,0
DA:1502,0
DA:1506,0
DA:1507,0
DA:1508,0
DA:1512,0
DA:1513,0
DA:1514,0
DA:1518,0
DA:1519,0
DA:1520,0
DA:1521,0
DA:1524,0
DA:1529,0
DA:1532,0
DA:1534,0
DA:1535,0
DA:1536,0
DA:1538,0
DA:1539,0
DA:1540,0
DA:1541,0
DA:1543,0
end_of_record

SF:/home/giorgio/Documents/FuzzCademy/BootCamp/liquity/bold-fuzz/contracts/src/CollSurplusPool.sol
DA:10,0
DA:13,0
DA:15,0
DA:16,0
DA:17,0
DA:32,0
DA:33,0
DA:34,0
DA:35,0
DA:37,0
DA:38,0
DA:43,0
DA:44,0
DA:47,0
DA:48,0
DA:53,0
DA:54,0
DA:56,0
DA:57,0
DA:58,0
DA:60,0
DA:63,0
DA:64,0
DA:65,0
DA:66,0
DA:68,0
DA:69,0
DA:71,0
DA:72,0
DA:74,0
DA:79,0
DA:80,0
DA:83,0
DA:84,0
end_of_record

SF:/home/giorgio/Documents/FuzzCademy/BootCamp/liquity/bold-fuzz/contracts/src/CollateralRegistry.sol
DA:14,0
DA:16,0
DA:40,0
DA:42,0
DA:45,0
DA:50,0
DA:51,0
DA:52,0
DA:53,0
DA:54,0
DA:56,0
DA:58,0
DA:59,0
DA:60,0
DA:61,0
DA:62,0
DA:63,0
DA:64,0
DA:65,0
DA:66,0
DA:67,0
DA:69,0
DA:70,0
DA:71,0
DA:72,0
DA:73,0
DA:74,0
DA:75,0
DA:76,0
DA:77,0
DA:78,0
DA:81,0
DA:82,0
DA:92,0
DA:94,0
DA:95,0
DA:96,0
DA:98,0
DA:100,0
DA:101,0
DA:102,0
DA:104,0
DA:110,0
DA:111,0
DA:112,0
DA:117,0
DA:118,0
DA:119,0
DA:120,0
DA:121,0
DA:122,0
DA:123,0
DA:124,0
DA:130,0
DA:131,0
DA:132,0
DA:133,0
DA:134,0
DA:135,0
DA:136,0
DA:137,0
DA:138,0
DA:144,0
DA:146,0
DA:147,0
DA:148,0
DA:149,0
DA:151,0
DA:152,0
DA:155,0
DA:160,0
DA:163,0
DA:164,0
DA:171,0
DA:172,0
DA:174,0
DA:175,0
DA:176,0
DA:180,0
DA:181,0
DA:185,0
DA:186,0
DA:191,0
DA:192,0
DA:194,0
DA:203,0
DA:206,0
DA:209,0
DA:212,0
DA:214,0
DA:215,0
DA:220,0
DA:221,0
DA:222,0
DA:224,0
DA:227,0
DA:228,0
DA:229,0
DA:234,0
DA:235,0
DA:241,0
DA:242,0
DA:245,0
DA:246,0
DA:249,0
DA:250,0
DA:251,0
DA:252,0
DA:255,0
DA:256,0
DA:259,0
DA:260,0
DA:261,0
DA:262,0
DA:267,0
DA:268,0
DA:269,0
DA:270,0
DA:271,0
DA:272,0
DA:273,0
DA:274,0
DA:275,0
DA:276,0
DA:277,0
DA:281,0
DA:282,0
DA:283,0
DA:284,0
DA:285,0
DA:286,0
DA:287,0
DA:288,0
DA:289,0
DA:290,0
DA:291,0
DA:292,0
DA:297,0
DA:298,0
DA:299,0
DA:304,0
DA:305,0
end_of_record

SF:/home/giorgio/Documents/FuzzCademy/BootCamp/liquity/bold-fuzz/contracts/src/DefaultPool.sol
DA:18,0
DA:21,0
DA:23,0
DA:24,0
DA:25,0
DA:35,0
DA:36,0
DA:37,0
DA:38,0
DA:40,0
DA:41,0
DA:42,0
DA:45,0
DA:55,0
DA:56,0
DA:59,0
DA:60,0
DA:65,0
DA:66,0
DA:67,0
DA:68,0
DA:69,0
DA:72,0
DA:75,0
DA:76,0
DA:78,0
DA:79,0
DA:82,0
DA:84,0
DA:87,0
DA:88,0
DA:89,0
DA:90,0
DA:93,0
DA:94,0
DA:95,0
DA:101,0
DA:102,0
DA:105,0
DA:106,0
end_of_record

SF:/home/giorgio/Documents/FuzzCademy/BootCamp/liquity/bold-fuzz/contracts/src/Dependencies/AddRemoveManagers.sol
DA:9,0
DA:24,0
DA:34,0
DA:45,0
DA:46,0
DA:47,0
DA:50,0
DA:51,0
DA:52,0
DA:55,0
DA:56,0
DA:57,0
DA:60,0
DA:61,0
DA:64,0
DA:65,0
DA:66,0
DA:69,0
DA:70,0
DA:71,0
DA:72,0
DA:73,0
DA:76,0
DA:77,0
DA:78,0
DA:79,0
DA:80,0
DA:83,0
DA:84,0
DA:85,0
DA:89,0
DA:90,0
DA:91,0
DA:95,0
DA:96,0
DA:97,0
DA:98,0
DA:102,0
DA:105,0
DA:107,0
DA:108,0
DA:109,0
DA:110,0
DA:112,0
DA:113,0
DA:115,0
end_of_record

SF:/home/giorgio/Documents/FuzzCademy/BootCamp/liquity/bold-fuzz/contracts/src/Dependencies/AggregatorV3Interface.sol
end_of_record

SF:/home/giorgio/Documents/FuzzCademy/BootCamp/liquity/bold-fuzz/contracts/src/Dependencies/Constants.sol
DA:8,0
DA:10,0
DA:13,0
DA:16,0
DA:17,0
DA:20,0
DA:21,0
DA:24,0
DA:26,0
DA:27,0
DA:30,0
DA:31,0
DA:33,0
DA:40,0
DA:44,0
DA:48,0
DA:54,0
DA:56,0
DA:57,0
DA:58,0
DA:59,0
DA:61,0
DA:64,0
DA:65,0
DA:66,0
end_of_record

SF:/home/giorgio/Documents/FuzzCademy/BootCamp/liquity/bold-fuzz/contracts/src/Dependencies/IOsTokenVaultController.sol
end_of_record

SF:/home/giorgio/Documents/FuzzCademy/BootCamp/liquity/bold-fuzz/contracts/src/Dependencies/IStaderOracle.sol
end_of_record

SF:/home/giorgio/Documents/FuzzCademy/BootCamp/liquity/bold-fuzz/contracts/src/Dependencies/LiquityBase.sol
DA:17,0
DA:18,0
DA:20,0
DA:26,0
DA:27,0
DA:28,0
DA:29,0
DA:31,0
DA:32,0
DA:33,0
DA:37,0
DA:38,0
DA:39,0
DA:44,0
DA:45,0
DA:46,0
DA:48,0
DA:51,0
DA:52,0
DA:53,0
DA:55,0
DA:60,0
DA:61,0
DA:66,0
DA:67,0
end_of_record

SF:/home/giorgio/Documents/FuzzCademy/BootCamp/liquity/bold-fuzz/contracts/src/Dependencies/LiquityMath.sol
DA:7,0
DA:8,0
DA:9,0
DA:12,0
DA:13,0
DA:27,0
DA:28,0
DA:30,0
DA:49,0
DA:50,0
DA:52,0
DA:55,0
DA:56,0
DA:59,0
DA:60,0
DA:61,0
DA:62,0
DA:65,0
DA:66,0
DA:67,0
DA:71,0
DA:74,0
DA:75,0
DA:78,0
DA:79,0
DA:80,0
DA:82,0
end_of_record

SF:/home/giorgio/Documents/FuzzCademy/BootCamp/liquity/bold-fuzz/contracts/src/Dependencies/Ownable.sol
DA:17,0
DA:25,1
DA:26,16
DA:27,5
DA:33,0
DA:34,0
DA:41,0
DA:48,0
DA:49,0
DA:62,0
DA:63,0
DA:64,0
end_of_record

SF:/home/giorgio/Documents/FuzzCademy/BootCamp/liquity/bold-fuzz/contracts/src/GasPool.sol
DA:18,0
DA:19,0
DA:20,0
DA:21,0
DA:22,0
DA:25,0
DA:27,0
end_of_record

SF:/home/giorgio/Documents/FuzzCademy/BootCamp/liquity/bold-fuzz/contracts/src/HintHelpers.sol
DA:10,0
DA:11,0
DA:13,0
DA:15,0
DA:16,0
DA:28,0
DA:31,0
DA:32,0
DA:33,0
DA:34,0
DA:36,0
DA:38,0
DA:39,0
DA:42,0
DA:43,0
DA:44,0
DA:46,0
DA:47,0
DA:49,0
DA:50,0
DA:53,0
DA:55,0
DA:58,0
DA:60,0
DA:61,0
DA:62,0
DA:67,0
DA:68,0
DA:71,0
DA:74,0
DA:76,0
DA:77,0
DA:79,0
DA:80,0
DA:81,0
DA:83,0
DA:84,0
DA:87,0
DA:90,0
DA:92,0
DA:93,0
DA:94,0
DA:96,0
DA:97,0
DA:98,0
DA:100,0
DA:103,0
DA:106,0
DA:109,0
DA:111,0
DA:112,0
DA:113,0
DA:115,0
DA:118,0
DA:122,0
DA:123,0
DA:124,0
DA:125,0
DA:126,0
DA:128,0
DA:129,0
DA:132,0
DA:135,0
DA:137,0
DA:139,0
DA:140,0
DA:141,0
DA:142,0
DA:144,0
DA:145,0
DA:146,0
DA:148,0
DA:149,0
DA:150,0
DA:152,0
DA:153,0
DA:154,0
DA:155,0
DA:156,0
DA:157,0
DA:160,0
DA:161,0
DA:164,0
DA:168,0
DA:169,0
DA:170,0
DA:171,0
DA:173,0
DA:174,0
DA:175,0
DA:177,0
DA:180,0
DA:181,0
DA:182,0
DA:183,0
DA:185,0
DA:186,0
DA:189,0
DA:192,0
DA:194,0
DA:195,0
DA:196,0
DA:198,0
DA:199,0
DA:200,0
DA:201,0
DA:202,0
DA:203,0
DA:205,0
DA:206,0
DA:209,0
DA:212,0
DA:214,0
DA:215,0
DA:216,0
DA:217,0
DA:219,0
DA:220,0
DA:221,0
DA:222,0
DA:223,0
DA:224,0
DA:226,0
DA:227,0
DA:230,0
DA:233,0
DA:235,0
DA:236,0
DA:237,0
DA:238,0
DA:239,0
DA:241,0
DA:242,0
DA:243,0
DA:245,0
DA:248,0
DA:249,0
DA:250,0
DA:251,0
DA:252,0
DA:253,0
DA:254,0
DA:256,0
DA:257,0
end_of_record

SF:/home/giorgio/Documents/FuzzCademy/BootCamp/liquity/bold-fuzz/contracts/src/Interfaces/IActivePool.sol
end_of_record

SF:/home/giorgio/Documents/FuzzCademy/BootCamp/liquity/bold-fuzz/contracts/src/Interfaces/IAddRemoveManagers.sol
end_of_record

SF:/home/giorgio/Documents/FuzzCademy/BootCamp/liquity/bold-fuzz/contracts/src/Interfaces/IAddressesRegistry.sol
end_of_record

SF:/home/giorgio/Documents/FuzzCademy/BootCamp/liquity/bold-fuzz/contracts/src/Interfaces/IBoldRewardsReceiver.sol
end_of_record

SF:/home/giorgio/Documents/FuzzCademy/BootCamp/liquity/bold-fuzz/contracts/src/Interfaces/IBoldToken.sol
end_of_record

SF:/home/giorgio/Documents/FuzzCademy/BootCamp/liquity/bold-fuzz/contracts/src/Interfaces/IBorrowerOperations.sol
end_of_record

SF:/home/giorgio/Documents/FuzzCademy/BootCamp/liquity/bold-fuzz/contracts/src/Interfaces/ICollSurplusPool.sol
end_of_record

SF:/home/giorgio/Documents/FuzzCademy/BootCamp/liquity/bold-fuzz/contracts/src/Interfaces/ICollateralRegistry.sol
end_of_record

SF:/home/giorgio/Documents/FuzzCademy/BootCamp/liquity/bold-fuzz/contracts/src/Interfaces/ICommunityIssuance.sol
end_of_record

SF:/home/giorgio/Documents/FuzzCademy/BootCamp/liquity/bold-fuzz/contracts/src/Interfaces/IDefaultPool.sol
end_of_record

SF:/home/giorgio/Documents/FuzzCademy/BootCamp/liquity/bold-fuzz/contracts/src/Interfaces/IHintHelpers.sol
end_of_record

SF:/home/giorgio/Documents/FuzzCademy/BootCamp/liquity/bold-fuzz/contracts/src/Interfaces/IInterestRouter.sol
end_of_record

SF:/home/giorgio/Documents/FuzzCademy/BootCamp/liquity/bold-fuzz/contracts/src/Interfaces/ILQTYStaking.sol
end_of_record

SF:/home/giorgio/Documents/FuzzCademy/BootCamp/liquity/bold-fuzz/contracts/src/Interfaces/ILQTYToken.sol
end_of_record

SF:/home/giorgio/Documents/FuzzCademy/BootCamp/liquity/bold-fuzz/contracts/src/Interfaces/ILiquityBase.sol
end_of_record

SF:/home/giorgio/Documents/FuzzCademy/BootCamp/liquity/bold-fuzz/contracts/src/Interfaces/IMainnetPriceFeed.sol
end_of_record

SF:/home/giorgio/Documents/FuzzCademy/BootCamp/liquity/bold-fuzz/contracts/src/Interfaces/IMultiTroveGetter.sol
end_of_record

SF:/home/giorgio/Documents/FuzzCademy/BootCamp/liquity/bold-fuzz/contracts/src/Interfaces/IPriceFeed.sol
end_of_record

SF:/home/giorgio/Documents/FuzzCademy/BootCamp/liquity/bold-fuzz/contracts/src/Interfaces/IRETHPriceFeed.sol
end_of_record

SF:/home/giorgio/Documents/FuzzCademy/BootCamp/liquity/bold-fuzz/contracts/src/Interfaces/IRETHToken.sol
end_of_record

SF:/home/giorgio/Documents/FuzzCademy/BootCamp/liquity/bold-fuzz/contracts/src/Interfaces/ISortedTroves.sol
end_of_record

SF:/home/giorgio/Documents/FuzzCademy/BootCamp/liquity/bold-fuzz/contracts/src/Interfaces/IStabilityPool.sol
end_of_record

SF:/home/giorgio/Documents/FuzzCademy/BootCamp/liquity/bold-fuzz/contracts/src/Interfaces/IStabilityPoolEvents.sol
end_of_record

SF:/home/giorgio/Documents/FuzzCademy/BootCamp/liquity/bold-fuzz/contracts/src/Interfaces/ITroveEvents.sol
end_of_record

SF:/home/giorgio/Documents/FuzzCademy/BootCamp/liquity/bold-fuzz/contracts/src/Interfaces/ITroveManager.sol
end_of_record

SF:/home/giorgio/Documents/FuzzCademy/BootCamp/liquity/bold-fuzz/contracts/src/Interfaces/ITroveNFT.sol
end_of_record

SF:/home/giorgio/Documents/FuzzCademy/BootCamp/liquity/bold-fuzz/contracts/src/Interfaces/IWETH.sol
end_of_record

SF:/home/giorgio/Documents/FuzzCademy/BootCamp/liquity/bold-fuzz/contracts/src/Interfaces/IWSTETH.sol
end_of_record

SF:/home/giorgio/Documents/FuzzCademy/BootCamp/liquity/bold-fuzz/contracts/src/Interfaces/IWSTETHPriceFeed.sol
end_of_record

SF:/home/giorgio/Documents/FuzzCademy/BootCamp/liquity/bold-fuzz/contracts/src/MultiTroveGetter.sol
DA:10,0
DA:11,0
DA:13,0
DA:14,0
DA:17,0
DA:20,0
DA:21,0
DA:22,0
DA:23,0
DA:25,0
DA:26,0
DA:28,0
DA:29,0
DA:31,0
DA:32,0
DA:33,0
DA:35,0
DA:36,0
DA:39,0
DA:41,0
DA:42,0
DA:43,0
DA:44,0
DA:46,0
DA:47,0
DA:50,0
DA:51,0
DA:53,0
DA:58,0
DA:59,0
DA:61,0
DA:62,0
DA:63,0
DA:64,0
DA:67,0
DA:68,0
DA:69,0
DA:70,0
DA:72,0
DA:74,0
DA:77,0
DA:82,0
DA:83,0
DA:85,0
DA:86,0
DA:89,0
DA:91,0
DA:92,0
DA:93,0
DA:97,0
DA:102,0
DA:103,0
DA:105,0
DA:106,0
DA:109,0
DA:111,0
DA:112,0
DA:113,0
DA:117,0
DA:120,0
DA:121,0
DA:122,0
DA:123,0
DA:125,0
DA:126,0
DA:128,0
DA:129,0
DA:131,0
DA:132,0
DA:134,0
DA:135,0
DA:136,0
DA:137,0
DA:138,0
DA:140,0
end_of_record

SF:/home/giorgio/Documents/FuzzCademy/BootCamp/liquity/bold-fuzz/contracts/src/NFTMetadata/MetadataNFT.sol
DA:29,0
DA:30,0
DA:32,0
DA:33,0
DA:35,0
DA:36,0
DA:39,0
DA:40,0
DA:41,0
DA:44,0
DA:45,0
DA:46,0
DA:47,0
DA:48,0
DA:49,0
DA:50,0
DA:55,0
DA:57,0
DA:59,0
DA:61,0
DA:63,0
DA:65,0
DA:67,0
DA:69,0
DA:74,0
DA:75,0
DA:76,0
DA:78,0
DA:79,0
DA:80,0
DA:81,0
DA:82,0
DA:83,0
DA:87,0
DA:88,0
DA:89,0
DA:90,0
DA:91,0
DA:92,0
end_of_record

SF:/home/giorgio/Documents/FuzzCademy/BootCamp/liquity/bold-fuzz/contracts/src/NFTMetadata/utils/FixedAssets.sol
DA:6,0
DA:12,0
DA:14,0
DA:16,0
DA:17,0
DA:20,0
DA:21,0
DA:22,0
DA:23,0
DA:24,0
end_of_record

SF:/home/giorgio/Documents/FuzzCademy/BootCamp/liquity/bold-fuzz/contracts/src/NFTMetadata/utils/JSON.sol
DA:5,0
DA:13,0
DA:18,0
DA:19,0
DA:21,0
DA:23,0
DA:25,0
DA:26,0
DA:27,0
DA:29,0
DA:37,0
DA:38,0
DA:41,0
DA:42,0
DA:45,0
DA:46,0
DA:47,0
DA:49,0
DA:66,0
DA:71,0
DA:74,0
DA:82,0
DA:86,0
DA:89,0
DA:92,0
DA:93,0
DA:94,0
DA:95,0
DA:97,0
DA:98,0
DA:108,0
DA:109,0
DA:111,0
DA:112,0
DA:114,0
DA:115,0
DA:117,0
DA:118,0
DA:123,0
DA:124,0
DA:125,0
DA:126,0
DA:128,0
DA:131,0
end_of_record

SF:/home/giorgio/Documents/FuzzCademy/BootCamp/liquity/bold-fuzz/contracts/src/NFTMetadata/utils/SVG.sol
DA:9,0
DA:21,0
DA:22,0
DA:33,0
DA:34,0
DA:45,0
DA:46,0
DA:57,0
DA:58,0
DA:93,0
DA:94,0
DA:109,0
DA:110,0
DA:163,0
DA:166,0
DA:168,0
DA:172,0
DA:173,0
DA:177,0
DA:178,0
end_of_record

SF:/home/giorgio/Documents/FuzzCademy/BootCamp/liquity/bold-fuzz/contracts/src/NFTMetadata/utils/Utils.sol
DA:6,0
DA:7,0
DA:8,0
DA:9,0
DA:10,0
DA:12,0
DA:14,0
DA:16,0
DA:17,0
DA:18,0
DA:19,0
DA:20,0
DA:21,0
DA:22,0
DA:23,0
DA:24,0
DA:28,0
DA:32,0
DA:33,0
DA:36,0
DA:37,0
DA:39,0
DA:40,0
DA:42,0
DA:45,0
DA:47,0
DA:50,0
DA:53,0
DA:55,0
DA:56,0
DA:57,0
DA:58,0
DA:61,0
DA:64,0
DA:67,0
DA:68,0
DA:69,0
DA:71,0
DA:72,0
DA:75,0
DA:78,0
DA:85,0
end_of_record

SF:/home/giorgio/Documents/FuzzCademy/BootCamp/liquity/bold-fuzz/contracts/src/NFTMetadata/utils/baseSVG.sol
DA:8,0
DA:13,0
DA:14,0
DA:15,0
DA:16,0
DA:17,0
DA:18,0
DA:22,0
DA:23,0
DA:24,0
DA:25,0
DA:26,0
DA:27,0
DA:28,0
DA:29,0
DA:32,0
DA:33,0
DA:34,0
DA:35,0
DA:39,0
DA:40,0
DA:42,0
DA:43,0
DA:45,0
DA:51,0
DA:52,0
DA:53,0
DA:55,0
DA:57,0
DA:59,0
DA:64,0
DA:65,0
DA:68,0
DA:69,0
DA:70,0
DA:71,0
DA:72,0
DA:74,0
DA:80,0
DA:81,0
DA:82,0
DA:83,0
DA:84,0
DA:85,0
DA:86,0
DA:87,0
DA:88,0
DA:92,0
DA:93,0
DA:94,0
DA:95,0
DA:96,0
DA:97,0
DA:98,0
DA:102,0
DA:103,0
DA:104,0
DA:105,0
DA:106,0
DA:107,0
DA:108,0
DA:112,0
DA:113,0
DA:114,0
DA:115,0
DA:116,0
DA:117,0
DA:118,0
DA:122,0
DA:123,0
DA:124,0
DA:125,0
DA:126,0
DA:127,0
DA:128,0
DA:135,0
DA:136,0
DA:137,0
DA:138,0
DA:139,0
DA:140,0
DA:141,0
DA:142,0
DA:143,0
DA:145,0
DA:149,0
DA:150,0
DA:151,0
DA:152,0
DA:153,0
DA:154,0
DA:155,0
DA:156,0
DA:157,0
DA:159,0
DA:163,0
DA:164,0
DA:165,0
DA:166,0
DA:167,0
DA:168,0
DA:169,0
DA:170,0
DA:171,0
DA:173,0
DA:174,0
DA:176,0
DA:181,0
DA:182,0
DA:184,0
DA:185,0
DA:186,0
DA:187,0
DA:188,0
DA:189,0
DA:191,0
DA:192,0
DA:199,0
DA:200,0
DA:201,0
DA:202,0
DA:208,0
DA:211,0
DA:213,0
DA:214,0
DA:215,0
DA:216,0
end_of_record

SF:/home/giorgio/Documents/FuzzCademy/BootCamp/liquity/bold-fuzz/contracts/src/NFTMetadata/utils/bauhaus.sol
DA:6,0
DA:25,0
DA:26,0
DA:27,0
DA:29,0
DA:30,0
DA:31,0
DA:32,0
DA:35,0
DA:39,0
DA:40,0
DA:41,0
DA:42,0
DA:43,0
DA:44,0
DA:45,0
DA:46,0
DA:47,0
DA:48,0
DA:49,0
DA:50,0
DA:51,0
DA:53,0
DA:69,0
DA:70,0
DA:71,0
DA:72,0
DA:73,0
DA:74,0
DA:75,0
DA:76,0
DA:77,0
DA:78,0
DA:79,0
DA:80,0
DA:82,0
DA:83,0
DA:84,0
DA:85,0
DA:86,0
DA:87,0
DA:88,0
DA:89,0
DA:90,0
DA:91,0
DA:92,0
DA:94,0
DA:95,0
DA:96,0
DA:97,0
DA:98,0
DA:99,0
DA:100,0
DA:101,0
DA:102,0
DA:103,0
DA:104,0
DA:107,0
DA:108,0
DA:109,0
DA:110,0
DA:111,0
DA:112,0
DA:113,0
DA:114,0
DA:121,0
DA:122,0
DA:123,0
DA:126,0
DA:127,0
DA:129,0
DA:130,0
DA:131,0
DA:132,0
DA:133,0
DA:134,0
DA:135,0
DA:139,0
DA:141,0
DA:142,0
DA:143,0
DA:144,0
DA:145,0
DA:149,0
DA:151,0
DA:152,0
DA:153,0
DA:154,0
DA:155,0
DA:159,0
DA:161,0
DA:162,0
DA:163,0
DA:164,0
DA:165,0
DA:169,0
DA:171,0
DA:172,0
DA:173,0
DA:174,0
DA:175,0
DA:179,0
DA:181,0
DA:182,0
DA:183,0
DA:184,0
DA:185,0
DA:191,0
DA:192,0
DA:194,0
DA:195,0
DA:198,0
DA:199,0
DA:204,0
DA:205,0
DA:207,0
DA:208,0
DA:209,0
DA:210,0
DA:211,0
DA:212,0
DA:216,0
DA:218,0
DA:219,0
DA:220,0
DA:221,0
DA:225,0
DA:227,0
DA:232,0
DA:233,0
DA:234,0
DA:235,0
DA:236,0
DA:237,0
DA:238,0
DA:239,0
DA:240,0
DA:241,0
DA:242,0
DA:243,0
DA:245,0
DA:246,0
DA:247,0
DA:248,0
DA:249,0
DA:250,0
DA:251,0
DA:252,0
DA:253,0
DA:254,0
DA:257,0
DA:258,0
DA:259,0
DA:260,0
DA:261,0
DA:262,0
DA:263,0
DA:264,0
DA:265,0
DA:266,0
DA:270,0
DA:272,0
DA:273,0
DA:274,0
DA:275,0
DA:276,0
DA:277,0
DA:278,0
DA:279,0
DA:284,0
DA:285,0
DA:286,0
DA:289,0
DA:292,0
DA:294,0
DA:302,0
DA:304,0
DA:305,0
DA:306,0
DA:307,0
DA:312,0
DA:314,0
DA:315,0
DA:316,0
DA:317,0
DA:322,0
DA:324,0
DA:325,0
DA:326,0
DA:327,0
DA:332,0
DA:334,0
DA:335,0
DA:336,0
DA:342,0
DA:344,0
DA:345,0
DA:346,0
DA:354,0
DA:357,0
DA:359,0
DA:360,0
DA:361,0
DA:366,0
DA:368,0
DA:371,0
DA:373,0
DA:378,0
DA:379,0
DA:380,0
DA:381,0
DA:382,0
DA:383,0
DA:384,0
DA:385,0
DA:386,0
DA:387,0
DA:388,0
DA:391,0
DA:392,0
DA:393,0
DA:394,0
DA:395,0
DA:396,0
DA:397,0
DA:398,0
DA:399,0
DA:400,0
DA:401,0
DA:403,0
DA:404,0
DA:405,0
DA:406,0
DA:407,0
DA:408,0
DA:409,0
DA:410,0
DA:411,0
DA:412,0
DA:416,0
DA:418,0
DA:419,0
DA:420,0
DA:421,0
DA:422,0
DA:423,0
DA:430,0
DA:431,0
DA:432,0
DA:435,0
DA:438,0
DA:440,0
DA:448,0
DA:450,0
DA:451,0
DA:452,0
DA:453,0
DA:458,0
DA:460,0
DA:461,0
DA:462,0
DA:463,0
DA:468,0
DA:470,0
DA:471,0
DA:472,0
DA:473,0
DA:478,0
DA:480,0
DA:481,0
DA:482,0
DA:483,0
DA:490,0
DA:493,0
DA:495,0
DA:496,0
DA:497,0
DA:502,0
DA:504,0
DA:507,0
DA:509,0
end_of_record

SF:/home/giorgio/Documents/FuzzCademy/BootCamp/liquity/bold-fuzz/contracts/src/PriceFeeds/CompositePriceFeed.sol
DA:13,0
DA:22,0
DA:30,0
DA:32,0
DA:34,0
DA:37,0
DA:39,0
DA:44,0
DA:46,0
DA:49,0
DA:51,0
DA:53,0
DA:54,0
DA:57,0
DA:59,0
DA:60,0
DA:62,0
DA:64,0
DA:65,0
DA:67,0
DA:72,0
DA:73,0
DA:78,0
DA:79,0
DA:81,0
DA:84,0
DA:85,0
DA:86,0
DA:90,0
DA:92,0
DA:94,0
DA:99,0
DA:102,0
DA:105,0
DA:106,0
DA:108,0
end_of_record

SF:/home/giorgio/Documents/FuzzCademy/BootCamp/liquity/bold-fuzz/contracts/src/PriceFeeds/MainnetPriceFeedBase.sol
DA:17,0
DA:20,0
DA:39,0
DA:45,0
DA:46,0
DA:47,0
DA:49,0
DA:53,0
DA:54,0
DA:56,0
DA:59,0
DA:60,0
DA:62,0
DA:63,0
DA:65,0
DA:66,0
DA:68,0
DA:71,0
DA:74,0
DA:76,0
DA:78,0
DA:80,0
DA:81,0
DA:84,0
DA:89,0
DA:92,0
DA:96,0
DA:97,0
DA:98,0
DA:99,0
DA:106,0
DA:109,0
DA:117,0
DA:120,0
DA:122,0
DA:123,0
DA:127,0
DA:129,0
end_of_record

SF:/home/giorgio/Documents/FuzzCademy/BootCamp/liquity/bold-fuzz/contracts/src/PriceFeeds/RETHPriceFeed.sol
DA:11,0
DA:12,0
DA:19,0
DA:21,0
DA:22,0
DA:23,0
DA:25,0
DA:28,0
DA:31,0
DA:33,0
DA:35,0
DA:36,0
DA:37,0
DA:38,0
DA:39,0
DA:43,0
DA:44,0
DA:46,0
DA:47,0
DA:50,0
DA:51,0
DA:57,0
DA:60,0
DA:62,0
DA:65,0
DA:66,0
DA:67,0
DA:69,0
DA:73,0
DA:76,0
DA:78,0
DA:81,0
DA:82,0
DA:84,0
DA:86,0
DA:88,0
DA:93,0
DA:96,0
end_of_record

SF:/home/giorgio/Documents/FuzzCademy/BootCamp/liquity/bold-fuzz/contracts/src/PriceFeeds/WETHPriceFeed.sol
DA:9,0
DA:10,0
DA:11,0
DA:13,0
DA:16,0
DA:19,0
DA:21,0
DA:24,0
DA:25,0
DA:28,0
DA:30,0
DA:40,0
DA:41,0
DA:42,0
DA:45,0
DA:47,0
DA:48,0
end_of_record

SF:/home/giorgio/Documents/FuzzCademy/BootCamp/liquity/bold-fuzz/contracts/src/PriceFeeds/WSTETHPriceFeed.sol
DA:11,0
DA:12,0
DA:14,0
DA:16,0
DA:23,0
DA:24,0
DA:25,0
DA:26,0
DA:28,0
DA:31,0
DA:34,0
DA:35,0
DA:36,0
DA:37,0
DA:38,0
DA:43,0
DA:44,0
DA:46,0
DA:47,0
DA:51,0
DA:52,0
DA:56,0
DA:58,0
DA:60,0
DA:63,0
DA:66,0
DA:68,0
DA:71,0
DA:72,0
DA:74,0
DA:76,0
DA:78,0
DA:83,0
DA:86,0
end_of_record

SF:/home/giorgio/Documents/FuzzCademy/BootCamp/liquity/bold-fuzz/contracts/src/SortedTroves.sol
DA:12,0
DA:38,0
DA:39,0
DA:43,0
DA:48,0
DA:49,0
DA:70,0
DA:76,0
DA:79,0
DA:81,0
DA:83,0
DA:84,0
DA:86,0
DA:87,0
DA:89,0
DA:90,0
DA:96,0
DA:99,0
DA:100,0
DA:101,0
DA:102,0
DA:105,0
DA:113,0
DA:116,0
DA:119,0
DA:129,0
DA:130,0
DA:131,0
DA:132,0
DA:134,0
DA:135,0
DA:136,0
DA:144,0
DA:145,0
DA:152,0
DA:153,0
DA:154,0
DA:155,0
DA:158,0
DA:159,0
DA:162,0
DA:170,0
DA:173,0
DA:177,0
DA:178,0
DA:179,0
DA:190,0
DA:194,0
DA:195,0
DA:196,0
DA:198,0
DA:209,0
DA:216,0
DA:217,0
DA:218,0
DA:219,0
DA:221,0
DA:223,0
DA:224,0
DA:226,0
DA:229,0
DA:232,0
DA:233,0
DA:234,0
DA:235,0
DA:242,0
DA:243,0
DA:244,0
DA:246,0
DA:248,0
DA:250,0
DA:252,0
DA:253,0
DA:254,0
DA:255,0
DA:256,0
DA:260,0
DA:261,0
DA:271,0
DA:274,0
DA:275,0
DA:277,0
DA:278,0
DA:280,0
DA:286,0
DA:287,0
DA:293,0
DA:294,0
DA:297,0
DA:298,0
DA:304,0
DA:305,0
DA:311,0
DA:312,0
DA:318,0
DA:319,0
DA:325,0
DA:326,0
DA:333,0
DA:334,0
DA:341,0
DA:342,0
DA:351,0
DA:355,0
DA:357,0
DA:360,0
DA:365,0
DA:366,0
DA:369,0
DA:372,0
DA:374,0
DA:376,0
DA:377,0
DA:381,0
DA:382,0
DA:383,0
DA:386,0
DA:387,0
DA:388,0
DA:391,0
DA:394,0
DA:396,0
DA:398,0
DA:400,0
DA:401,0
DA:405,0
DA:408,0
DA:410,0
DA:412,0
DA:414,0
DA:415,0
DA:425,0
DA:428,0
DA:430,0
DA:432,0
DA:433,0
DA:442,0
DA:445,0
DA:447,0
DA:449,0
DA:450,0
DA:453,0
DA:458,0
DA:459,0
DA:460,0
DA:462,0
DA:463,0
DA:464,0
DA:467,0
DA:468,0
DA:481,0
DA:485,0
DA:487,0
DA:493,0
DA:498,0
DA:499,0
DA:502,0
DA:504,0
DA:506,0
DA:510,0
DA:513,0
DA:515,0
DA:517,0
DA:521,0
DA:524,0
DA:525,0
DA:527,0
DA:528,0
DA:530,0
DA:535,0
DA:536,0
DA:543,0
DA:544,0
DA:545,0
DA:550,0
DA:551,0
end_of_record

SF:/home/giorgio/Documents/FuzzCademy/BootCamp/liquity/bold-fuzz/contracts/src/StabilityPool.sol
DA:128,0
DA:131,0
DA:133,0
DA:134,0
DA:135,0
DA:163,0
DA:164,0
DA:165,0
DA:173,0
DA:175,0
DA:178,0
DA:181,0
DA:191,0
DA:192,0
DA:195,0
DA:196,0
DA:197,0
DA:200,0
DA:207,0
DA:208,0
DA:209,0
DA:210,0
DA:212,0
DA:213,0
DA:218,0
DA:219,0
DA:222,0
DA:223,0
DA:226,0
DA:227,0
DA:230,0
DA:231,0
DA:242,0
DA:243,0
DA:245,0
DA:247,0
DA:249,0
DA:250,0
DA:251,0
DA:252,0
DA:253,0
DA:254,0
DA:255,0
DA:257,0
DA:258,0
DA:259,0
DA:260,0
DA:261,0
DA:262,0
DA:263,0
DA:264,0
DA:265,0
DA:268,0
DA:269,0
DA:270,0
DA:271,0
DA:272,0
DA:273,0
DA:276,0
DA:279,0
DA:280,0
DA:281,0
DA:283,0
DA:284,0
DA:285,0
DA:287,0
DA:288,0
DA:291,0
DA:301,0
DA:302,0
DA:303,0
DA:305,0
DA:307,0
DA:308,0
DA:309,0
DA:310,0
DA:311,0
DA:312,0
DA:313,0
DA:314,0
DA:316,0
DA:317,0
DA:318,0
DA:319,0
DA:320,0
DA:321,0
DA:322,0
DA:323,0
DA:324,0
DA:327,0
DA:328,0
DA:329,0
DA:330,0
DA:331,0
DA:335,0
DA:338,0
DA:341,0
DA:343,0
DA:344,0
DA:345,0
DA:347,0
DA:348,0
DA:353,0
DA:354,0
DA:356,0
DA:358,0
DA:359,0
DA:360,0
DA:362,0
DA:363,0
DA:365,0
DA:370,0
DA:371,0
DA:372,0
DA:374,0
DA:377,0
DA:378,0
DA:379,0
DA:383,0
DA:384,0
DA:385,0
DA:389,0
DA:390,0
DA:403,0
DA:405,0
DA:406,0
DA:408,0
DA:409,0
DA:411,0
DA:421,0
DA:422,0
DA:423,0
DA:424,0
DA:426,0
DA:428,0
DA:433,0
DA:435,0
DA:448,0
DA:450,0
DA:451,0
DA:452,0
DA:453,0
DA:454,0
DA:455,0
DA:460,0
DA:461,0
DA:464,0
DA:465,0
DA:471,0
DA:473,0
DA:474,0
DA:475,0
DA:477,0
DA:480,0
DA:485,0
DA:487,0
DA:488,0
DA:489,0
DA:498,0
DA:499,0
DA:500,0
DA:501,0
DA:504,0
DA:505,0
DA:506,0
DA:507,0
DA:508,0
DA:509,0
DA:510,0
DA:511,0
DA:512,0
DA:513,0
DA:514,0
DA:515,0
DA:518,0
DA:522,0
DA:523,0
DA:524,0
DA:525,0
DA:526,0
DA:527,0
DA:530,0
DA:534,0
DA:535,0
DA:536,0
DA:537,0
DA:538,0
DA:539,0
DA:540,0
DA:542,0
DA:545,0
DA:548,0
DA:549,0
DA:551,0
DA:552,0
DA:554,0
DA:557,0
DA:563,0
DA:565,0
DA:566,0
DA:569,0
DA:572,0
DA:574,0
DA:577,0
DA:580,0
DA:581,0
DA:584,0
DA:586,0
DA:589,0
DA:590,0
DA:591,0
DA:592,0
DA:593,0
DA:596,0
DA:597,0
DA:598,0
DA:599,0
DA:609,0
DA:610,0
DA:612,0
DA:614,0
DA:626,0
DA:627,0
DA:629,0
DA:631,0
DA:634,0
DA:635,0
DA:637,0
DA:639,0
DA:651,0
DA:652,0
DA:654,0
DA:656,0
DA:659,0
DA:660,0
DA:662,0
DA:664,0
DA:666,0
DA:667,0
DA:668,0
DA:669,0
DA:671,0
DA:672,0
DA:673,0
DA:674,0
DA:676,0
DA:677,0
DA:680,0
DA:681,0
DA:682,0
DA:684,0
DA:686,0
DA:695,0
DA:696,0
DA:697,0
DA:699,0
DA:701,0
DA:706,0
DA:709,0
DA:711,0
DA:712,0
DA:713,0
DA:716,0
DA:718,0
DA:719,0
DA:722,0
DA:723,0
DA:729,0
DA:730,0
DA:731,0
DA:732,0
DA:735,0
DA:747,0
DA:749,0
DA:754,0
DA:755,0
DA:757,0
DA:758,0
DA:759,0
DA:760,0
DA:764,0
DA:765,0
DA:766,0
DA:771,0
DA:772,0
DA:773,0
DA:775,0
DA:776,0
DA:777,0
DA:781,0
DA:782,0
DA:783,0
DA:786,0
DA:787,0
DA:790,0
DA:791,0
DA:792,0
DA:793,0
DA:794,0
DA:796,0
DA:810,0
DA:811,0
DA:814,0
DA:815,0
DA:818,0
DA:819,0
DA:822,0
DA:823,0
DA:824,0
DA:827,0
DA:828,0
end_of_record

SF:/home/giorgio/Documents/FuzzCademy/BootCamp/liquity/bold-fuzz/contracts/src/TroveManager.sol
DA:17,0
DA:20,0
DA:21,0
DA:22,0
DA:27,0
DA:33,0
DA:62,0
DA:100,0
DA:111,0
DA:113,0
DA:120,0
DA:182,0
DA:183,0
DA:184,0
DA:185,0
DA:186,0
DA:187,0
DA:189,0
DA:190,0
DA:191,0
DA:192,0
DA:193,0
DA:194,0
DA:195,0
DA:196,0
DA:197,0
DA:199,0
DA:200,0
DA:201,0
DA:202,0
DA:203,0
DA:204,0
DA:205,0
DA:206,0
DA:211,0
DA:212,0
DA:215,0
DA:216,0
DA:224,0
DA:231,0
DA:232,0
DA:234,0
DA:235,0
DA:236,0
DA:237,0
DA:238,0
DA:240,0
DA:242,0
DA:243,0
DA:245,0
DA:246,0
DA:247,0
DA:248,0
DA:249,0
DA:250,0
DA:251,0
DA:253,0
DA:254,0
DA:255,0
DA:256,0
DA:257,0
DA:258,0
DA:259,0
DA:261,0
DA:262,0
DA:263,0
DA:264,0
DA:267,0
DA:268,0
DA:269,0
DA:270,0
DA:272,0
DA:273,0
DA:274,0
DA:275,0
DA:276,0
DA:277,0
DA:279,0
DA:283,0
DA:284,0
DA:288,0
DA:290,0
DA:291,0
DA:292,0
DA:293,0
DA:294,0
DA:295,0
DA:296,0
DA:297,0
DA:300,0
DA:301,0
DA:302,0
DA:303,0
DA:304,0
DA:305,0
DA:306,0
DA:307,0
DA:308,0
DA:311,0
DA:312,0
DA:314,0
DA:315,0
DA:316,0
DA:317,0
DA:318,0
DA:319,0
DA:326,0
DA:327,0
DA:333,0
DA:342,0
DA:348,0
DA:360,0
DA:361,0
DA:362,0
DA:363,0
DA:364,0
DA:368,0
DA:369,0
DA:370,0
DA:371,0
DA:372,0
DA:373,0
DA:374,0
DA:375,0
DA:376,0
DA:383,0
DA:388,0
DA:389,0
DA:390,0
DA:391,0
DA:392,0
DA:394,0
DA:395,0
DA:402,0
DA:403,0
DA:404,0
DA:407,0
DA:408,0
DA:409,0
DA:411,0
DA:412,0
DA:414,0
DA:415,0
DA:418,0
DA:420,0
DA:421,0
DA:424,0
DA:427,0
DA:428,0
DA:431,0
DA:432,0
DA:434,0
DA:435,0
DA:439,0
DA:441,0
DA:442,0
DA:443,0
DA:444,0
DA:445,0
DA:446,0
DA:447,0
DA:448,0
DA:449,0
DA:450,0
DA:451,0
DA:455,0
DA:458,0
DA:459,0
DA:462,0
DA:470,0
DA:472,0
DA:473,0
DA:476,0
DA:478,0
DA:480,0
DA:481,0
DA:482,0
DA:484,0
DA:485,0
DA:488,0
DA:496,0
DA:503,0
DA:504,0
DA:505,0
DA:506,0
DA:507,0
DA:508,0
DA:509,0
DA:510,0
DA:511,0
DA:512,0
DA:513,0
DA:514,0
DA:517,0
DA:518,0
DA:519,0
DA:522,0
DA:523,0
DA:528,0
DA:529,0
DA:530,0
DA:533,0
DA:534,0
DA:540,0
DA:544,0
DA:546,0
DA:547,0
DA:549,0
DA:551,0
DA:552,0
DA:554,0
DA:555,0
DA:556,0
DA:557,0
DA:558,0
DA:560,0
DA:561,0
DA:562,0
DA:563,0
DA:564,0
DA:566,0
DA:567,0
DA:568,0
DA:569,0
DA:571,0
DA:573,0
DA:577,0
DA:578,0
DA:579,0
DA:580,0
DA:581,0
DA:582,0
DA:583,0
DA:587,0
DA:588,0
DA:589,0
DA:590,0
DA:591,0
DA:594,0
DA:595,0
DA:596,0
DA:598,0
DA:600,0
DA:601,0
DA:602,0
DA:603,0
DA:604,0
DA:605,0
DA:606,0
DA:607,0
DA:608,0
DA:611,0
DA:612,0
DA:613,0
DA:614,0
DA:615,0
DA:616,0
DA:617,0
DA:618,0
DA:622,0
DA:623,0
DA:624,0
DA:625,0
DA:626,0
DA:627,0
DA:628,0
DA:629,0
DA:630,0
DA:633,0
DA:634,0
DA:635,0
DA:636,0
DA:637,0
DA:638,0
DA:639,0
DA:640,0
DA:641,0
DA:646,0
DA:648,0
DA:652,0
DA:658,0
DA:659,0
DA:662,0
DA:665,0
DA:667,0
DA:669,0
DA:671,0
DA:672,0
DA:675,0
DA:676,0
DA:677,0
DA:678,0
DA:679,0
DA:681,0
DA:684,0
DA:685,0
DA:687,0
DA:689,0
DA:697,0
DA:698,0
DA:699,0
DA:700,0
DA:701,0
DA:703,0
DA:704,0
DA:705,0
DA:706,0
DA:707,0
DA:708,0
DA:709,0
DA:711,0
DA:727,0
DA:733,0
DA:734,0
DA:736,0
DA:737,0
DA:739,0
DA:740,0
DA:742,0
DA:744,0
DA:746,0
DA:747,0
DA:748,0
DA:750,0
DA:752,0
DA:755,0
DA:756,0
DA:757,0
DA:759,0
DA:760,0
DA:761,0
DA:763,0
DA:767,0
DA:768,0
DA:769,0
DA:770,0
DA:775,0
DA:776,0
DA:777,0
DA:779,0
DA:780,0
DA:783,0
DA:785,0
DA:786,0
DA:787,0
DA:791,0
DA:792,0
DA:793,0
DA:795,0
DA:796,0
DA:797,0
DA:803,0
DA:804,0
DA:807,0
DA:810,0
DA:813,0
DA:817,0
DA:822,0
DA:824,0
DA:827,0
DA:829,0
DA:830,0
DA:831,0
DA:832,0
DA:835,0
DA:836,0
DA:843,0
DA:844,0
DA:845,0
DA:846,0
DA:848,0
DA:849,0
DA:852,0
DA:854,0
DA:855,0
DA:856,0
DA:858,0
DA:859,0
DA:860,0
DA:862,0
DA:863,0
DA:868,0
DA:869,0
DA:870,0
DA:873,0
DA:875,0
DA:876,0
DA:877,0
DA:881,0
DA:882,0
DA:884,0
DA:887,0
DA:888,0
DA:891,0
DA:895,0
DA:898,0
DA:900,0
DA:903,0
DA:904,0
DA:905,0
DA:906,0
DA:912,0
DA:913,0
DA:914,0
DA:915,0
DA:918,0
DA:919,0
DA:920,0
DA:924,0
DA:926,0
DA:927,0
DA:928,0
DA:929,0
DA:930,0
DA:934,0
DA:935,0
DA:936,0
DA:938,0
DA:939,0
DA:940,0
DA:942,0
DA:943,0
DA:945,0
DA:946,0
DA:947,0
DA:950,0
DA:956,0
DA:957,0
DA:958,0
DA:960,0
DA:961,0
DA:962,0
DA:963,0
DA:965,0
DA:966,0
DA:967,0
DA:968,0
DA:969,0
DA:970,0
DA:972,0
DA:975,0
DA:976,0
DA:977,0
DA:978,0
DA:979,0
DA:982,0
DA:983,0
DA:986,0
DA:987,0
DA:988,0
DA:989,0
DA:990,0
DA:992,0
DA:995,0
DA:996,0
DA:999,0
DA:1000,0
DA:1004,0
DA:1005,0
DA:1007,0
DA:1008,0
DA:1009,0
DA:1010,0
DA:1011,0
DA:1012,0
DA:1013,0
DA:1014,0
DA:1015,0
DA:1017,0
DA:1018,0
DA:1019,0
DA:1020,0
DA:1021,0
DA:1024,0
DA:1025,0
DA:1029,0
DA:1030,0
DA:1031,0
DA:1032,0
DA:1034,0
DA:1038,0
DA:1039,0
DA:1040,0
DA:1041,0
DA:1050,0
DA:1052,0
DA:1055,0
DA:1061,0
DA:1074,0
DA:1075,0
DA:1078,0
DA:1079,0
DA:1081,0
DA:1082,0
DA:1085,0
DA:1086,0
DA:1088,0
DA:1089,0
DA:1096,0
DA:1097,0
DA:1099,0
DA:1100,0
DA:1101,0
DA:1108,0
DA:1109,0
DA:1110,0
DA:1114,0
DA:1116,0
DA:1117,0
DA:1119,0
DA:1122,0
DA:1123,0
DA:1128,0
DA:1129,0
DA:1131,0
DA:1132,0
DA:1134,0
DA:1138,0
DA:1144,0
DA:1145,0
DA:1146,0
DA:1150,0
DA:1151,0
DA:1152,0
DA:1156,0
DA:1157,0
DA:1158,0
DA:1162,0
DA:1163,0
DA:1164,0
DA:1168,0
DA:1169,0
DA:1170,0
DA:1174,0
DA:1178,0
DA:1179,0
DA:1180,0
DA:1186,0
DA:1187,0
DA:1188,0
DA:1189,0
DA:1191,0
DA:1193,0
DA:1195,0
DA:1200,0
DA:1202,0
DA:1203,0
DA:1205,0
DA:1208,0
DA:1209,0
DA:1210,0
DA:1211,0
DA:1212,0
DA:1213,0
DA:1214,0
DA:1215,0
DA:1218,0
DA:1220,0
DA:1221,0
DA:1224,0
DA:1226,0
DA:1228,0
DA:1229,0
DA:1230,0
DA:1231,0
DA:1232,0
DA:1233,0
DA:1234,0
DA:1235,0
DA:1238,0
DA:1239,0
DA:1240,0
DA:1241,0
DA:1242,0
DA:1243,0
DA:1244,0
DA:1245,0
DA:1246,0
DA:1250,0
DA:1257,0
DA:1258,0
DA:1261,0
DA:1264,0
DA:1265,0
DA:1266,0
DA:1267,0
DA:1268,0
DA:1269,0
DA:1274,0
DA:1276,0
DA:1277,0
DA:1278,0
DA:1281,0
DA:1282,0
DA:1285,0
DA:1287,0
DA:1288,0
DA:1289,0
DA:1290,0
DA:1291,0
DA:1292,0
DA:1293,0
DA:1294,0
DA:1297,0
DA:1298,0
DA:1299,0
DA:1300,0
DA:1302,0
DA:1303,0
DA:1305,0
DA:1308,0
DA:1310,0
DA:1311,0
DA:1312,0
DA:1313,0
DA:1314,0
DA:1315,0
DA:1322,0
DA:1323,0
DA:1324,0
DA:1325,0
DA:1326,0
DA:1330,0
DA:1337,0
DA:1339,0
DA:1340,0
DA:1341,0
DA:1342,0
DA:1343,0
DA:1345,0
DA:1346,0
DA:1351,0
DA:1352,0
DA:1353,0
DA:1354,0
DA:1355,0
DA:1356,0
DA:1357,0
DA:1358,0
DA:1361,0
DA:1362,0
DA:1363,0
DA:1364,0
DA:1365,0
DA:1366,0
DA:1367,0
DA:1368,0
DA:1369,0
DA:1373,0
DA:1376,0
DA:1378,0
DA:1379,0
DA:1380,0
DA:1382,0
DA:1383,0
DA:1386,0
DA:1389,0
DA:1390,0
DA:1391,0
DA:1392,0
DA:1393,0
DA:1394,0
DA:1395,0
DA:1396,0
DA:1399,0
DA:1400,0
DA:1401,0
DA:1402,0
DA:1403,0
DA:1404,0
DA:1405,0
DA:1406,0
DA:1407,0
DA:1411,0
DA:1418,0
DA:1419,0
DA:1420,0
DA:1421,0
DA:1424,0
DA:1425,0
DA:1426,0
DA:1427,0
DA:1428,0
DA:1429,0
DA:1430,0
DA:1431,0
DA:1434,0
DA:1435,0
DA:1436,0
DA:1437,0
DA:1438,0
DA:1439,0
DA:1440,0
DA:1441,0
DA:1442,0
DA:1445,0
DA:1446,0
DA:1448,0
DA:1449,0
DA:1450,0
DA:1451,0
DA:1452,0
DA:1453,0
DA:1459,0
DA:1469,0
DA:1470,0
DA:1472,0
DA:1474,0
DA:1477,0
DA:1478,0
DA:1479,0
DA:1480,0
DA:1481,0
DA:1484,0
DA:1485,0
DA:1486,0
DA:1487,0
DA:1488,0
DA:1489,0
DA:1490,0
DA:1491,0
DA:1494,0
DA:1495,0
DA:1496,0
DA:1497,0
DA:1501,0
DA:1502,0
DA:1505,0
DA:1506,0
DA:1509,0
DA:1512,0
DA:1515,0
DA:1524,0
DA:1527,0
DA:1529,0
DA:1532,0
DA:1533,0
DA:1535,0
DA:1536,0
DA:1539,0
DA:1540,0
DA:1541,0
DA:1542,0
DA:1543,0
DA:1544,0
DA:1545,0
DA:1546,0
DA:1549,0
DA:1550,0
DA:1551,0
DA:1552,0
DA:1553,0
DA:1554,0
DA:1555,0
DA:1556,0
DA:1557,0
DA:1560,0
DA:1562,0
DA:1563,0
DA:1564,0
DA:1565,0
DA:1566,0
DA:1567,0
DA:1574,0
DA:1583,0
DA:1585,0
DA:1587,0
DA:1588,0
DA:1589,0
DA:1591,0
DA:1593,0
DA:1594,0
DA:1595,0
DA:1596,0
DA:1597,0
DA:1598,0
DA:1602,0
DA:1603,0
DA:1606,0
DA:1607,0
DA:1612,0
DA:1614,0
DA:1615,0
DA:1616,0
DA:1617,0
DA:1618,0
DA:1622,0
DA:1623,0
DA:1624,0
DA:1625,0
DA:1626,0
DA:1627,0
DA:1628,0
DA:1629,0
DA:1630,0
DA:1634,0
DA:1637,0
DA:1639,0
DA:1640,0
DA:1641,0
DA:1642,0
DA:1644,0
DA:1646,0
DA:1658,0
DA:1664,0
DA:1666,0
DA:1667,0
DA:1668,0
DA:1669,0
DA:1671,0
DA:1676,0
DA:1678,0
DA:1683,0
DA:1690,0
DA:1692,0
DA:1693,0
DA:1694,0
DA:1695,0
DA:1696,0
DA:1698,0
DA:1704,0
DA:1705,0
DA:1706,0
DA:1710,0
DA:1711,0
DA:1712,0
DA:1716,0
DA:1719,0
DA:1720,0
DA:1721,0
DA:1722,0
DA:1724,0
DA:1725,0
DA:1727,0
DA:1728,0
DA:1729,0
DA:1730,0
DA:1731,0
DA:1732,0
DA:1733,0
DA:1734,0
DA:1735,0
DA:1736,0
DA:1737,0
DA:1740,0
DA:1741,0
DA:1744,0
DA:1745,0
DA:1746,0
DA:1747,0
DA:1748,0
DA:1749,0
DA:1750,0
DA:1751,0
DA:1754,0
DA:1755,0
DA:1756,0
DA:1757,0
DA:1758,0
DA:1759,0
DA:1760,0
DA:1761,0
DA:1762,0
DA:1765,0
DA:1766,0
DA:1767,0
DA:1768,0
DA:1769,0
DA:1770,0
DA:1771,0
DA:1772,0
DA:1775,0
DA:1780,0
DA:1788,0
DA:1790,0
DA:1792,0
DA:1793,0
DA:1794,0
DA:1795,0
DA:1796,0
DA:1798,0
DA:1799,0
DA:1802,0
DA:1803,0
DA:1805,0
DA:1807,0
DA:1808,0
DA:1811,0
DA:1813,0
DA:1816,0
DA:1817,0
DA:1818,0
DA:1819,0
DA:1824,0
DA:1825,0
DA:1826,0
DA:1827,0
DA:1829,0
DA:1831,0
DA:1832,0
DA:1833,0
DA:1838,0
DA:1841,0
DA:1842,0
DA:1843,0
DA:1844,0
DA:1846,0
DA:1847,0
DA:1850,0
DA:1851,0
DA:1853,0
DA:1855,0
DA:1856,0
DA:1858,0
DA:1867,0
DA:1873,0
DA:1874,0
DA:1878,0
DA:1888,0
DA:1892,0
DA:1893,0
DA:1897,0
DA:1898,0
DA:1899,0
DA:1900,0
DA:1901,0
DA:1904,0
DA:1905,0
DA:1908,0
DA:1909,0
DA:1910,0
DA:1911,0
DA:1912,0
DA:1913,0
DA:1914,0
DA:1915,0
DA:1918,0
DA:1919,0
DA:1920,0
DA:1921,0
DA:1922,0
DA:1923,0
DA:1925,0
DA:1929,0
DA:1931,0
DA:1932,0
DA:1933,0
DA:1934,0
DA:1935,0
DA:1936,0
DA:1943,0
DA:1955,0
DA:1959,0
DA:1960,0
DA:1962,0
DA:1963,0
DA:1964,0
DA:1965,0
DA:1967,0
DA:1968,0
end_of_record

SF:/home/giorgio/Documents/FuzzCademy/BootCamp/liquity/bold-fuzz/contracts/src/TroveNFT.sol
DA:14,0
DA:15,0
DA:19,0
DA:21,0
DA:23,0
DA:24,0
DA:27,0
DA:28,0
DA:29,0
DA:30,0
DA:33,0
DA:34,0
DA:36,0
DA:37,0
DA:38,0
DA:39,0
DA:40,0
DA:41,0
DA:42,0
DA:43,0
DA:44,0
DA:47,0
DA:50,0
DA:51,0
DA:52,0
DA:55,0
DA:56,0
DA:57,0
DA:60,0
DA:61,0
end_of_record

SF:/home/giorgio/Documents/FuzzCademy/BootCamp/liquity/bold-fuzz/contracts/src/Types/BatchId.sol
DA:9,0
DA:10,0
DA:14,0
DA:17,0
DA:18,0
DA:21,0
DA:22,0
end_of_record

SF:/home/giorgio/Documents/FuzzCademy/BootCamp/liquity/bold-fuzz/contracts/src/Types/LatestBatchData.sol
end_of_record

SF:/home/giorgio/Documents/FuzzCademy/BootCamp/liquity/bold-fuzz/contracts/src/Types/LatestTroveData.sol
end_of_record

SF:/home/giorgio/Documents/FuzzCademy/BootCamp/liquity/bold-fuzz/contracts/src/Types/TroveChange.sol
end_of_record

SF:/home/giorgio/Documents/FuzzCademy/BootCamp/liquity/bold-fuzz/contracts/src/Types/TroveId.sol
end_of_record

SF:/home/giorgio/Documents/FuzzCademy/BootCamp/liquity/bold-fuzz/contracts/src/Zappers/BaseZapper.sol
DA:16,0
DA:17,0
DA:18,0
DA:19,0
DA:21,0
DA:22,0
DA:25,0
DA:27,0
DA:28,0
DA:29,0
DA:30,0
DA:32,0
DA:33,0
DA:36,0
DA:42,0
DA:43,0
DA:46,0
DA:47,0
DA:50,0
DA:51,0
end_of_record

SF:/home/giorgio/Documents/FuzzCademy/BootCamp/liquity/bold-fuzz/contracts/src/Zappers/GasCompZapper.sol
DA:10,0
DA:13,0
DA:15,0
DA:16,0
DA:18,0
DA:19,0
DA:22,0
DA:24,0
DA:26,0
DA:29,0
DA:30,0
DA:31,0
DA:32,0
DA:37,0
DA:40,0
DA:42,0
DA:43,0
DA:44,0
DA:45,0
DA:46,0
DA:47,0
DA:48,0
DA:49,0
DA:50,0
DA:51,0
DA:52,0
DA:55,0
DA:56,0
DA:57,0
DA:59,0
DA:60,0
DA:61,0
DA:63,0
DA:64,0
DA:65,0
DA:66,0
DA:67,0
DA:68,0
DA:69,0
DA:70,0
DA:73,0
DA:77,0
DA:78,0
DA:81,0
DA:84,0
DA:85,0
DA:87,0
DA:90,0
DA:91,0
DA:92,0
DA:94,0
DA:97,0
DA:99,0
DA:102,0
DA:103,0
DA:104,0
DA:106,0
DA:109,0
DA:112,0
DA:113,0
DA:114,0
DA:116,0
DA:119,0
DA:122,0
DA:123,0
DA:124,0
DA:127,0
DA:128,0
DA:131,0
DA:133,0
DA:136,0
DA:139,0
DA:147,0
DA:148,0
DA:149,0
DA:150,0
DA:153,0
DA:156,0
DA:165,0
DA:166,0
DA:167,0
DA:168,0
DA:169,0
DA:172,0
DA:175,0
DA:182,0
DA:183,0
DA:184,0
DA:187,0
DA:190,0
DA:191,0
DA:195,0
DA:196,0
DA:199,0
DA:202,0
DA:211,0
DA:212,0
DA:216,0
DA:217,0
DA:221,0
DA:224,0
DA:225,0
DA:226,0
DA:229,0
DA:230,0
DA:232,0
DA:235,0
DA:238,0
DA:239,0
DA:240,0
DA:243,0
DA:244,0
DA:245,0
DA:246,0
DA:247,0
DA:250,0
DA:251,0
DA:252,0
DA:253,0
DA:256,0
DA:257,0
DA:261,0
DA:264,0
DA:268,0
DA:270,0
DA:274,0
DA:280,0
DA:283,0
DA:286,0
DA:289,0
DA:290,0
DA:291,0
DA:297,0
DA:301,0
DA:305,0
end_of_record

SF:/home/giorgio/Documents/FuzzCademy/BootCamp/liquity/bold-fuzz/contracts/src/Zappers/Interfaces/IExchange.sol
end_of_record

SF:/home/giorgio/Documents/FuzzCademy/BootCamp/liquity/bold-fuzz/contracts/src/Zappers/Interfaces/IExchangeHelpers.sol
end_of_record

SF:/home/giorgio/Documents/FuzzCademy/BootCamp/liquity/bold-fuzz/contracts/src/Zappers/Interfaces/IFlashLoanProvider.sol
end_of_record

SF:/home/giorgio/Documents/FuzzCademy/BootCamp/liquity/bold-fuzz/contracts/src/Zappers/Interfaces/IFlashLoanReceiver.sol
end_of_record

SF:/home/giorgio/Documents/FuzzCademy/BootCamp/liquity/bold-fuzz/contracts/src/Zappers/Interfaces/ILeverageZapper.sol
end_of_record

SF:/home/giorgio/Documents/FuzzCademy/BootCamp/liquity/bold-fuzz/contracts/src/Zappers/Interfaces/IZapper.sol
end_of_record

SF:/home/giorgio/Documents/FuzzCademy/BootCamp/liquity/bold-fuzz/contracts/src/Zappers/LeftoversSweep.sol
DA:10,0
DA:19,0
DA:24,0
DA:27,0
DA:33,0
DA:34,0
DA:35,0
DA:38,0
DA:39,0
DA:42,0
DA:43,0
DA:44,0
DA:46,0
DA:48,0
DA:51,0
DA:52,0
DA:53,0
DA:55,0
DA:56,0
DA:57,0
DA:58,0
end_of_record

SF:/home/giorgio/Documents/FuzzCademy/BootCamp/liquity/bold-fuzz/contracts/src/Zappers/LeverageLSTZapper.sol
DA:10,0
DA:13,0
DA:14,0
DA:18,0
DA:21,0
DA:22,0
DA:23,0
DA:24,0
DA:29,0
DA:30,0
DA:33,0
DA:36,0
DA:39,0
DA:40,0
DA:44,0
DA:48,0
DA:52,0
DA:54,0
DA:58,0
DA:59,0
DA:60,0
DA:61,0
DA:62,0
DA:63,0
DA:64,0
DA:65,0
DA:66,0
DA:67,0
DA:68,0
DA:71,0
DA:72,0
DA:73,0
DA:75,0
DA:76,0
DA:77,0
DA:79,0
DA:80,0
DA:81,0
DA:82,0
DA:83,0
DA:84,0
DA:85,0
DA:86,0
DA:89,0
DA:93,0
DA:94,0
DA:98,0
DA:99,0
DA:102,0
DA:105,0
DA:108,0
DA:109,0
DA:110,0
DA:113,0
DA:114,0
DA:117,0
DA:118,0
DA:122,0
DA:126,0
DA:130,0
DA:134,0
DA:135,0
DA:137,0
DA:138,0
DA:140,0
DA:147,0
DA:150,0
DA:153,0
DA:154,0
DA:155,0
DA:158,0
DA:159,0
DA:162,0
DA:163,0
DA:171,0
DA:174,0
DA:175,0
DA:181,0
DA:184,0
DA:185,0
DA:186,0
DA:194,0
DA:198,0
DA:199,0
end_of_record

SF:/home/giorgio/Documents/FuzzCademy/BootCamp/liquity/bold-fuzz/contracts/src/Zappers/LeverageWETHZapper.sol
DA:11,0
DA:12,0
DA:13,0
DA:17,0
DA:20,0
DA:21,0
DA:22,0
DA:23,0
DA:28,0
DA:29,0
DA:32,0
DA:35,0
DA:36,0
DA:40,0
DA:44,0
DA:47,0
DA:48,0
DA:50,0
DA:53,0
DA:55,0
DA:56,0
DA:57,0
DA:58,0
DA:59,0
DA:60,0
DA:61,0
DA:62,0
DA:63,0
DA:64,0
DA:67,0
DA:68,0
DA:69,0
DA:71,0
DA:72,0
DA:73,0
DA:75,0
DA:76,0
DA:77,0
DA:78,0
DA:79,0
DA:80,0
DA:81,0
DA:82,0
DA:85,0
DA:89,0
DA:90,0
DA:94,0
DA:95,0
DA:98,0
DA:101,0
DA:105,0
DA:106,0
DA:107,0
DA:110,0
DA:111,0
DA:114,0
DA:115,0
DA:119,0
DA:123,0
DA:127,0
DA:131,0
DA:132,0
DA:134,0
DA:135,0
DA:137,0
DA:144,0
DA:147,0
DA:150,0
DA:151,0
DA:152,0
DA:155,0
DA:156,0
DA:159,0
DA:160,0
DA:168,0
DA:172,0
DA:178,0
DA:181,0
DA:182,0
DA:183,0
DA:191,0
DA:195,0
DA:196,0
end_of_record

SF:/home/giorgio/Documents/FuzzCademy/BootCamp/liquity/bold-fuzz/contracts/src/Zappers/Modules/Exchanges/Curve/ICurveFactory.sol
end_of_record

SF:/home/giorgio/Documents/FuzzCademy/BootCamp/liquity/bold-fuzz/contracts/src/Zappers/Modules/Exchanges/Curve/ICurvePool.sol
end_of_record

SF:/home/giorgio/Documents/FuzzCademy/BootCamp/liquity/bold-fuzz/contracts/src/Zappers/Modules/Exchanges/Curve/ICurveStableswapNGFactory.sol
end_of_record

SF:/home/giorgio/Documents/FuzzCademy/BootCamp/liquity/bold-fuzz/contracts/src/Zappers/Modules/Exchanges/Curve/ICurveStableswapNGPool.sol
end_of_record

SF:/home/giorgio/Documents/FuzzCademy/BootCamp/liquity/bold-fuzz/contracts/src/Zappers/Modules/Exchanges/CurveExchange.sol
DA:11,0
DA:14,0
DA:15,0
DA:16,0
DA:17,0
DA:18,0
DA:20,0
DA:27,0
DA:28,0
DA:29,0
DA:30,0
DA:31,0
DA:34,0
DA:35,0
DA:36,0
DA:37,0
DA:38,0
DA:40,0
DA:41,0
DA:43,0
DA:44,0
DA:45,0
DA:49,0
DA:50,0
DA:51,0
DA:52,0
DA:53,0
DA:55,0
DA:56,0
DA:58,0
DA:59,0
DA:60,0
DA:63,0
end_of_record

SF:/home/giorgio/Documents/FuzzCademy/BootCamp/liquity/bold-fuzz/contracts/src/Zappers/Modules/Exchanges/HybridCurveUniV3Exchange.sol
DA:19,0
DA:23,0
DA:24,0
DA:25,0
DA:26,0
DA:29,0
DA:30,0
DA:31,0
DA:34,0
DA:35,0
DA:36,0
DA:38,0
DA:52,0
DA:53,0
DA:54,0
DA:55,0
DA:58,0
DA:59,0
DA:60,0
DA:63,0
DA:64,0
DA:65,0
DA:69,0
DA:70,0
DA:71,0
DA:74,0
DA:75,0
DA:77,0
DA:80,0
DA:83,0
DA:84,0
DA:85,0
DA:87,0
DA:90,0
DA:92,0
DA:93,0
DA:99,0
DA:102,0
DA:106,0
DA:107,0
DA:108,0
DA:111,0
DA:112,0
DA:115,0
DA:116,0
DA:117,0
DA:119,0
DA:122,0
DA:124,0
DA:125,0
DA:131,0
DA:134,0
DA:136,0
DA:137,0
DA:138,0
DA:141,0
DA:143,0
DA:146,0
DA:147,0
DA:148,0
DA:149,0
DA:150,0
DA:151,0
DA:153,0
end_of_record

SF:/home/giorgio/Documents/FuzzCademy/BootCamp/liquity/bold-fuzz/contracts/src/Zappers/Modules/Exchanges/HybridCurveUniV3ExchangeHelpers.sol
DA:13,0
DA:14,0
DA:18,0
DA:19,0
DA:22,0
DA:23,0
DA:24,0
DA:27,0
DA:28,0
DA:29,0
DA:49,0
DA:61,0
DA:62,0
DA:65,0
DA:66,0
DA:67,0
DA:70,0
DA:71,0
DA:72,0
DA:75,0
DA:77,0
DA:80,0
DA:83,0
DA:84,0
DA:85,0
DA:87,0
DA:90,0
DA:92,0
DA:93,0
DA:96,0
end_of_record

SF:/home/giorgio/Documents/FuzzCademy/BootCamp/liquity/bold-fuzz/contracts/src/Zappers/Modules/Exchanges/UniV3Exchange.sol
DA:15,0
DA:18,0
DA:19,0
DA:20,0
DA:21,0
DA:23,0
DA:24,0
DA:25,0
DA:26,0
DA:27,0
DA:30,0
DA:31,0
DA:34,0
DA:35,0
DA:37,0
DA:38,0
DA:40,0
DA:41,0
DA:42,0
DA:43,0
DA:44,0
DA:45,0
DA:51,0
DA:54,0
DA:57,0
DA:58,0
DA:61,0
DA:62,0
DA:64,0
DA:65,0
DA:67,0
DA:68,0
DA:69,0
DA:70,0
DA:71,0
DA:72,0
DA:78,0
DA:81,0
DA:83,0
DA:86,0
DA:88,0
DA:89,0
DA:94,0
end_of_record

SF:/home/giorgio/Documents/FuzzCademy/BootCamp/liquity/bold-fuzz/contracts/src/Zappers/Modules/Exchanges/UniswapV3/INonfungiblePositionManager.sol
end_of_record

SF:/home/giorgio/Documents/FuzzCademy/BootCamp/liquity/bold-fuzz/contracts/src/Zappers/Modules/Exchanges/UniswapV3/IPoolInitializer.sol
end_of_record

SF:/home/giorgio/Documents/FuzzCademy/BootCamp/liquity/bold-fuzz/contracts/src/Zappers/Modules/Exchanges/UniswapV3/IQuoterV2.sol
end_of_record

SF:/home/giorgio/Documents/FuzzCademy/BootCamp/liquity/bold-fuzz/contracts/src/Zappers/Modules/Exchanges/UniswapV3/ISwapRouter.sol
end_of_record

SF:/home/giorgio/Documents/FuzzCademy/BootCamp/liquity/bold-fuzz/contracts/src/Zappers/Modules/Exchanges/UniswapV3/IUniswapV3Factory.sol
end_of_record

SF:/home/giorgio/Documents/FuzzCademy/BootCamp/liquity/bold-fuzz/contracts/src/Zappers/Modules/Exchanges/UniswapV3/IUniswapV3Pool.sol
end_of_record

SF:/home/giorgio/Documents/FuzzCademy/BootCamp/liquity/bold-fuzz/contracts/src/Zappers/Modules/Exchanges/UniswapV3/UniPriceConverter.sol
DA:9,0
DA:10,0
DA:12,0
DA:14,0
DA:16,0
DA:20,0
DA:22,0
DA:24,0
DA:26,0
DA:28,0
end_of_record

SF:/home/giorgio/Documents/FuzzCademy/BootCamp/liquity/bold-fuzz/contracts/src/Zappers/Modules/FlashLoans/Balancer/vault/IFlashLoanRecipient.sol
end_of_record

SF:/home/giorgio/Documents/FuzzCademy/BootCamp/liquity/bold-fuzz/contracts/src/Zappers/Modules/FlashLoans/Balancer/vault/IVault.sol
end_of_record

SF:/home/giorgio/Documents/FuzzCademy/BootCamp/liquity/bold-fuzz/contracts/src/Zappers/Modules/FlashLoans/BalancerFlashLoan.sol
DA:13,0
DA:16,0
DA:17,0
DA:19,0
DA:20,0
DA:21,0
DA:22,0
DA:23,0
DA:26,0
DA:27,0
DA:28,0
DA:29,0
DA:30,0
DA:31,0
DA:32,0
DA:33,0
DA:34,0
DA:35,0
DA:36,0
DA:37,0
DA:38,0
DA:39,0
DA:40,0
DA:41,0
DA:43,0
DA:47,0
DA:49,0
DA:52,0
DA:57,0
DA:58,0
DA:59,0
DA:64,0
DA:65,0
DA:68,0
DA:70,0
DA:73,0
DA:74,0
DA:76,0
DA:78,0
DA:80,0
DA:81,0
DA:84,0
DA:85,0
DA:87,0
DA:89,0
DA:91,0
DA:92,0
DA:95,0
DA:96,0
DA:98,0
DA:100,0
DA:102,0
DA:103,0
DA:106,0
DA:108,0
DA:110,0
DA:112,0
DA:118,0
end_of_record

SF:/home/giorgio/Documents/FuzzCademy/BootCamp/liquity/bold-fuzz/contracts/src/Zappers/WETHZapper.sol
DA:8,0
DA:9,0
DA:10,0
DA:12,0
DA:15,0
DA:17,0
DA:20,0
DA:21,0
DA:22,0
DA:23,0
DA:28,0
DA:30,0
DA:31,0
DA:32,0
DA:33,0
DA:34,0
DA:35,0
DA:36,0
DA:37,0
DA:38,0
DA:39,0
DA:40,0
DA:43,0
DA:44,0
DA:45,0
DA:47,0
DA:48,0
DA:49,0
DA:51,0
DA:52,0
DA:53,0
DA:54,0
DA:55,0
DA:56,0
DA:57,0
DA:58,0
DA:61,0
DA:65,0
DA:66,0
DA:69,0
DA:72,0
DA:73,0
DA:75,0
DA:78,0
DA:79,0
DA:80,0
DA:82,0
DA:84,0
DA:87,0
DA:88,0
DA:89,0
DA:91,0
DA:94,0
DA:95,0
DA:99,0
DA:100,0
DA:101,0
DA:103,0
DA:106,0
DA:109,0
DA:110,0
DA:111,0
DA:114,0
DA:115,0
DA:118,0
DA:120,0
DA:123,0
DA:126,0
DA:133,0
DA:134,0
DA:135,0
DA:136,0
DA:137,0
DA:140,0
DA:143,0
DA:152,0
DA:153,0
DA:154,0
DA:155,0
DA:156,0
DA:159,0
DA:162,0
DA:169,0
DA:170,0
DA:171,0
DA:173,0
DA:176,0
DA:177,0
DA:180,0
DA:183,0
DA:184,0
DA:188,0
DA:189,0
DA:192,0
DA:195,0
DA:202,0
DA:204,0
DA:205,0
DA:209,0
DA:210,0
DA:211,0
DA:216,0
DA:217,0
DA:218,0
DA:219,0
DA:222,0
DA:223,0
DA:226,0
DA:227,0
DA:228,0
DA:231,0
DA:232,0
DA:234,0
DA:236,0
DA:237,0
DA:238,0
DA:241,0
DA:242,0
DA:243,0
DA:244,0
DA:245,0
DA:248,0
DA:249,0
DA:250,0
DA:251,0
DA:254,0
DA:255,0
DA:259,0
DA:262,0
DA:266,0
DA:268,0
DA:272,0
DA:278,0
DA:281,0
DA:284,0
DA:285,0
DA:286,0
DA:293,0
DA:297,0
DA:301,0
end_of_record

SF:/home/giorgio/Documents/FuzzCademy/BootCamp/liquity/bold-fuzz/contracts/test/recon/BeforeAfter.sol
end_of_record

SF:/home/giorgio/Documents/FuzzCademy/BootCamp/liquity/bold-fuzz/contracts/test/recon/CryticTester.sol
DA:11,529
DA:13,2
end_of_record

SF:/home/giorgio/Documents/FuzzCademy/BootCamp/liquity/bold-fuzz/contracts/test/recon/CryticToFoundry.sol
DA:11,0
DA:12,0
DA:13,0
DA:16,0
DA:17,0
DA:18,0
DA:19,0
DA:20,0
DA:22,0
DA:23,0
DA:24,0
DA:25,0
DA:26,0
DA:27,0
DA:28,0
DA:30,0
DA:32,0
DA:33,0
DA:34,0
DA:35,0
DA:36,0
DA:37,0
end_of_record

SF:/home/giorgio/Documents/FuzzCademy/BootCamp/liquity/bold-fuzz/contracts/test/recon/Deployer.sol
DA:71,11
DA:78,0
DA:80,36
DA:81,36
DA:82,36
DA:83,36
DA:87,21
DA:88,29
DA:95,0
DA:96,35
DA:97,0
DA:99,0
DA:100,0
DA:101,0
DA:102,0
DA:103,0
DA:104,0
DA:105,0
DA:106,0
DA:107,0
DA:108,0
DA:109,0
DA:110,0
DA:111,0
DA:112,0
DA:113,0
DA:114,0
DA:115,0
DA:116,0
DA:117,0
DA:119,0
DA:121,0
DA:123,0
DA:125,0
DA:126,0
DA:127,0
DA:128,0
DA:129,0
DA:130,0
DA:131,0
DA:132,0
DA:133,0
DA:134,0
DA:135,0
DA:136,0
DA:137,0
DA:138,0
DA:139,0
DA:140,0
DA:141,0
DA:143,0
DA:144,0
DA:146,0
end_of_record

SF:/home/giorgio/Documents/FuzzCademy/BootCamp/liquity/bold-fuzz/contracts/test/recon/PredeployCalculator.sol
DA:6,0
DA:7,34
DA:8,24
DA:9,3
DA:11,33
DA:12,32
DA:13,32
DA:14,32
DA:15,32
DA:16,32
DA:17,32
DA:18,32
DA:19,32
DA:20,32
DA:21,32
DA:22,32
DA:23,32
DA:24,32
DA:25,32
DA:26,31
DA:29,1
DA:31,29
end_of_record

SF:/home/giorgio/Documents/FuzzCademy/BootCamp/liquity/bold-fuzz/contracts/test/recon/Properties.sol
end_of_record

SF:/home/giorgio/Documents/FuzzCademy/BootCamp/liquity/bold-fuzz/contracts/test/recon/Setup.sol
DA:33,11
DA:34,9
DA:35,9
DA:36,9
DA:37,10
DA:48,1
DA:49,31
DA:50,25
DA:51,24
DA:52,24
DA:53,23
end_of_record

SF:/home/giorgio/Documents/FuzzCademy/BootCamp/liquity/bold-fuzz/contracts/test/recon/TargetFunctions.sol
DA:33,11
DA:40,6
DA:41,13
DA:42,9
DA:43,7
DA:44,0
DA:53,11
DA:60,36
end_of_record

SF:/home/giorgio/Documents/FuzzCademy/BootCamp/liquity/bold-fuzz/contracts/test/recon/managers/Helpers.sol
DA:8,2
DA:9,2
DA:11,5
DA:12,30
DA:15,1
DA:17,2
DA:20,60
DA:21,0
DA:23,0
DA:24,0
DA:25,0
DA:29,13
DA:35,7
DA:36,13
DA:37,13
DA:38,13
DA:39,7
DA:40,10
DA:41,8
DA:42,7
DA:43,19
end_of_record

SF:/home/giorgio/Documents/FuzzCademy/BootCamp/liquity/bold-fuzz/contracts/test/recon/managers/Manager.sol
DA:14,11
DA:15,39
DA:16,0
DA:19,11
DA:20,39
DA:21,0
DA:24,12
DA:25,42
DA:28,11
DA:29,7
DA:30,0
DA:33,11
DA:34,7
DA:35,0
DA:38,11
DA:39,7
DA:40,0
DA:43,11
DA:44,66
DA:45,0
DA:48,9
DA:49,2
DA:52,5
DA:53,23
DA:56,5
DA:57,65
DA:58,0
DA:59,0
DA:60,0
DA:61,0
DA:62,0
end_of_record

SF:/home/giorgio/Documents/FuzzCademy/BootCamp/liquity/bold-fuzz/contracts/test/recon/managers/Modifiers.sol
DA:16,34
DA:17,35
DA:27,44
DA:37,80
end_of_record

SF:/home/giorgio/Documents/FuzzCademy/BootCamp/liquity/bold-fuzz/contracts/test/recon/mocks/ERC20.sol
DA:9,19
DA:10,0
DA:11,0
end_of_record

SF:/home/giorgio/Documents/FuzzCademy/BootCamp/liquity/bold-fuzz/contracts/test/recon/mocks/IERC20.sol
end_of_record

SF:/home/giorgio/Documents/FuzzCademy/BootCamp/liquity/bold-fuzz/contracts/test/recon/mocks/MockPriceFeed.sol
DA:6,0
DA:7,0
DA:19,0
DA:20,0
DA:21,0
DA:22,0
DA:23,0
DA:26,0
DA:27,0
DA:30,0
DA:31,0
DA:34,0
DA:35,0
DA:38,0
DA:39,0
DA:43,0
DA:44,0
DA:45,0
DA:48,0
DA:49,0
DA:50,0
DA:53,0
DA:54,0
DA:55,0
DA:58,0
DA:59,0
DA:60,0
end_of_record

SF:/home/giorgio/Documents/FuzzCademy/BootCamp/liquity/bold-fuzz/contracts/test/recon/mocks/WETH.sol
DA:7,19
DA:12,0
DA:13,0
DA:15,0
DA:18,0
DA:19,0
DA:21,0
DA:23,0
DA:26,0
DA:27,0
DA:31,0
end_of_record

SF:/home/giorgio/Documents/FuzzCademy/BootCamp/liquity/bold-fuzz/contracts/test/recon/targets/SPTarget.sol
DA:9,11
DA:10,16
DA:13,11
DA:14,16
DA:17,5
DA:18,43
end_of_record

SF:/home/giorgio/Documents/FuzzCademy/BootCamp/liquity/bold-fuzz/contracts/test/recon/targets/boldToken/BoldTokenTarget.sol
DA:10,11
DA:16,36
DA:19,0
DA:22,11
DA:23,16
end_of_record

SF:/home/giorgio/Documents/FuzzCademy/BootCamp/liquity/bold-fuzz/contracts/test/recon/targets/borrowerOperations/BOClamped.sol
DA:14,11
DA:16,1
DA:18,7
DA:19,61
DA:20,0
DA:21,0
DA:22,0
DA:23,0
DA:27,11
DA:28,1
DA:29,5
DA:30,0
DA:35,11
DA:36,7
DA:37,2
DA:38,60
DA:39,0
DA:43,11
DA:50,7
DA:51,7
DA:52,11
DA:53,4
DA:56,3
DA:57,2
DA:61,11
DA:68,7
DA:69,7
DA:70,7
DA:72,10
DA:73,4
DA:75,9
DA:76,1
DA:80,4
DA:82,2
DA:87,11
DA:88,5
DA:89,0
DA:93,5
DA:94,7
DA:97,11
DA:104,3
DA:105,9
DA:109,5
DA:110,7
DA:111,0
DA:115,5
DA:116,6
DA:117,0
DA:121,5
DA:122,6
DA:123,0
DA:124,0
DA:127,11
DA:128,6
DA:129,0
DA:130,0
DA:131,0
DA:134,11
DA:141,6
DA:142,0
DA:143,0
DA:144,0
DA:145,0
DA:146,0
DA:150,5
DA:151,6
DA:152,0
DA:153,0
DA:154,0
DA:155,0
DA:156,0
DA:160,5
DA:161,5
DA:162,0
DA:163,0
DA:164,0
DA:165,0
DA:166,0
end_of_record

SF:/home/giorgio/Documents/FuzzCademy/BootCamp/liquity/bold-fuzz/contracts/test/recon/targets/borrowerOperations/BOHelpers.sol
DA:8,3
DA:13,3
DA:14,9
DA:15,3
DA:18,12
DA:19,6
DA:20,1
DA:21,2
DA:22,17
DA:23,16
DA:24,6
DA:27,3
DA:28,16
DA:29,15
DA:30,1
DA:33,11
DA:34,0
DA:35,57
DA:36,0
DA:37,0
DA:38,0
DA:40,0
end_of_record

SF:/home/giorgio/Documents/FuzzCademy/BootCamp/liquity/bold-fuzz/contracts/test/recon/targets/borrowerOperations/borrowerOperationsRaw/BORaw.sol
DA:11,11
DA:12,20
DA:15,11
DA:22,35
DA:23,2
DA:27,11
DA:28,19
DA:31,11
DA:41,16
DA:53,11
DA:54,16
DA:57,5
DA:58,43
DA:61,5
DA:62,18
DA:65,11
DA:66,16
DA:69,11
DA:70,16
DA:73,11
DA:75,4
DA:77,58
DA:78,0
DA:79,0
DA:93,11
DA:95,2
DA:96,63
DA:97,0
DA:98,0
DA:99,0
DA:102,11
DA:109,16
DA:114,11
DA:120,18
DA:123,5
DA:124,39
DA:127,11
DA:128,20
DA:131,11
DA:132,18
DA:135,11
DA:141,36
DA:146,11
DA:152,16
DA:153,2
DA:157,11
DA:167,36
DA:168,2
DA:180,11
DA:181,16
DA:184,11
DA:185,16
DA:188,6
DA:189,57
DA:193,5
DA:194,43
DA:198,11
DA:206,36
DA:207,2
DA:217,11
DA:218,16
DA:221,11
DA:222,36
end_of_record

SF:/home/giorgio/Documents/FuzzCademy/BootCamp/liquity/bold-fuzz/contracts/test/recon/targets/priceFeed/PriceFeedTarget.sol
DA:9,7
DA:10,65
DA:13,5
DA:14,37
DA:17,11
DA:18,16
DA:21,11
DA:22,36
DA:29,11
DA:30,16
DA:33,11
DA:34,16
end_of_record

SF:/home/giorgio/Documents/FuzzCademy/BootCamp/liquity/bold-fuzz/contracts/test/recon/targets/troveManager/TM_Clamped.sol
DA:11,7
DA:12,4
DA:13,1
DA:21,3
DA:22,11
DA:23,0
DA:24,0
DA:26,0
DA:28,0
DA:29,0
DA:30,0
DA:32,0
end_of_record

SF:/home/giorgio/Documents/FuzzCademy/BootCamp/liquity/bold-fuzz/contracts/test/recon/targets/troveManager/TM_Raw/TM_Raw.sol
DA:11,11
DA:12,20
DA:15,11
DA:16,24
DA:19,5
DA:20,66
end_of_record

